batchvision.cpp > ..\backend\batchvision.cpp
batchvision.h > ..\backend\batchvision.h
dbconvert.cpp > ..\backend\dbconvert.cpp
DSC_Descriptor.h > ..\backend\DSC_Descriptor.h
DSC_Pointer.h > ..\backend\DSC_Pointer.h
DSC_Scalar.h > ..\backend\DSC_Scalar.h
DSC_Store.h > ..\backend\DSC_Store.h
iom.cpp > ..\backend\iom.cpp
IOMDriver.cpp > ..\backend\IOMDriver.cpp
IOMDriver.h > ..\backend\IOMDriver.h
IOMFile.cpp > ..\backend\IOMFile.cpp
IOMFile.h > ..\backend\IOMFile.h
iom.h > ..\backend\iom.h
IOMHandle.h > ..\backend\IOMHandle.h
IOMService.cpp > ..\backend\IOMService.cpp
IOMService.h > ..\backend\IOMService.h
IOMStream.cpp > ..\backend\IOMStream.cpp
IOMStream.h > ..\backend\IOMStream.h
lio.cpp > ..\backend\lio.cpp
lio.h > ..\backend\lio.h
M_AND.cpp > ..\backend\M_AND.cpp
M_AND.h > ..\backend\M_AND.h
M_ASD.cpp > ..\backend\M_ASD.cpp
M_ASD.h > ..\backend\M_ASD.h
M_CPD.cpp > ..\backend\M_CPD.cpp
M_CPD.h > ..\backend\M_CPD.h
m.cpp > ..\backend\m.cpp
m.h > ..\backend\m.h
M_KnownObjectTable.cpp > ..\backend\M_KnownObjectTable.cpp
M_KnownObjectTable.h > ..\backend\M_KnownObjectTable.h
M_RTD.h > ..\backend\M_RTD.h
PFalist.cpp > ..\backend\PFalist.cpp
PFalist.h > ..\backend\PFalist.h
PFdate.cpp > ..\backend\PFdate.cpp
PFdate.h > ..\backend\PFdate.h
PFdebug.cpp > ..\backend\PFdebug.cpp
PFdebug.h > ..\backend\PFdebug.h
PFdictionary.cpp > ..\backend\PFdictionary.cpp
PFdictionary.h > ..\backend\PFdictionary.h
PFfault.cpp > ..\backend\PFfault.cpp
PFfault.h > ..\backend\PFfault.h
PFidentity.cpp > ..\backend\PFidentity.cpp
PFidentity.h > ..\backend\PFidentity.h
PFlist.cpp > ..\backend\PFlist.cpp
PFlist.h > ..\backend\PFlist.h
PFnumeric.cpp > ..\backend\PFnumeric.cpp
PFnumeric.h > ..\backend\PFnumeric.h
PFprint.cpp > ..\backend\PFprint.cpp
PFprint.h > ..\backend\PFprint.h
PFrun.cpp > ..\backend\PFrun.cpp
PFrun.h > ..\backend\PFrun.h
PFstats.cpp > ..\backend\PFstats.cpp
PFstats.h > ..\backend\PFstats.h
PFstring.cpp > ..\backend\PFstring.cpp
PFstring.h > ..\backend\PFstring.h
PFts.cpp > ..\backend\PFts.cpp
PFts.h > ..\backend\PFts.h
PFutil.cpp > ..\backend\PFutil.cpp
PFutil.h > ..\backend\PFutil.h
popvector.cpp > ..\backend\popvector.cpp
popvector.h > ..\backend\popvector.h
PS_AND.cpp > ..\backend\PS_AND.cpp
PS_AND.h > ..\backend\PS_AND.h
PS_ASD.cpp > ..\backend\PS_ASD.cpp
PS_ASD.h > ..\backend\PS_ASD.h
ps.cpp > ..\backend\ps.cpp
ps.h > ..\backend\ps.h
rslang.cpp > ..\backend\rslang.cpp
rslang.h > ..\backend\rslang.h
rslang.l > ..\backend\rslang.l
rslang.lo > ..\backend\rslang.lo
rslang.y > ..\backend\rslang.y
rslang.yo > ..\backend\rslang.yo
RTblock.cpp > ..\backend\RTblock.cpp
RTblock.h > ..\backend\RTblock.h
RTcharuv.cpp > ..\backend\RTcharuv.cpp
RTcharuv.h > ..\backend\RTcharuv.h
RTclosure.cpp > ..\backend\RTclosure.cpp
RTclosure.h > ..\backend\RTclosure.h
RTcontext.cpp > ..\backend\RTcontext.cpp
RTcontext.h > ..\backend\RTcontext.h
RTdictionary.cpp > ..\backend\RTdictionary.cpp
RTdictionary.h > ..\backend\RTdictionary.h
RTdoubleuv.cpp > ..\backend\RTdoubleuv.cpp
RTdoubleuv.h > ..\backend\RTdoubleuv.h
RTdsc.cpp > ..\backend\RTdsc.cpp
RTdsc.h > ..\backend\RTdsc.h
RTfloatuv.cpp > ..\backend\RTfloatuv.cpp
RTfloatuv.h > ..\backend\RTfloatuv.h
RTindex.cpp > ..\backend\RTindex.cpp
RTindex.h > ..\backend\RTindex.h
RTintuv.cpp > ..\backend\RTintuv.cpp
RTintuv.h > ..\backend\RTintuv.h
RTlink.cpp > ..\backend\RTlink.cpp
RTlink.h > ..\backend\RTlink.h
RTlstore.cpp > ..\backend\RTlstore.cpp
RTlstore.h > ..\backend\RTlstore.h
RTmethod.cpp > ..\backend\RTmethod.cpp
RTmethod.h > ..\backend\RTmethod.h
RTparray.cpp > ..\backend\RTparray.cpp
RTparray.h > ..\backend\RTparray.h
RTpct.cpp > ..\backend\RTpct.cpp
RTpct.h > ..\backend\RTpct.h
RTptoken.cpp > ..\backend\RTptoken.cpp
RTptoken.h > ..\backend\RTptoken.h
RTrefuv.cpp > ..\backend\RTrefuv.cpp
RTrefuv.h > ..\backend\RTrefuv.h
RTseluv.cpp > ..\backend\RTseluv.cpp
RTseluv.h > ..\backend\RTseluv.h
RTstring.cpp > ..\backend\RTstring.cpp
RTstring.h > ..\backend\RTstring.h
RTtct.cpp > ..\backend\RTtct.cpp
RTtct.h > ..\backend\RTtct.h
RTu128uv.cpp > ..\backend\RTu128uv.cpp
RTu128uv.h > ..\backend\RTu128uv.h
RTu64uv.cpp > ..\backend\RTu64uv.cpp
RTu64uv.h > ..\backend\RTu64uv.h
RTu96uv.cpp > ..\backend\RTu96uv.cpp
RTu96uv.h > ..\backend\RTu96uv.h
RTundef.cpp > ..\backend\RTundef.cpp
RTundef.h > ..\backend\RTundef.h
RTundefuv.cpp > ..\backend\RTundefuv.cpp
RTundefuv.h > ..\backend\RTundefuv.h
RTvector.cpp > ..\backend\RTvector.cpp
RTvector.h > ..\backend\RTvector.h
RTvstore.cpp > ..\backend\RTvstore.cpp
RTvstore.h > ..\backend\RTvstore.h
rtype.cpp > ..\backend\rtype.cpp
rtype.h > ..\backend\rtype.h
selector.cpp > ..\backend\selector.cpp
selector.d > ..\backend\selector.d
selector.h > ..\backend\selector.h
selector.i > ..\backend\selector.i
showsizes.cpp > ..\backend\showsizes.cpp
ts.cpp > ..\backend\ts.cpp
ts.h > ..\backend\ts.h
uvector.cpp > ..\backend\uvector.cpp
uvector.h > ..\backend\uvector.h
VArrayOf.h > ..\backend\VArrayOf.h
VArrayOf.i > ..\backend\VArrayOf.i
VAssociativeCursor.cpp > ..\backend\VAssociativeCursor.cpp
VAssociativeCursor.h > ..\backend\VAssociativeCursor.h
VAssociativeCursor.i > ..\backend\VAssociativeCursor.i
VAssociativeResult.cpp > ..\backend\VAssociativeResult.cpp
VAssociativeResult.h > ..\backend\VAssociativeResult.h
VBenderenceable.cpp > ..\backend\VBenderenceable.cpp
VBenderenceable.h > ..\backend\VBenderenceable.h
VBlockTask.cpp > ..\backend\VBlockTask.cpp
VBlockTask.h > ..\backend\VBlockTask.h
VBoundCall.cpp > ..\backend\VBoundCall.cpp
VBoundCall.h > ..\backend\VBoundCall.h
VByteCodeDescriptor.cpp > ..\backend\VByteCodeDescriptor.cpp
VByteCodeDescriptor.h > ..\backend\VByteCodeDescriptor.h
VByteCodeScanner.cpp > ..\backend\VByteCodeScanner.cpp
VByteCodeScanner.h > ..\backend\VByteCodeScanner.h
VCachedArray.cpp > ..\backend\VCachedArray.cpp
VCachedArray.h > ..\backend\VCachedArray.h
VCall.cpp > ..\backend\VCall.cpp
VCall.h > ..\backend\VCall.h
VChannelController.cpp > ..\backend\VChannelController.cpp
VChannelController.h > ..\backend\VChannelController.h
VCodeDescriptor.cpp > ..\backend\VCodeDescriptor.cpp
VCodeDescriptor.h > ..\backend\VCodeDescriptor.h
VCodeTable.cpp > ..\backend\VCodeTable.cpp
VCodeTable.h > ..\backend\VCodeTable.h
VCodeTable.i > ..\backend\VCodeTable.i
VCollection.cpp > ..\backend\VCollection.cpp
VCollection.h > ..\backend\VCollection.h
VCollectionOf.cpp > ..\backend\VCollectionOf.cpp
VCollectionOf.h > ..\backend\VCollectionOf.h
VCollectionOf.i > ..\backend\VCollectionOf.i
VCollectionOfOrderables.cpp > ..\backend\VCollectionOfOrderables.cpp
VCollectionOfOrderables.h > ..\backend\VCollectionOfOrderables.h
VCollectionOfStrings.cpp > ..\backend\VCollectionOfStrings.cpp
VCollectionOfStrings.h > ..\backend\VCollectionOfStrings.h
VComputationList.h > ..\backend\VComputationList.h
VComputationScheduler.cpp > ..\backend\VComputationScheduler.cpp
VComputationScheduler.h > ..\backend\VComputationScheduler.h
VComputationTrigger.h > ..\backend\VComputationTrigger.h
VComputationUnit.cpp > ..\backend\VComputationUnit.cpp
VComputationUnit.h > ..\backend\VComputationUnit.h
VConstructor.cpp > ..\backend\VConstructor.cpp
VConstructor.h > ..\backend\VConstructor.h
VContainerHandle.cpp > ..\backend\VContainerHandle.cpp
VContainerHandle.h > ..\backend\VContainerHandle.h
VControlPoint.cpp > ..\backend\VControlPoint.cpp
VControlPoint.h > ..\backend\VControlPoint.h
VControlPointSubscription.cpp > ..\backend\VControlPointSubscription.cpp
VControlPointSubscription.h > ..\backend\VControlPointSubscription.h
VCPDReference.cpp > ..\backend\VCPDReference.cpp
VCPDReference.h > ..\backend\VCPDReference.h
VDatabaseFederatorForBatchvision.cpp > ..\backend\VDatabaseFederatorForBatchvision.cpp
VDatabaseFederatorForBatchvision.h > ..\backend\VDatabaseFederatorForBatchvision.h
vdates.cpp > ..\backend\vdates.cpp
vdates.h > ..\backend\vdates.h
vdbupdate.cpp > ..\backend\vdbupdate.cpp
vdbupdate.h > ..\backend\vdbupdate.h
vdebug.cpp > ..\backend\vdebug.cpp
vdebug.h > ..\backend\vdebug.h
vdebug.l > ..\backend\vdebug.l
vdebug.lo > ..\backend\vdebug.lo
vdebug.y > ..\backend\vdebug.y
vdebug.yo > ..\backend\vdebug.yo
VDescriptor.cpp > ..\backend\VDescriptor.cpp
VDescriptor.h > ..\backend\VDescriptor.h
vdsc.cpp > ..\backend\vdsc.cpp
vdsc.h > ..\backend\vdsc.h
venvir.cpp > ..\backend\venvir.cpp
venvir.d > ..\backend\venvir.d
venvir.h > ..\backend\venvir.h
verr.cpp > ..\backend\verr.cpp
verrdef.cpp > ..\backend\verrdef.cpp
verrdef.h > ..\backend\verrdef.h
verr.h > ..\backend\verr.h
VEvaluationCall.cpp > ..\backend\VEvaluationCall.cpp
VEvaluationCall.h > ..\backend\VEvaluationCall.h
VEvaluatorPump.cpp > ..\backend\VEvaluatorPump.cpp
VEvaluatorPump.h > ..\backend\VEvaluatorPump.h
VExternalGroundStore.cpp > ..\backend\VExternalGroundStore.cpp
VExternalGroundStore.h > ..\backend\VExternalGroundStore.h
vfac.cpp > ..\backend\vfac.cpp
vfac.h > ..\backend\vfac.h
vfault.cpp > ..\backend\vfault.cpp
vfault.h > ..\backend\vfault.h
VfDeleteGenerator.cpp > ..\backend\VfDeleteGenerator.cpp
VfDeleteGenerator.h > ..\backend\VfDeleteGenerator.h
VfDistributionGenerator.cpp > ..\backend\VfDistributionGenerator.cpp
VfDistributionGenerator.h > ..\backend\VfDistributionGenerator.h
VfGuardTool.cpp > ..\backend\VfGuardTool.cpp
VfGuardTool.h > ..\backend\VfGuardTool.h
VfLocateGenerator.cpp > ..\backend\VfLocateGenerator.cpp
VfLocateGenerator.h > ..\backend\VfLocateGenerator.h
VfLocateOrAddGenerator.cpp > ..\backend\VfLocateOrAddGenerator.cpp
VfLocateOrAddGenerator.h > ..\backend\VfLocateOrAddGenerator.h
VFragmentation.cpp > ..\backend\VFragmentation.cpp
VFragmentation.h > ..\backend\VFragmentation.h
VFragment.cpp > ..\backend\VFragment.cpp
VFragment.h > ..\backend\VFragment.h
VGroundStore.cpp > ..\backend\VGroundStore.cpp
VGroundStore.h > ..\backend\VGroundStore.h
VGuardedDoubleGenerator.cpp > ..\backend\VGuardedDoubleGenerator.cpp
VGuardedDoubleGenerator.h > ..\backend\VGuardedDoubleGenerator.h
VInternalGroundStore.cpp > ..\backend\VInternalGroundStore.cpp
VInternalGroundStore.h > ..\backend\VInternalGroundStore.h
viobj.cpp > ..\backend\viobj.cpp
viobj.h > ..\backend\viobj.h
VLinkCReference.h > ..\backend\VLinkCReference.h
VListEnumerationController.cpp > ..\backend\VListEnumerationController.cpp
VListEnumerationController.h > ..\backend\VListEnumerationController.h
vmachine.cpp > ..\backend\vmachine.cpp
vmachine.h > ..\backend\vmachine.h
vmagic.cpp > ..\backend\vmagic.cpp
vmagic.h > ..\backend\vmagic.h
VMagicWordDescriptor.cpp > ..\backend\VMagicWordDescriptor.cpp
VMagicWordDescriptor.h > ..\backend\VMagicWordDescriptor.h
VMutexClaim.cpp > ..\backend\VMutexClaim.cpp
VMutexClaim.h > ..\backend\VMutexClaim.h
VMutexController.cpp > ..\backend\VMutexController.cpp
VMutexController.h > ..\backend\VMutexController.h
VMutex.cpp > ..\backend\VMutex.cpp
VMutexGrant.cpp > ..\backend\VMutexGrant.cpp
VMutexGrant.h > ..\backend\VMutexGrant.h
VMutex.h > ..\backend\VMutex.h
VNumericBinary.cpp > ..\backend\VNumericBinary.cpp
VNumericBinary.h > ..\backend\VNumericBinary.h
VOrdered.cpp > ..\backend\VOrdered.cpp
VOrdered.h > ..\backend\VOrdered.h
VOrdered.i > ..\backend\VOrdered.i
VOutputBuffer.h > ..\backend\VOutputBuffer.h
VOutputGenerator.h > ..\backend\VOutputGenerator.h
VpFileMapping.h > ..\backend\VpFileMapping.h
Vp.h > ..\backend\Vp.h
VPrimaryCall.cpp > ..\backend\VPrimaryCall.cpp
VPrimaryCall.h > ..\backend\VPrimaryCall.h
vprimfns.cpp > ..\backend\vprimfns.cpp
vprimfns.h > ..\backend\vprimfns.h
VPrimitiveDescriptor.h > ..\backend\VPrimitiveDescriptor.h
VPrimitiveTaskController.cpp > ..\backend\VPrimitiveTaskController.cpp
VPrimitiveTaskController.h > ..\backend\VPrimitiveTaskController.h
VPrimitiveTaskController.i > ..\backend\VPrimitiveTaskController.i
VPrimitiveTask.cpp > ..\backend\VPrimitiveTask.cpp
VPrimitiveTask.h > ..\backend\VPrimitiveTask.h
VpSocket.h > ..\backend\VpSocket.h
VReadEvalPrint.cpp > ..\backend\VReadEvalPrint.cpp
VReadEvalPrint.h > ..\backend\VReadEvalPrint.h
VReferenceableMonotype.cpp > ..\backend\VReferenceableMonotype.cpp
VReferenceableMonotype.h > ..\backend\VReferenceableMonotype.h
VSecondaryCall.cpp > ..\backend\VSecondaryCall.cpp
VSecondaryCall.h > ..\backend\VSecondaryCall.h
VSelector.cpp > ..\backend\VSelector.cpp
VSelector.h > ..\backend\VSelector.h
VSet.cpp > ..\backend\VSet.cpp
VSet.h > ..\backend\VSet.h
VSetOf.h > ..\backend\VSetOf.h
VSetOf.i > ..\backend\VSetOf.i
vsignal.cpp > ..\backend\vsignal.cpp
vsignal.h > ..\backend\vsignal.h
VSNFTask.cpp > ..\backend\VSNFTask.cpp
VSNFTask.h > ..\backend\VSNFTask.h
VSNFTaskHolder.cpp > ..\backend\VSNFTaskHolder.cpp
VSNFTaskHolder.h > ..\backend\VSNFTaskHolder.h
VSNFTaskParameters.cpp > ..\backend\VSNFTaskParameters.cpp
VSNFTaskParameters.h > ..\backend\VSNFTaskParameters.h
VSNFTaskParametersList.h > ..\backend\VSNFTaskParametersList.h
VSorter.cpp > ..\backend\VSorter.cpp
VSorter.h > ..\backend\VSorter.h
vstdio.cpp > ..\backend\vstdio.cpp
vstdio.h > ..\backend\vstdio.h
VSuspension.cpp > ..\backend\VSuspension.cpp
VSuspension.h > ..\backend\VSuspension.h
VSymbolBinding.cpp > ..\backend\VSymbolBinding.cpp
VSymbolBinding.h > ..\backend\VSymbolBinding.h
VSymbol.cpp > ..\backend\VSymbol.cpp
VSymbol.h > ..\backend\VSymbol.h
VSymbolImplementation.cpp > ..\backend\VSymbolImplementation.cpp
VSymbolImplementation.h > ..\backend\VSymbolImplementation.h
VSymbolImplementation.i > ..\backend\VSymbolImplementation.i
VSymbolSpace.cpp > ..\backend\VSymbolSpace.cpp
VSymbolSpace.h > ..\backend\VSymbolSpace.h
VTask.cpp > ..\backend\VTask.cpp
VTaskDomain.cpp > ..\backend\VTaskDomain.cpp
VTaskDomainedStore.cpp > ..\backend\VTaskDomainedStore.cpp
VTaskDomainedStore.h > ..\backend\VTaskDomainedStore.h
VTaskDomain.h > ..\backend\VTaskDomain.h
VTask.h > ..\backend\VTask.h
VTopTaskBase.cpp > ..\backend\VTopTaskBase.cpp
VTopTaskBase.h > ..\backend\VTopTaskBase.h
VTopTask.cpp > ..\backend\VTopTask.cpp
VTopTask.h > ..\backend\VTopTask.h
VTransientServicesForBatchvision.cpp > ..\backend\VTransientServicesForBatchvision.cpp
VTransientServicesForBatchvision.h > ..\backend\VTransientServicesForBatchvision.h
vunwind.cpp > ..\backend\vunwind.cpp
vunwind.h > ..\backend\vunwind.h
vutil.cpp > ..\backend\vutil.cpp
vutil.h > ..\backend\vutil.h
VUtilityCall.cpp > ..\backend\VUtilityCall.cpp
VUtilityCall.h > ..\backend\VUtilityCall.h
VUtilityTask.cpp > ..\backend\VUtilityTask.cpp
VUtilityTask.h > ..\backend\VUtilityTask.h
VWhileTrueController.cpp > ..\backend\VWhileTrueController.cpp
VWhileTrueController.h > ..\backend\VWhileTrueController.h
compustat2.cpp > ..\dbupdate\compustat2.cpp
filelayout.cpp > ..\dbupdate\filelayout.cpp
filelayout.h > ..\dbupdate\filelayout.h
inc.cpp > ..\dbupdate\inc.cpp
loadtape.cpp > ..\dbupdate\loadtape.cpp
normalize.cpp > ..\dbupdate\normalize.cpp
OSdump.cpp > ..\dbupdate\OSdump.cpp
OSdump.h > ..\dbupdate\OSdump.h
OSstring.cpp > ..\dbupdate\OSstring.cpp
OSstring.h > ..\dbupdate\OSstring.h
preproc2.cpp > ..\dbupdate\preproc2.cpp
reader.cpp > ..\dbupdate\reader.cpp
reader.h > ..\dbupdate\reader.h
readlayout.cpp > ..\dbupdate\readlayout.cpp
readlayout.h > ..\dbupdate\readlayout.h
shuffle.cpp > ..\dbupdate\shuffle.cpp
sigHandler.cpp > ..\dbupdate\sigHandler.cpp
sigHandler.h > ..\dbupdate\sigHandler.h
transpose.cpp > ..\dbupdate\transpose.cpp
valueline.cpp > ..\dbupdate\valueline.cpp
VpFileMapping.h > ..\dbupdate\VpFileMapping.h
Vp.h > ..\dbupdate\Vp.h
VpSocket.h > ..\dbupdate\VpSocket.h
gopt.cpp > ..\kernel\gopt.cpp
gopt.h > ..\kernel\gopt.h
IVReceiver.cpp > ..\kernel\IVReceiver.cpp
IVReceiver.h > ..\kernel\IVReceiver.h
IVReceiver_NRK.h > ..\kernel\IVReceiver_NRK.h
IVUnknown.cpp > ..\kernel\IVUnknown.cpp
IVUnknown.h > ..\kernel\IVUnknown.h
Vca_CompilerAlreadyHappy.h > ..\kernel\Vca_CompilerAlreadyHappy.h
Vca_CompilerHappyPill.h > ..\kernel\Vca_CompilerHappyPill.h
Vca.cpp > ..\kernel\Vca.cpp
Vca.h > ..\kernel\Vca.h
Vca_IAckReceiver.cpp > ..\kernel\Vca_IAckReceiver.cpp
Vca_IAckReceiver.h > ..\kernel\Vca_IAckReceiver.h
Vca_IActivity.cpp > ..\kernel\Vca_IActivity.cpp
Vca_IActivity.h > ..\kernel\Vca_IActivity.h
Vca_IActivityProxy.cpp > ..\kernel\Vca_IActivityProxy.cpp
Vca_IActivityProxy.h > ..\kernel\Vca_IActivityProxy.h
Vca_IActivitySink.cpp > ..\kernel\Vca_IActivitySink.cpp
Vca_IActivitySink.h > ..\kernel\Vca_IActivitySink.h
Vca_IActivitySource.cpp > ..\kernel\Vca_IActivitySource.cpp
Vca_IActivitySource.h > ..\kernel\Vca_IActivitySource.h
Vca_IAdmin.cpp > ..\kernel\Vca_IAdmin.cpp
Vca_IAdmin.h > ..\kernel\Vca_IAdmin.h
Vca_IApplication.cpp > ..\kernel\Vca_IApplication.cpp
Vca_IApplication.h > ..\kernel\Vca_IApplication.h
Vca_IBinding.cpp > ..\kernel\Vca_IBinding.cpp
Vca_IBinding.h > ..\kernel\Vca_IBinding.h
Vca_IBSClient.cpp > ..\kernel\Vca_IBSClient.cpp
Vca_IBSClient.h > ..\kernel\Vca_IBSClient.h
Vca_IBSConsumerClient.cpp > ..\kernel\Vca_IBSConsumerClient.cpp
Vca_IBSConsumerClient.h > ..\kernel\Vca_IBSConsumerClient.h
Vca_IBSConsumer.cpp > ..\kernel\Vca_IBSConsumer.cpp
Vca_IBSConsumer.h > ..\kernel\Vca_IBSConsumer.h
Vca_IBSProducerClient.cpp > ..\kernel\Vca_IBSProducerClient.cpp
Vca_IBSProducerClient.h > ..\kernel\Vca_IBSProducerClient.h
Vca_IBSProducer.cpp > ..\kernel\Vca_IBSProducer.cpp
Vca_IBSProducer.h > ..\kernel\Vca_IBSProducer.h
Vca_IBuddy.cpp > ..\kernel\Vca_IBuddy.cpp
Vca_IBuddy.h > ..\kernel\Vca_IBuddy.h
Vca_IClient.cpp > ..\kernel\Vca_IClient.cpp
Vca_IClient.h > ..\kernel\Vca_IClient.h
Vca_IClient_NRK.h > ..\kernel\Vca_IClient_NRK.h
Vca_IConnection.cpp > ..\kernel\Vca_IConnection.cpp
Vca_IConnectionFactory.cpp > ..\kernel\Vca_IConnectionFactory.cpp
Vca_IConnectionFactory.h > ..\kernel\Vca_IConnectionFactory.h
Vca_IConnection.h > ..\kernel\Vca_IConnection.h
Vca_IConnectionRequest.cpp > ..\kernel\Vca_IConnectionRequest.cpp
Vca_IConnectionRequest.h > ..\kernel\Vca_IConnectionRequest.h
Vca_IDataSource2.cpp > ..\kernel\Vca_IDataSource2.cpp
Vca_IDataSource.cpp > ..\kernel\Vca_IDataSource.cpp
Vca_IDataSource.h > ..\kernel\Vca_IDataSource.h
Vca_IDataSource_NRK.h > ..\kernel\Vca_IDataSource_NRK.h
Vca_IDevice.cpp > ..\kernel\Vca_IDevice.cpp
Vca_IDevice.h > ..\kernel\Vca_IDevice.h
Vca_IDie.cpp > ..\kernel\Vca_IDie.cpp
Vca_IDie.h > ..\kernel\Vca_IDie.h
Vca_IDirectory.cpp > ..\kernel\Vca_IDirectory.cpp
Vca_IDirectoryEntry.cpp > ..\kernel\Vca_IDirectoryEntry.cpp
Vca_IDirectoryEntry.h > ..\kernel\Vca_IDirectoryEntry.h
Vca_IDirectory.h > ..\kernel\Vca_IDirectory.h
Vca_IError.cpp > ..\kernel\Vca_IError.cpp
Vca_IError.h > ..\kernel\Vca_IError.h
Vca_IEvent.cpp > ..\kernel\Vca_IEvent.cpp
Vca_IEvent.h > ..\kernel\Vca_IEvent.h
Vca_IEventSink.cpp > ..\kernel\Vca_IEventSink.cpp
Vca_IEventSink.h > ..\kernel\Vca_IEventSink.h
Vca_IGetter.cpp > ..\kernel\Vca_IGetter.cpp
Vca_IGetter_Ex2.cpp > ..\kernel\Vca_IGetter_Ex2.cpp
Vca_IGetter_Ex2.h > ..\kernel\Vca_IGetter_Ex2.h
Vca_IGetter.h > ..\kernel\Vca_IGetter.h
Vca_IListenerClient.cpp > ..\kernel\Vca_IListenerClient.cpp
Vca_IListenerClient.h > ..\kernel\Vca_IListenerClient.h
Vca_IListener.cpp > ..\kernel\Vca_IListener.cpp
Vca_IListenerFactory.cpp > ..\kernel\Vca_IListenerFactory.cpp
Vca_IListenerFactory.h > ..\kernel\Vca_IListenerFactory.h
Vca_IListener.h > ..\kernel\Vca_IListener.h
Vca_INamespace.cpp > ..\kernel\Vca_INamespace.cpp
Vca_INamespace.h > ..\kernel\Vca_INamespace.h
Vca_INeedYou.cpp > ..\kernel\Vca_INeedYou.cpp
Vca_INeedYou.h > ..\kernel\Vca_INeedYou.h
Vca_IPassiveCallback.cpp > ..\kernel\Vca_IPassiveCallback.cpp
Vca_IPassiveCallback_Gofers.cpp > ..\kernel\Vca_IPassiveCallback_Gofers.cpp
Vca_IPassiveCallback_Gofers.h > ..\kernel\Vca_IPassiveCallback_Gofers.h
Vca_IPassiveCallback.h > ..\kernel\Vca_IPassiveCallback.h
Vca_IPassiveCall.cpp > ..\kernel\Vca_IPassiveCall.cpp
Vca_IPassiveCall.h > ..\kernel\Vca_IPassiveCall.h
Vca_IPassiveClient.cpp > ..\kernel\Vca_IPassiveClient.cpp
Vca_IPassiveClient.h > ..\kernel\Vca_IPassiveClient.h
Vca_IPassiveConnector.cpp > ..\kernel\Vca_IPassiveConnector.cpp
Vca_IPassiveConnector_Gofers.cpp > ..\kernel\Vca_IPassiveConnector_Gofers.cpp
Vca_IPassiveConnector_Gofers.h > ..\kernel\Vca_IPassiveConnector_Gofers.h
Vca_IPassiveConnector.h > ..\kernel\Vca_IPassiveConnector.h
Vca_IPassiveServer.cpp > ..\kernel\Vca_IPassiveServer.cpp
Vca_IPassiveServer_Gofers.cpp > ..\kernel\Vca_IPassiveServer_Gofers.cpp
Vca_IPassiveServer_Gofers.h > ..\kernel\Vca_IPassiveServer_Gofers.h
Vca_IPassiveServer.h > ..\kernel\Vca_IPassiveServer.h
Vca_IPauseResume.cpp > ..\kernel\Vca_IPauseResume.cpp
Vca_IPauseResume.h > ..\kernel\Vca_IPauseResume.h
Vca_IPeek.cpp > ..\kernel\Vca_IPeek.cpp
Vca_IPeek.h > ..\kernel\Vca_IPeek.h
Vca_IPeer.cpp > ..\kernel\Vca_IPeer.cpp
Vca_IPeer_Ex1.cpp > ..\kernel\Vca_IPeer_Ex1.cpp
Vca_IPeer_Ex1.h > ..\kernel\Vca_IPeer_Ex1.h
Vca_IPeer_Ex2.cpp > ..\kernel\Vca_IPeer_Ex2.cpp
Vca_IPeer_Ex2.h > ..\kernel\Vca_IPeer_Ex2.h
Vca_IPeer.h > ..\kernel\Vca_IPeer.h
Vca_IPipeFactory.cpp > ..\kernel\Vca_IPipeFactory.cpp
Vca_IPipeFactory.h > ..\kernel\Vca_IPipeFactory.h
Vca_IPipeSourceClient.cpp > ..\kernel\Vca_IPipeSourceClient.cpp
Vca_IPipeSourceClient.h > ..\kernel\Vca_IPipeSourceClient.h
Vca_IPipeSource.cpp > ..\kernel\Vca_IPipeSource.cpp
Vca_IPipeSource_Gofers.cpp > ..\kernel\Vca_IPipeSource_Gofers.cpp
Vca_IPipeSource_Gofers.h > ..\kernel\Vca_IPipeSource_Gofers.h
Vca_IPipeSource.h > ..\kernel\Vca_IPipeSource.h
Vca_IProcess.cpp > ..\kernel\Vca_IProcess.cpp
Vca_IProcessFactoryClient.cpp > ..\kernel\Vca_IProcessFactoryClient.cpp
Vca_IProcessFactoryClient.h > ..\kernel\Vca_IProcessFactoryClient.h
Vca_IProcessFactory.cpp > ..\kernel\Vca_IProcessFactory.cpp
Vca_IProcessFactory.h > ..\kernel\Vca_IProcessFactory.h
Vca_IProcess.h > ..\kernel\Vca_IProcess.h
Vca_IProcessInfo.cpp > ..\kernel\Vca_IProcessInfo.cpp
Vca_IProcessInfo.h > ..\kernel\Vca_IProcessInfo.h
Vca_IProcessInfoSink.cpp > ..\kernel\Vca_IProcessInfoSink.cpp
Vca_IProcessInfoSink.h > ..\kernel\Vca_IProcessInfoSink.h
Vca_IRequest.cpp > ..\kernel\Vca_IRequest.cpp
Vca_IRequest.h > ..\kernel\Vca_IRequest.h
Vca_IResourceClient.cpp > ..\kernel\Vca_IResourceClient.cpp
Vca_IResourceClient.h > ..\kernel\Vca_IResourceClient.h
Vca_IResource.cpp > ..\kernel\Vca_IResource.cpp
Vca_IResource.h > ..\kernel\Vca_IResource.h
Vca_IRexecConnectionFactory.cpp > ..\kernel\Vca_IRexecConnectionFactory.cpp
Vca_IRexecConnectionFactory.h > ..\kernel\Vca_IRexecConnectionFactory.h
Vca_IRoleProvider2.cpp > ..\kernel\Vca_IRoleProvider2.cpp
Vca_IRoleProvider2.h > ..\kernel\Vca_IRoleProvider2.h
Vca_IRoleProvider.cpp > ..\kernel\Vca_IRoleProvider.cpp
Vca_IRoleProvider.h > ..\kernel\Vca_IRoleProvider.h
Vca_IServerApplication.cpp > ..\kernel\Vca_IServerApplication.cpp
Vca_IServerApplication.h > ..\kernel\Vca_IServerApplication.h
Vca_ISSHConnectionFactory.cpp > ..\kernel\Vca_ISSHConnectionFactory.cpp
Vca_ISSHConnectionFactory.h > ..\kernel\Vca_ISSHConnectionFactory.h
Vca_IStdPipeSourceClient.cpp > ..\kernel\Vca_IStdPipeSourceClient.cpp
Vca_IStdPipeSourceClient.h > ..\kernel\Vca_IStdPipeSourceClient.h
Vca_IStdPipeSource.cpp > ..\kernel\Vca_IStdPipeSource.cpp
Vca_IStdPipeSource.h > ..\kernel\Vca_IStdPipeSource.h
Vca_IStop.cpp > ..\kernel\Vca_IStop.cpp
Vca_IStop.h > ..\kernel\Vca_IStop.h
Vca_ITrigger.cpp > ..\kernel\Vca_ITrigger.cpp
Vca_ITrigger.h > ..\kernel\Vca_ITrigger.h
Vca_Main.cpp > ..\kernel\Vca_Main.cpp
Vca_Main.h > ..\kernel\Vca_Main.h
Vca_MetaData_Domain.cpp > ..\kernel\Vca_MetaData_Domain.cpp
Vca_MetaData_Domain.h > ..\kernel\Vca_MetaData_Domain.h
Vca_MetaData_DomainObject.cpp > ..\kernel\Vca_MetaData_DomainObject.cpp
Vca_MetaData_DomainObject.h > ..\kernel\Vca_MetaData_DomainObject.h
Vca_MetaData.h > ..\kernel\Vca_MetaData.h
Vca_MetaData_Host.cpp > ..\kernel\Vca_MetaData_Host.cpp
Vca_MetaData_Host.h > ..\kernel\Vca_MetaData_Host.h
Vca_MetaData_HostObject.cpp > ..\kernel\Vca_MetaData_HostObject.cpp
Vca_MetaData_HostObject.h > ..\kernel\Vca_MetaData_HostObject.h
Vca_MetaData_Object.cpp > ..\kernel\Vca_MetaData_Object.cpp
Vca_MetaData_Object.h > ..\kernel\Vca_MetaData_Object.h
Vca_MetaData_Peer.cpp > ..\kernel\Vca_MetaData_Peer.cpp
Vca_MetaData_Peer.h > ..\kernel\Vca_MetaData_Peer.h
Vca_MetaData_Process.cpp > ..\kernel\Vca_MetaData_Process.cpp
Vca_MetaData_Process.h > ..\kernel\Vca_MetaData_Process.h
Vca_MetaData_ProcessObject.cpp > ..\kernel\Vca_MetaData_ProcessObject.cpp
Vca_MetaData_ProcessObject.h > ..\kernel\Vca_MetaData_ProcessObject.h
Vca_MetaData_Site.cpp > ..\kernel\Vca_MetaData_Site.cpp
Vca_MetaData_Site.h > ..\kernel\Vca_MetaData_Site.h
Vca_MetaData_SiteObject.cpp > ..\kernel\Vca_MetaData_SiteObject.cpp
Vca_MetaData_SiteObject.h > ..\kernel\Vca_MetaData_SiteObject.h
Vca_MetaData_User.cpp > ..\kernel\Vca_MetaData_User.cpp
Vca_MetaData_User.h > ..\kernel\Vca_MetaData_User.h
Vca_Namespace_VTraits.h > ..\kernel\Vca_Namespace_VTraits.h
Vca_NewsFeed_Repeater.cpp > ..\kernel\Vca_NewsFeed_Repeater.cpp
Vca_NewsFeed_Repeater.h > ..\kernel\Vca_NewsFeed_Repeater.h
Vca_Registry.cpp > ..\kernel\Vca_Registry.cpp
Vca_Registry.h > ..\kernel\Vca_Registry.h
Vca_Registry_IAccess.cpp > ..\kernel\Vca_Registry_IAccess.cpp
Vca_Registry_IAccess.h > ..\kernel\Vca_Registry_IAccess.h
Vca_Registry_IAuthority.cpp > ..\kernel\Vca_Registry_IAuthority.cpp
Vca_Registry_IAuthority.h > ..\kernel\Vca_Registry_IAuthority.h
Vca_Registry_IContact.cpp > ..\kernel\Vca_Registry_IContact.cpp
Vca_Registry_IContact.h > ..\kernel\Vca_Registry_IContact.h
Vca_Registry_IRegistration.cpp > ..\kernel\Vca_Registry_IRegistration.cpp
Vca_Registry_IRegistration.h > ..\kernel\Vca_Registry_IRegistration.h
Vca_Registry_IRegistry.cpp > ..\kernel\Vca_Registry_IRegistry.cpp
Vca_Registry_IRegistry.h > ..\kernel\Vca_Registry_IRegistry.h
Vca_Registry_IUpdate.cpp > ..\kernel\Vca_Registry_IUpdate.cpp
Vca_Registry_IUpdate.h > ..\kernel\Vca_Registry_IUpdate.h
Vca_Registry_IUpdater.cpp > ..\kernel\Vca_Registry_IUpdater.cpp
Vca_Registry_IUpdater.h > ..\kernel\Vca_Registry_IUpdater.h
Vca_Registry_VAuthority.cpp > ..\kernel\Vca_Registry_VAuthority.cpp
Vca_Registry_VAuthority.h > ..\kernel\Vca_Registry_VAuthority.h
Vca_Registry_VRegistry.cpp > ..\kernel\Vca_Registry_VRegistry.cpp
Vca_Registry_VRegistry.h > ..\kernel\Vca_Registry_VRegistry.h
vcatool.cpp > ..\kernel\vcatool.cpp
vcatool.h > ..\kernel\vcatool.h
Vca_VActivity.cpp > ..\kernel\Vca_VActivity.cpp
Vca_VActivityFilter.cpp > ..\kernel\Vca_VActivityFilter.cpp
Vca_VActivityFilter.h > ..\kernel\Vca_VActivityFilter.h
Vca_VActivity.h > ..\kernel\Vca_VActivity.h
Vca_VActivityModel.cpp > ..\kernel\Vca_VActivityModel.cpp
Vca_VActivityModel.h > ..\kernel\Vca_VActivityModel.h
Vca_VActivityMonitor.cpp > ..\kernel\Vca_VActivityMonitor.cpp
Vca_VActivityMonitor.h > ..\kernel\Vca_VActivityMonitor.h
Vca_VActivityRelay.cpp > ..\kernel\Vca_VActivityRelay.cpp
Vca_VActivityRelay.h > ..\kernel\Vca_VActivityRelay.h
Vca_VActivitySink.cpp > ..\kernel\Vca_VActivitySink.cpp
Vca_VActivitySink.h > ..\kernel\Vca_VActivitySink.h
Vca_VApplicationContext.cpp > ..\kernel\Vca_VApplicationContext.cpp
Vca_VApplicationContext.h > ..\kernel\Vca_VApplicationContext.h
Vca_VApplication.cpp > ..\kernel\Vca_VApplication.cpp
Vca_VApplication.h > ..\kernel\Vca_VApplication.h
Vca_VBSConnector.cpp > ..\kernel\Vca_VBSConnector.cpp
Vca_VBSConnector.h > ..\kernel\Vca_VBSConnector.h
Vca_VBSConsumer.cpp > ..\kernel\Vca_VBSConsumer.cpp
Vca_VBSConsumerDevice_.h > ..\kernel\Vca_VBSConsumerDevice_.h
Vca_VBSConsumer.h > ..\kernel\Vca_VBSConsumer.h
Vca_VBS.cpp > ..\kernel\Vca_VBS.cpp
Vca_VBS.h > ..\kernel\Vca_VBS.h
Vca_VBSManager.cpp > ..\kernel\Vca_VBSManager.cpp
Vca_VBSManager.h > ..\kernel\Vca_VBSManager.h
Vca_VBSProducerBitBucket.cpp > ..\kernel\Vca_VBSProducerBitBucket.cpp
Vca_VBSProducerBitBucket.h > ..\kernel\Vca_VBSProducerBitBucket.h
Vca_VBSProducerConsumerDevice_.h > ..\kernel\Vca_VBSProducerConsumerDevice_.h
Vca_VBSProducer.cpp > ..\kernel\Vca_VBSProducer.cpp
Vca_VBSProducerDevice_.h > ..\kernel\Vca_VBSProducerDevice_.h
Vca_VBSProducer.h > ..\kernel\Vca_VBSProducer.h
Vca_VcaConnection.cpp > ..\kernel\Vca_VcaConnection.cpp
Vca_VcaConnection.h > ..\kernel\Vca_VcaConnection.h
Vca_VcaCredentialsProvider.cpp > ..\kernel\Vca_VcaCredentialsProvider.cpp
Vca_VcaCredentialsProvider.h > ..\kernel\Vca_VcaCredentialsProvider.h
Vca_VcaDirectoryBuilder.cpp > ..\kernel\Vca_VcaDirectoryBuilder.cpp
Vca_VcaDirectoryBuilder.h > ..\kernel\Vca_VcaDirectoryBuilder.h
Vca_VcaError.cpp > ..\kernel\Vca_VcaError.cpp
Vca_VcaError.h > ..\kernel\Vca_VcaError.h
Vca_VcaGofer.cpp > ..\kernel\Vca_VcaGofer.cpp
Vca_VcaGofer.h > ..\kernel\Vca_VcaGofer.h
Vca_VcaGofer_OneOf.h > ..\kernel\Vca_VcaGofer_OneOf.h
Vca_VcaGofer_Retried.h > ..\kernel\Vca_VcaGofer_Retried.h
Vca_VcaGofer_Timeout.h > ..\kernel\Vca_VcaGofer_Timeout.h
Vca_VcaGofer_Weakened.h > ..\kernel\Vca_VcaGofer_Weakened.h
Vca_VcaListener.cpp > ..\kernel\Vca_VcaListener.cpp
Vca_VcaListener.h > ..\kernel\Vca_VcaListener.h
Vca_VCallbackTicket.cpp > ..\kernel\Vca_VCallbackTicket.cpp
Vca_VCallbackTicket.h > ..\kernel\Vca_VCallbackTicket.h
Vca_VcaOffer.cpp > ..\kernel\Vca_VcaOffer.cpp
Vca_VcaOffer.h > ..\kernel\Vca_VcaOffer.h
Vca_VcaOID.cpp > ..\kernel\Vca_VcaOID.cpp
Vca_VcaOID.h > ..\kernel\Vca_VcaOID.h
Vca_VcaOIDL.cpp > ..\kernel\Vca_VcaOIDL.cpp
Vca_VcaOIDL.h > ..\kernel\Vca_VcaOIDL.h
Vca_VcaOIDR.cpp > ..\kernel\Vca_VcaOIDR.cpp
Vca_VcaOIDR.h > ..\kernel\Vca_VcaOIDR.h
Vca_VcaPeerCharacteristics.cpp > ..\kernel\Vca_VcaPeerCharacteristics.cpp
Vca_VcaPeerCharacteristics.h > ..\kernel\Vca_VcaPeerCharacteristics.h
Vca_VcaPeer.cpp > ..\kernel\Vca_VcaPeer.cpp
Vca_VcaPeer.h > ..\kernel\Vca_VcaPeer.h
Vca_VcaProxyFacilitator.cpp > ..\kernel\Vca_VcaProxyFacilitator.cpp
Vca_VcaProxyFacilitator.h > ..\kernel\Vca_VcaProxyFacilitator.h
Vca_VcaQuery.cpp > ..\kernel\Vca_VcaQuery.cpp
Vca_VcaQuery.h > ..\kernel\Vca_VcaQuery.h
Vca_VcaRouteStatistics.cpp > ..\kernel\Vca_VcaRouteStatistics.cpp
Vca_VcaRouteStatistics.h > ..\kernel\Vca_VcaRouteStatistics.h
Vca_VcaSelf.cpp > ..\kernel\Vca_VcaSelf.cpp
Vca_VcaSelf.h > ..\kernel\Vca_VcaSelf.h
Vca_VcaSerializer_.cpp > ..\kernel\Vca_VcaSerializer_.cpp
Vca_VcaSerializer.cpp > ..\kernel\Vca_VcaSerializer.cpp
Vca_VcaSerializerForVkDynamicArrayOf_.h > ..\kernel\Vca_VcaSerializerForVkDynamicArrayOf_.h
Vca_VcaSerializerForVkSetOf_.h > ..\kernel\Vca_VcaSerializerForVkSetOf_.h
Vca_VcaSerializer_.h > ..\kernel\Vca_VcaSerializer_.h
Vca_VcaSerializer.h > ..\kernel\Vca_VcaSerializer.h
Vca_VcaSite.cpp > ..\kernel\Vca_VcaSite.cpp
Vca_VcaSite.h > ..\kernel\Vca_VcaSite.h
Vca_VcaThreadState.cpp > ..\kernel\Vca_VcaThreadState.cpp
Vca_VcaThreadState.h > ..\kernel\Vca_VcaThreadState.h
Vca_VcaTransport.cpp > ..\kernel\Vca_VcaTransport.cpp
Vca_VcaTransport.h > ..\kernel\Vca_VcaTransport.h
Vca_VClassInfoHolder.cpp > ..\kernel\Vca_VClassInfoHolder.cpp
Vca_VClassInfoHolder.h > ..\kernel\Vca_VClassInfoHolder.h
Vca_VClientApplication.cpp > ..\kernel\Vca_VClientApplication.cpp
Vca_VClientApplication.h > ..\kernel\Vca_VClientApplication.h
Vca_VCohort.cpp > ..\kernel\Vca_VCohort.cpp
Vca_VCohort.h > ..\kernel\Vca_VCohort.h
Vca_VConnection.cpp > ..\kernel\Vca_VConnection.cpp
Vca_VConnectionFactory.cpp > ..\kernel\Vca_VConnectionFactory.cpp
Vca_VConnectionFactory.h > ..\kernel\Vca_VConnectionFactory.h
Vca_VConnection.h > ..\kernel\Vca_VConnection.h
Vca_VConnectionPipeSource.cpp > ..\kernel\Vca_VConnectionPipeSource.cpp
Vca_VConnectionPipeSource.h > ..\kernel\Vca_VConnectionPipeSource.h
Vca_VConnectionRequest.cpp > ..\kernel\Vca_VConnectionRequest.cpp
Vca_VConnectionRequest.h > ..\kernel\Vca_VConnectionRequest.h
Vca_VDataSink.h > ..\kernel\Vca_VDataSink.h
Vca_VDataSourceDatumGofer.h > ..\kernel\Vca_VDataSourceDatumGofer.h
Vca_VDevice.cpp > ..\kernel\Vca_VDevice.cpp
Vca_VDeviceFactory.cpp > ..\kernel\Vca_VDeviceFactory.cpp
Vca_VDeviceFactory.h > ..\kernel\Vca_VDeviceFactory.h
Vca_VDevice_.h > ..\kernel\Vca_VDevice_.h
Vca_VDevice.h > ..\kernel\Vca_VDevice.h
Vca_VDeviceImplementation.cpp > ..\kernel\Vca_VDeviceImplementation.cpp
Vca_VDeviceImplementation.h > ..\kernel\Vca_VDeviceImplementation.h
Vca_VDeviceManager.cpp > ..\kernel\Vca_VDeviceManager.cpp
Vca_VDeviceManager.h > ..\kernel\Vca_VDeviceManager.h
Vca_VDirectoryBuilder.cpp > ..\kernel\Vca_VDirectoryBuilder.cpp
Vca_VDirectoryBuilder.h > ..\kernel\Vca_VDirectoryBuilder.h
Vca_VDirectory.cpp > ..\kernel\Vca_VDirectory.cpp
Vca_VDirectory.h > ..\kernel\Vca_VDirectory.h
Vca_VEvent.cpp > ..\kernel\Vca_VEvent.cpp
Vca_VEvent.h > ..\kernel\Vca_VEvent.h
Vca_VEventRecorder.cpp > ..\kernel\Vca_VEventRecorder.cpp
Vca_VEventRecorder.h > ..\kernel\Vca_VEventRecorder.h
Vca_VFDIODeviceImplementation.cpp > ..\kernel\Vca_VFDIODeviceImplementation.cpp
Vca_VFDIODeviceImplementation.h > ..\kernel\Vca_VFDIODeviceImplementation.h
Vca_VFilterDeviceFactory.cpp > ..\kernel\Vca_VFilterDeviceFactory.cpp
Vca_VFilterDeviceFactory_.h > ..\kernel\Vca_VFilterDeviceFactory_.h
Vca_VFilterDeviceFactory.h > ..\kernel\Vca_VFilterDeviceFactory.h
Vca_VFilterDeviceImplementation.cpp > ..\kernel\Vca_VFilterDeviceImplementation.cpp
Vca_VFilterDeviceImplementation.h > ..\kernel\Vca_VFilterDeviceImplementation.h
Vca_VFilterPipeSource_.h > ..\kernel\Vca_VFilterPipeSource_.h
Vca_VFilterPipeSourceTransaction_.h > ..\kernel\Vca_VFilterPipeSourceTransaction_.h
Vca_VGofer.cpp > ..\kernel\Vca_VGofer.cpp
Vca_VGoferExogenous.h > ..\kernel\Vca_VGoferExogenous.h
Vca_VGoferExogenousInterface.h > ..\kernel\Vca_VGoferExogenousInterface.h
Vca_VGofer.h > ..\kernel\Vca_VGofer.h
Vca_VGofering.h > ..\kernel\Vca_VGofering.h
Vca_VGoferInstance.h > ..\kernel\Vca_VGoferInstance.h
Vca_VGoferInterface.h > ..\kernel\Vca_VGoferInterface.h
Vca_VInstanceHolder.h > ..\kernel\Vca_VInstanceHolder.h
Vca_VInstanceOf.h > ..\kernel\Vca_VInstanceOf.h
Vca_VInstanceOfInterface.h > ..\kernel\Vca_VInstanceOfInterface.h
Vca_VInstanceSink.h > ..\kernel\Vca_VInstanceSink.h
Vca_VInstanceSource.h > ..\kernel\Vca_VInstanceSource.h
Vca_VInterfaceEKG.h > ..\kernel\Vca_VInterfaceEKG.h
Vca_VInterfaceMember.cpp > ..\kernel\Vca_VInterfaceMember.cpp
Vca_VInterfaceMember.h > ..\kernel\Vca_VInterfaceMember.h
Vca_VInterfaceQuery.cpp > ..\kernel\Vca_VInterfaceQuery.cpp
Vca_VInterfaceQuery.h > ..\kernel\Vca_VInterfaceQuery.h
Vca_VInterfaceSource_.h > ..\kernel\Vca_VInterfaceSource_.h
Vca_VLineGrabber.cpp > ..\kernel\Vca_VLineGrabber.cpp
Vca_VLineGrabber.h > ..\kernel\Vca_VLineGrabber.h
Vca_VListener.cpp > ..\kernel\Vca_VListener.cpp
Vca_VListenerFactory.cpp > ..\kernel\Vca_VListenerFactory.cpp
Vca_VListenerFactory.h > ..\kernel\Vca_VListenerFactory.h
Vca_VListener.h > ..\kernel\Vca_VListener.h
Vca_VListeningDevice_.h > ..\kernel\Vca_VListeningDevice_.h
Vca_VLoopbackDeviceFactory.cpp > ..\kernel\Vca_VLoopbackDeviceFactory.cpp
Vca_VLoopbackDeviceFactory.h > ..\kernel\Vca_VLoopbackDeviceFactory.h
Vca_VLoopbackDeviceImplementation.cpp > ..\kernel\Vca_VLoopbackDeviceImplementation.cpp
Vca_VLoopbackDeviceImplementation.h > ..\kernel\Vca_VLoopbackDeviceImplementation.h
Vca_VMainProgram.cpp > ..\kernel\Vca_VMainProgram.cpp
Vca_VMainProgram.h > ..\kernel\Vca_VMainProgram.h
Vca_VManager.cpp > ..\kernel\Vca_VManager.cpp
Vca_VManager.h > ..\kernel\Vca_VManager.h
Vca_VMessage.cpp > ..\kernel\Vca_VMessage.cpp
Vca_VMessage.h > ..\kernel\Vca_VMessage.h
Vca_VMessageManager.cpp > ..\kernel\Vca_VMessageManager.cpp
Vca_VMessageManager.h > ..\kernel\Vca_VMessageManager.h
Vca_VMessageScheduler.cpp > ..\kernel\Vca_VMessageScheduler.cpp
Vca_VMessageScheduler.h > ..\kernel\Vca_VMessageScheduler.h
Vca_VMessageStarter.h > ..\kernel\Vca_VMessageStarter.h
Vca_VMonitor.cpp > ..\kernel\Vca_VMonitor.cpp
Vca_VNullDeviceFactory.cpp > ..\kernel\Vca_VNullDeviceFactory.cpp
Vca_VNullDeviceFactory.h > ..\kernel\Vca_VNullDeviceFactory.h
Vca_VNullDeviceImplementation.cpp > ..\kernel\Vca_VNullDeviceImplementation.cpp
Vca_VNullDeviceImplementation.h > ..\kernel\Vca_VNullDeviceImplementation.h
Vca_VOneAppMain_.h > ..\kernel\Vca_VOneAppMain_.h
Vca_VOutputSequencer.cpp > ..\kernel\Vca_VOutputSequencer.cpp
Vca_VOutputSequencer.h > ..\kernel\Vca_VOutputSequencer.h
Vca_VPassiveAgent.cpp > ..\kernel\Vca_VPassiveAgent.cpp
Vca_VPassiveAgent.h > ..\kernel\Vca_VPassiveAgent.h
Vca_VPassiveCallback.cpp > ..\kernel\Vca_VPassiveCallback.cpp
Vca_VPassiveCallback.h > ..\kernel\Vca_VPassiveCallback.h
Vca_VPassiveConnector.cpp > ..\kernel\Vca_VPassiveConnector.cpp
Vca_VPassiveConnector.h > ..\kernel\Vca_VPassiveConnector.h
Vca_VPassiveDirectiveAgent.cpp > ..\kernel\Vca_VPassiveDirectiveAgent.cpp
Vca_VPassiveDirectiveAgent.h > ..\kernel\Vca_VPassiveDirectiveAgent.h
Vca_VPassiveProcessAgent.cpp > ..\kernel\Vca_VPassiveProcessAgent.cpp
Vca_VPassiveProcessAgent.h > ..\kernel\Vca_VPassiveProcessAgent.h
Vca_VPipeSource.cpp > ..\kernel\Vca_VPipeSource.cpp
Vca_VPipeSource.h > ..\kernel\Vca_VPipeSource.h
Vca_VProcess.cpp > ..\kernel\Vca_VProcess.cpp
Vca_VProcessFactory.cpp > ..\kernel\Vca_VProcessFactory.cpp
Vca_VProcessFactory.h > ..\kernel\Vca_VProcessFactory.h
Vca_VProcess.h > ..\kernel\Vca_VProcess.h
Vca_VProgramContext.cpp > ..\kernel\Vca_VProgramContext.cpp
Vca_VProgramContext.h > ..\kernel\Vca_VProgramContext.h
Vca_VProxyApp.cpp > ..\kernel\Vca_VProxyApp.cpp
Vca_VProxyApp.h > ..\kernel\Vca_VProxyApp.h
Vca_VPublication.cpp > ..\kernel\Vca_VPublication.cpp
Vca_VPublication.h > ..\kernel\Vca_VPublication.h
Vca_VPublisher.cpp > ..\kernel\Vca_VPublisher.cpp
Vca_VPublisher.h > ..\kernel\Vca_VPublisher.h
Vca_VReceiver.h > ..\kernel\Vca_VReceiver.h
Vca_VRexecConnectionFactory.cpp > ..\kernel\Vca_VRexecConnectionFactory.cpp
Vca_VRexecConnectionFactory.h > ..\kernel\Vca_VRexecConnectionFactory.h
Vca_VRoleHolder.cpp > ..\kernel\Vca_VRoleHolder.cpp
Vca_VRoleHolder.h > ..\kernel\Vca_VRoleHolder.h
Vca_VRolePlayer.cpp > ..\kernel\Vca_VRolePlayer.cpp
Vca_VRolePlayer.h > ..\kernel\Vca_VRolePlayer.h
Vca_VServerApplication.cpp > ..\kernel\Vca_VServerApplication.cpp
Vca_VServerApplication.h > ..\kernel\Vca_VServerApplication.h
Vca_VSiteInfo.cpp > ..\kernel\Vca_VSiteInfo.cpp
Vca_VSiteInfo.h > ..\kernel\Vca_VSiteInfo.h
Vca_VSSHConnectionFactory.cpp > ..\kernel\Vca_VSSHConnectionFactory.cpp
Vca_VSSHConnectionFactory.h > ..\kernel\Vca_VSSHConnectionFactory.h
Vca_VSSHDeviceImplementation.cpp > ..\kernel\Vca_VSSHDeviceImplementation.cpp
Vca_VSSHDeviceImplementation.h > ..\kernel\Vca_VSSHDeviceImplementation.h
Vca_VStatus.cpp > ..\kernel\Vca_VStatus.cpp
Vca_VStatus.h > ..\kernel\Vca_VStatus.h
Vca_VStdPipeSource.cpp > ..\kernel\Vca_VStdPipeSource.cpp
Vca_VStdPipeSource.h > ..\kernel\Vca_VStdPipeSource.h
Vca_VStockDeviceFactory.cpp > ..\kernel\Vca_VStockDeviceFactory.cpp
Vca_VStockDeviceFactory_.h > ..\kernel\Vca_VStockDeviceFactory_.h
Vca_VStockDeviceFactory.h > ..\kernel\Vca_VStockDeviceFactory.h
Vca_VStreamSink.cpp > ..\kernel\Vca_VStreamSink.cpp
Vca_VStreamSink.h > ..\kernel\Vca_VStreamSink.h
Vca_VStreamSource.cpp > ..\kernel\Vca_VStreamSource.cpp
Vca_VStreamSource.h > ..\kernel\Vca_VStreamSource.h
Vca_VSubscription.h > ..\kernel\Vca_VSubscription.h
Vca_VSubscriptionManager.cpp > ..\kernel\Vca_VSubscriptionManager.cpp
Vca_VSubscriptionManager.h > ..\kernel\Vca_VSubscriptionManager.h
Vca_VTimer.cpp > ..\kernel\Vca_VTimer.cpp
Vca_VTimer.h > ..\kernel\Vca_VTimer.h
Vca_VTrackableCounter.h > ..\kernel\Vca_VTrackableCounter.h
Vca_VTrackable.h > ..\kernel\Vca_VTrackable.h
Vca_VTriggerableTicket.cpp > ..\kernel\Vca_VTriggerableTicket.cpp
Vca_VTriggerableTicket.h > ..\kernel\Vca_VTriggerableTicket.h
Vca_VTrigger.cpp > ..\kernel\Vca_VTrigger.cpp
Vca_VTrigger.h > ..\kernel\Vca_VTrigger.h
Vca_VTriggerSet.cpp > ..\kernel\Vca_VTriggerSet.cpp
Vca_VTriggerSet.h > ..\kernel\Vca_VTriggerSet.h
Vca_VTriggerTicket.cpp > ..\kernel\Vca_VTriggerTicket.cpp
Vca_VTriggerTicket.h > ..\kernel\Vca_VTriggerTicket.h
Vca_VTuple.h > ..\kernel\Vca_VTuple.h
Vca_VTypeInfoHolder.cpp > ..\kernel\Vca_VTypeInfoHolder.cpp
Vca_VTypeInfoHolderForArrayOf.h > ..\kernel\Vca_VTypeInfoHolderForArrayOf.h
Vca_VTypeInfoHolderFor.h > ..\kernel\Vca_VTypeInfoHolderFor.h
Vca_VTypeInfoHolderForReferenceable.h > ..\kernel\Vca_VTypeInfoHolderForReferenceable.h
Vca_VTypeInfoHolderForSerializable.h > ..\kernel\Vca_VTypeInfoHolderForSerializable.h
Vca_VTypeInfoHolderForSetOf.h > ..\kernel\Vca_VTypeInfoHolderForSetOf.h
Vca_VTypeInfoHolderFromSerializer.h > ..\kernel\Vca_VTypeInfoHolderFromSerializer.h
Vca_VTypeInfoHolder.h > ..\kernel\Vca_VTypeInfoHolder.h
Vca_VTypePattern.h > ..\kernel\Vca_VTypePattern.h
VConfig.h > ..\kernel\VConfig.h
V.cpp > ..\kernel\V.cpp
vdbtool.cpp > ..\kernel\vdbtool.cpp
verrdef.d > ..\kernel\verrdef.d
VFactoryReference.h > ..\kernel\VFactoryReference.h
V.h > ..\kernel\V.h
VkArray.h > ..\kernel\VkArray.h
VkArrayOf.h > ..\kernel\VkArrayOf.h
VkBuffer.cpp > ..\kernel\VkBuffer.cpp
VkBuffer.h > ..\kernel\VkBuffer.h
Vk.cpp > ..\kernel\Vk.cpp
VkDynamicArrayOf.h > ..\kernel\VkDynamicArrayOf.h
VkEvent.cpp > ..\kernel\VkEvent.cpp
VkEvent.h > ..\kernel\VkEvent.h
Vk.h > ..\kernel\Vk.h
VkLicense.cpp > ..\kernel\VkLicense.cpp
VkLicense.h > ..\kernel\VkLicense.h
VkLongUnsigneds.cpp > ..\kernel\VkLongUnsigneds.cpp
VkLongUnsigneds.h > ..\kernel\VkLongUnsigneds.h
VkMapOf.h > ..\kernel\VkMapOf.h
VkMemory.cpp > ..\kernel\VkMemory.cpp
VkMemory.h > ..\kernel\VkMemory.h
VkMessage.cpp > ..\kernel\VkMessage.cpp
VkMessage.h > ..\kernel\VkMessage.h
VkRadixListSorter.cpp > ..\kernel\VkRadixListSorter.cpp
VkRadixListSorter.h > ..\kernel\VkRadixListSorter.h
VkRegExp.cpp > ..\kernel\VkRegExp.cpp
VkRegExp.h > ..\kernel\VkRegExp.h
VkRunTimes.cpp > ..\kernel\VkRunTimes.cpp
VkRunTimes.h > ..\kernel\VkRunTimes.h
VkScalar.h > ..\kernel\VkScalar.h
VkSet.h > ..\kernel\VkSet.h
VkSetOfFactoryReferences.h > ..\kernel\VkSetOfFactoryReferences.h
VkSetOf.h > ..\kernel\VkSetOf.h
VkSetOfReferences.h > ..\kernel\VkSetOfReferences.h
VkSocketAddress.cpp > ..\kernel\VkSocketAddress.cpp
VkSocketAddress.h > ..\kernel\VkSocketAddress.h
VkStatus.cpp > ..\kernel\VkStatus.cpp
VkStatus.h > ..\kernel\VkStatus.h
VkStreamAgent.cpp > ..\kernel\VkStreamAgent.cpp
VkStreamAgent.h > ..\kernel\VkStreamAgent.h
VkStream.cpp > ..\kernel\VkStream.cpp
VkStream.h > ..\kernel\VkStream.h
VkUUID.cpp > ..\kernel\VkUUID.cpp
VkUUID.h > ..\kernel\VkUUID.h
Vos_VMSMemoryRegion.cpp > ..\kernel\Vos_VMSMemoryRegion.cpp
Vos_VMSMemoryRegion.h > ..\kernel\Vos_VMSMemoryRegion.h
Vp_AIX_4x.h > ..\kernel\Vp_AIX_4x.h
VPassthru.cpp > ..\kernel\VPassthru.cpp
VPath.cpp > ..\kernel\VPath.cpp
VPath.h > ..\kernel\VPath.h
VPeerDataArray.cpp > ..\kernel\VPeerDataArray.cpp
VPeerDataArray.h > ..\kernel\VPeerDataArray.h
VPeerData.cpp > ..\kernel\VPeerData.cpp
VPeerData.h > ..\kernel\VPeerData.h
Vp_FDS.h > ..\kernel\Vp_FDS.h
VpFileMapping_AIX_4x.h > ..\kernel\VpFileMapping_AIX_4x.h
VpFileMapping_HPUX_10x.h > ..\kernel\VpFileMapping_HPUX_10x.h
VpFileMapping_Linux.h > ..\kernel\VpFileMapping_Linux.h
VpFileMapping_OpenVMS_7x.h > ..\kernel\VpFileMapping_OpenVMS_7x.h
VpFileMapping_Solaris_2x.h > ..\kernel\VpFileMapping_Solaris_2x.h
VpFileMapping_Win32_1x.h > ..\kernel\VpFileMapping_Win32_1x.h
Vp_HPUX_10x.h > ..\kernel\Vp_HPUX_10x.h
Vp_Linux.h > ..\kernel\Vp_Linux.h
Vp_OpenVMS_7x.h > ..\kernel\Vp_OpenVMS_7x.h
Vps.cpp > ..\kernel\Vps.cpp
Vps.h > ..\kernel\Vps.h
Vps_IMessage.cpp > ..\kernel\Vps_IMessage.cpp
Vps_IMessage.h > ..\kernel\Vps_IMessage.h
Vps_IMessageSink.cpp > ..\kernel\Vps_IMessageSink.cpp
Vps_IMessageSink.h > ..\kernel\Vps_IMessageSink.h
Vps_IPublication.cpp > ..\kernel\Vps_IPublication.cpp
Vps_IPublication.h > ..\kernel\Vps_IPublication.h
Vps_ISubscription.cpp > ..\kernel\Vps_ISubscription.cpp
Vps_ISubscription.h > ..\kernel\Vps_ISubscription.h
Vps_IWatermarkablePublication.cpp > ..\kernel\Vps_IWatermarkablePublication.cpp
Vps_IWatermarkablePublication.h > ..\kernel\Vps_IWatermarkablePublication.h
Vps_IWatermarkedDataSink.cpp > ..\kernel\Vps_IWatermarkedDataSink.cpp
Vps_IWatermarkedDataSink.h > ..\kernel\Vps_IWatermarkedDataSink.h
VpSocket_AIX_4x.h > ..\kernel\VpSocket_AIX_4x.h
VpSocket_HPUX_10x.h > ..\kernel\VpSocket_HPUX_10x.h
VpSocket_Linux.h > ..\kernel\VpSocket_Linux.h
VpSocket_OpenVMS_7x.h > ..\kernel\VpSocket_OpenVMS_7x.h
VpSocket_Solaris_2x.h > ..\kernel\VpSocket_Solaris_2x.h
VpSocket_Win32_1x.h > ..\kernel\VpSocket_Win32_1x.h
Vp_Solaris_2x.h > ..\kernel\Vp_Solaris_2x.h
Vps_VPublication.cpp > ..\kernel\Vps_VPublication.cpp
Vps_VPublication.h > ..\kernel\Vps_VPublication.h
Vps_VRegistrar.cpp > ..\kernel\Vps_VRegistrar.cpp
Vps_VRegistrar.h > ..\kernel\Vps_VRegistrar.h
Vps_VRelayPublication.cpp > ..\kernel\Vps_VRelayPublication.cpp
Vps_VRelayPublicationDirectory.cpp > ..\kernel\Vps_VRelayPublicationDirectory.cpp
Vps_VRelayPublicationDirectory.h > ..\kernel\Vps_VRelayPublicationDirectory.h
Vps_VRelayPublication.h > ..\kernel\Vps_VRelayPublication.h
Vp_Win32_1x.h > ..\kernel\Vp_Win32_1x.h
VReceiver.h > ..\kernel\VReceiver.h
VReferenceable.cpp > ..\kernel\VReferenceable.cpp
VReferenceable.h > ..\kernel\VReferenceable.h
VReference.h > ..\kernel\VReference.h
VRunTimeType.cpp > ..\kernel\VRunTimeType.cpp
VRunTimeType.h > ..\kernel\VRunTimeType.h
Vsa_CompilerAlreadyHappy.h > ..\kernel\Vsa_CompilerAlreadyHappy.h
Vsa_CompilerHappyPill.h > ..\kernel\Vsa_CompilerHappyPill.h
Vsa.cpp > ..\kernel\Vsa.cpp
Vsa.h > ..\kernel\Vsa.h
Vsa_IEvaluation.cpp > ..\kernel\Vsa_IEvaluation.cpp
Vsa_IEvaluation.h > ..\kernel\Vsa_IEvaluation.h
Vsa_IEvaluationResult.cpp > ..\kernel\Vsa_IEvaluationResult.cpp
Vsa_IEvaluationResult.h > ..\kernel\Vsa_IEvaluationResult.h
Vsa_IEvaluatorClient.cpp > ..\kernel\Vsa_IEvaluatorClient.cpp
Vsa_IEvaluatorClient.h > ..\kernel\Vsa_IEvaluatorClient.h
Vsa_IEvaluatorControl.cpp > ..\kernel\Vsa_IEvaluatorControl.cpp
Vsa_IEvaluatorControl.h > ..\kernel\Vsa_IEvaluatorControl.h
Vsa_IEvaluator.cpp > ..\kernel\Vsa_IEvaluator.cpp
Vsa_IEvaluator_Gofers.cpp > ..\kernel\Vsa_IEvaluator_Gofers.cpp
Vsa_IEvaluator_Gofers.h > ..\kernel\Vsa_IEvaluator_Gofers.h
Vsa_IEvaluator.h > ..\kernel\Vsa_IEvaluator.h
Vsa_IEvaluatorPool.cpp > ..\kernel\Vsa_IEvaluatorPool.cpp
Vsa_IEvaluatorPool_Ex1.cpp > ..\kernel\Vsa_IEvaluatorPool_Ex1.cpp
Vsa_IEvaluatorPool_Ex1.h > ..\kernel\Vsa_IEvaluatorPool_Ex1.h
Vsa_IEvaluatorPool_Ex2.cpp > ..\kernel\Vsa_IEvaluatorPool_Ex2.cpp
Vsa_IEvaluatorPool_Ex2.h > ..\kernel\Vsa_IEvaluatorPool_Ex2.h
Vsa_IEvaluatorPool_Ex3.cpp > ..\kernel\Vsa_IEvaluatorPool_Ex3.cpp
Vsa_IEvaluatorPool_Ex3.h > ..\kernel\Vsa_IEvaluatorPool_Ex3.h
Vsa_IEvaluatorPool_Ex4.cpp > ..\kernel\Vsa_IEvaluatorPool_Ex4.cpp
Vsa_IEvaluatorPool_Ex4.h > ..\kernel\Vsa_IEvaluatorPool_Ex4.h
Vsa_IEvaluatorPool.h > ..\kernel\Vsa_IEvaluatorPool.h
Vsa_IEvaluatorPoolSettings.cpp > ..\kernel\Vsa_IEvaluatorPoolSettings.cpp
Vsa_IEvaluatorPoolSettings_Ex1.cpp > ..\kernel\Vsa_IEvaluatorPoolSettings_Ex1.cpp
Vsa_IEvaluatorPoolSettings_Ex1.h > ..\kernel\Vsa_IEvaluatorPoolSettings_Ex1.h
Vsa_IEvaluatorPoolSettings_Ex2.cpp > ..\kernel\Vsa_IEvaluatorPoolSettings_Ex2.cpp
Vsa_IEvaluatorPoolSettings_Ex2.h > ..\kernel\Vsa_IEvaluatorPoolSettings_Ex2.h
Vsa_IEvaluatorPoolSettings_Ex3.cpp > ..\kernel\Vsa_IEvaluatorPoolSettings_Ex3.cpp
Vsa_IEvaluatorPoolSettings_Ex3.h > ..\kernel\Vsa_IEvaluatorPoolSettings_Ex3.h
Vsa_IEvaluatorPoolSettings_Ex4.cpp > ..\kernel\Vsa_IEvaluatorPoolSettings_Ex4.cpp
Vsa_IEvaluatorPoolSettings_Ex4.h > ..\kernel\Vsa_IEvaluatorPoolSettings_Ex4.h
Vsa_IEvaluatorPoolSettings_Ex5.cpp > ..\kernel\Vsa_IEvaluatorPoolSettings_Ex5.cpp
Vsa_IEvaluatorPoolSettings_Ex5.h > ..\kernel\Vsa_IEvaluatorPoolSettings_Ex5.h
Vsa_IEvaluatorPoolSettings_Ex6.cpp > ..\kernel\Vsa_IEvaluatorPoolSettings_Ex6.cpp
Vsa_IEvaluatorPoolSettings_Ex6.h > ..\kernel\Vsa_IEvaluatorPoolSettings_Ex6.h
Vsa_IEvaluatorPoolSettings_Ex7.cpp > ..\kernel\Vsa_IEvaluatorPoolSettings_Ex7.cpp
Vsa_IEvaluatorPoolSettings_Ex7.h > ..\kernel\Vsa_IEvaluatorPoolSettings_Ex7.h
Vsa_IEvaluatorPoolSettings.h > ..\kernel\Vsa_IEvaluatorPoolSettings.h
Vsa_IEvaluatorPump.cpp > ..\kernel\Vsa_IEvaluatorPump.cpp
Vsa_IEvaluatorPump.h > ..\kernel\Vsa_IEvaluatorPump.h
Vsa_IEvaluatorPumpSettings.cpp > ..\kernel\Vsa_IEvaluatorPumpSettings.cpp
Vsa_IEvaluatorPumpSettings.h > ..\kernel\Vsa_IEvaluatorPumpSettings.h
Vsa_IEvaluatorSettings.cpp > ..\kernel\Vsa_IEvaluatorSettings.cpp
Vsa_IEvaluatorSettings.h > ..\kernel\Vsa_IEvaluatorSettings.h
Vsa_IEvaluatorSourceControl.cpp > ..\kernel\Vsa_IEvaluatorSourceControl.cpp
Vsa_IEvaluatorSourceControl.h > ..\kernel\Vsa_IEvaluatorSourceControl.h
Vsa_IPoolApplication.cpp > ..\kernel\Vsa_IPoolApplication.cpp
Vsa_IPoolApplication_Ex1.cpp > ..\kernel\Vsa_IPoolApplication_Ex1.cpp
Vsa_IPoolApplication_Ex1.h > ..\kernel\Vsa_IPoolApplication_Ex1.h
Vsa_IPoolApplication_Ex2.cpp > ..\kernel\Vsa_IPoolApplication_Ex2.cpp
Vsa_IPoolApplication_Ex2.h > ..\kernel\Vsa_IPoolApplication_Ex2.h
Vsa_IPoolApplication.h > ..\kernel\Vsa_IPoolApplication.h
Vsa_IPoolEvaluation.cpp > ..\kernel\Vsa_IPoolEvaluation.cpp
Vsa_IPoolEvaluation_Ex1.cpp > ..\kernel\Vsa_IPoolEvaluation_Ex1.cpp
Vsa_IPoolEvaluation_Ex1.h > ..\kernel\Vsa_IPoolEvaluation_Ex1.h
Vsa_IPoolEvaluation.h > ..\kernel\Vsa_IPoolEvaluation.h
Vsa_IPoolWorker.cpp > ..\kernel\Vsa_IPoolWorker.cpp
Vsa_IPoolWorker.h > ..\kernel\Vsa_IPoolWorker.h
Vsa_ISubscription.cpp > ..\kernel\Vsa_ISubscription.cpp
Vsa_ISubscription.h > ..\kernel\Vsa_ISubscription.h
Vsa_IUpDownPublisher.cpp > ..\kernel\Vsa_IUpDownPublisher.cpp
Vsa_IUpDownPublisher.h > ..\kernel\Vsa_IUpDownPublisher.h
Vsa_IUpDownSubscriber.cpp > ..\kernel\Vsa_IUpDownSubscriber.cpp
Vsa_IUpDownSubscriber.h > ..\kernel\Vsa_IUpDownSubscriber.h
VsaPrompt.cpp > ..\kernel\VsaPrompt.cpp
VsaPrompt.h > ..\kernel\VsaPrompt.h
Vsa_VEvaluation.cpp > ..\kernel\Vsa_VEvaluation.cpp
Vsa_VEvaluation.h > ..\kernel\Vsa_VEvaluation.h
Vsa_VEvaluationResult.cpp > ..\kernel\Vsa_VEvaluationResult.cpp
Vsa_VEvaluationResult.h > ..\kernel\Vsa_VEvaluationResult.h
Vsa_VEvaluatorClient.cpp > ..\kernel\Vsa_VEvaluatorClient.cpp
Vsa_VEvaluatorClient.h > ..\kernel\Vsa_VEvaluatorClient.h
Vsa_VEvaluatorClientWaiter.cpp > ..\kernel\Vsa_VEvaluatorClientWaiter.cpp
Vsa_VEvaluatorClientWaiter.h > ..\kernel\Vsa_VEvaluatorClientWaiter.h
Vsa_VEvaluator.cpp > ..\kernel\Vsa_VEvaluator.cpp
Vsa_VEvaluator.h > ..\kernel\Vsa_VEvaluator.h
Vsa_VEvaluatorPool.cpp > ..\kernel\Vsa_VEvaluatorPool.cpp
Vsa_VEvaluatorPool.h > ..\kernel\Vsa_VEvaluatorPool.h
Vsa_VEvaluatorPump.cpp > ..\kernel\Vsa_VEvaluatorPump.cpp
Vsa_VEvaluatorPump.h > ..\kernel\Vsa_VEvaluatorPump.h
Vsa_VEvaluatorPumpSource.cpp > ..\kernel\Vsa_VEvaluatorPumpSource.cpp
Vsa_VEvaluatorPumpSource.h > ..\kernel\Vsa_VEvaluatorPumpSource.h
Vsa_VEvaluatorSource.cpp > ..\kernel\Vsa_VEvaluatorSource.cpp
Vsa_VEvaluatorSource.h > ..\kernel\Vsa_VEvaluatorSource.h
Vsa_VGenericEvaluation.cpp > ..\kernel\Vsa_VGenericEvaluation.cpp
Vsa_VGenericEvaluation.h > ..\kernel\Vsa_VGenericEvaluation.h
Vsa_VPathQuery.cpp > ..\kernel\Vsa_VPathQuery.cpp
Vsa_VPathQuery.h > ..\kernel\Vsa_VPathQuery.h
Vsa_VPoolAdmin.cpp > ..\kernel\Vsa_VPoolAdmin.cpp
Vsa_VPoolAdmin.h > ..\kernel\Vsa_VPoolAdmin.h
Vsa_VPoolAdminInterpreter.cpp > ..\kernel\Vsa_VPoolAdminInterpreter.cpp
Vsa_VPoolAdminInterpreter.h > ..\kernel\Vsa_VPoolAdminInterpreter.h
Vsa_VPoolAdminSession.cpp > ..\kernel\Vsa_VPoolAdminSession.cpp
Vsa_VPoolAdminSession.h > ..\kernel\Vsa_VPoolAdminSession.h
Vsa_VPoolApplication.cpp > ..\kernel\Vsa_VPoolApplication.cpp
Vsa_VPoolApplication.h > ..\kernel\Vsa_VPoolApplication.h
Vsa_VPoolBroadcast.cpp > ..\kernel\Vsa_VPoolBroadcast.cpp
Vsa_VPoolBroadcastEvaluation.cpp > ..\kernel\Vsa_VPoolBroadcastEvaluation.cpp
Vsa_VPoolBroadcastEvaluation.h > ..\kernel\Vsa_VPoolBroadcastEvaluation.h
Vsa_VPoolBroadcast.h > ..\kernel\Vsa_VPoolBroadcast.h
Vsa_VPoolEvaluation.cpp > ..\kernel\Vsa_VPoolEvaluation.cpp
Vsa_VPoolEvaluation.h > ..\kernel\Vsa_VPoolEvaluation.h
Vsa_VPoolWorker.cpp > ..\kernel\Vsa_VPoolWorker.cpp
Vsa_VPoolWorkerGeneration.cpp > ..\kernel\Vsa_VPoolWorkerGeneration.cpp
Vsa_VPoolWorkerGeneration.h > ..\kernel\Vsa_VPoolWorkerGeneration.h
Vsa_VPoolWorker.h > ..\kernel\Vsa_VPoolWorker.h
Vsa_VPrompt.cpp > ..\kernel\Vsa_VPrompt.cpp
Vsa_VPrompt.h > ..\kernel\Vsa_VPrompt.h
Vsa_VRequestMaker.cpp > ..\kernel\Vsa_VRequestMaker.cpp
Vsa_VRequestMaker_.h > ..\kernel\Vsa_VRequestMaker_.h
Vsa_VRequestMaker.h > ..\kernel\Vsa_VRequestMaker.h
Vsa_VResultBuilder_.h > ..\kernel\Vsa_VResultBuilder_.h
Vsa_VsaDirectoryBuilder.cpp > ..\kernel\Vsa_VsaDirectoryBuilder.cpp
Vsa_VsaDirectoryBuilder.h > ..\kernel\Vsa_VsaDirectoryBuilder.h
Vsa_VSmartEvaluatorSource.cpp > ..\kernel\Vsa_VSmartEvaluatorSource.cpp
Vsa_VSmartEvaluatorSource.h > ..\kernel\Vsa_VSmartEvaluatorSource.h
VServer.cpp > ..\kernel\VServer.cpp
VServer.h > ..\kernel\VServer.h
VSimpleFile.cpp > ..\kernel\VSimpleFile.cpp
VSimpleFile.h > ..\kernel\VSimpleFile.h
VStaticTransient.cpp > ..\kernel\VStaticTransient.cpp
VStaticTransient.h > ..\kernel\VStaticTransient.h
VTransient.cpp > ..\kernel\VTransient.cpp
VTransient.h > ..\kernel\VTransient.h
VTransientServices.cpp > ..\kernel\VTransientServices.cpp
VTransientServices.h > ..\kernel\VTransientServices.h
VTypeInfo.cpp > ..\kernel\VTypeInfo.cpp
VTypeInfo.h > ..\kernel\VTypeInfo.h
VTypeTraits.h > ..\kernel\VTypeTraits.h
VUtilities.cpp > ..\kernel\VUtilities.cpp
VUtilities.h > ..\kernel\VUtilities.h
VUtilities_ZlibCompressor.cpp > ..\kernel\VUtilities_ZlibCompressor.cpp
VUtilities_ZlibCompressor.h > ..\kernel\VUtilities_ZlibCompressor.h
VUtilities_ZlibDecompressor.cpp > ..\kernel\VUtilities_ZlibDecompressor.cpp
VUtilities_ZlibDecompressor.h > ..\kernel\VUtilities_ZlibDecompressor.h
V_VAbstractFunction.h > ..\kernel\V_VAbstractFunction.h
V_VAbstractProcedure.h > ..\kernel\V_VAbstractProcedure.h
V_VAdaptiveAllocator.cpp > ..\kernel\V_VAdaptiveAllocator.cpp
V_VAdaptiveAllocator.h > ..\kernel\V_VAdaptiveAllocator.h
V_VAddin.cpp > ..\kernel\V_VAddin.cpp
V_VAddin.h > ..\kernel\V_VAddin.h
V_VAggregatePointer.h > ..\kernel\V_VAggregatePointer.h
V_VAggregatePointer_NRK.h > ..\kernel\V_VAggregatePointer_NRK.h
V_VAllocator.cpp > ..\kernel\V_VAllocator.cpp
V_VAllocator.h > ..\kernel\V_VAllocator.h
V_VApplicationLog.cpp > ..\kernel\V_VApplicationLog.cpp
V_VApplicationLog.h > ..\kernel\V_VApplicationLog.h
V_VArea.h > ..\kernel\V_VArea.h
V_VArgList.cpp > ..\kernel\V_VArgList.cpp
V_VArgList.h > ..\kernel\V_VArgList.h
V_VAtom.cpp > ..\kernel\V_VAtom.cpp
V_VAtom.h > ..\kernel\V_VAtom.h
V_VAtomic.h > ..\kernel\V_VAtomic.h
V_VAtomicMemoryOperations_.h > ..\kernel\V_VAtomicMemoryOperations_.h
V_VAtomicMemoryOperations.h > ..\kernel\V_VAtomicMemoryOperations.h
V_VAtomicOperations_.h > ..\kernel\V_VAtomicOperations_.h
V_VBlob.cpp > ..\kernel\V_VBlob.cpp
V_VBlob.h > ..\kernel\V_VBlob.h
V_VCommandLine.cpp > ..\kernel\V_VCommandLine.cpp
V_VCommandLine.h > ..\kernel\V_VCommandLine.h
V_VCondvar.cpp > ..\kernel\V_VCondvar.cpp
V_VCondvar.h > ..\kernel\V_VCondvar.h
V_VCOS.cpp > ..\kernel\V_VCOS.cpp
V_VCOS.h > ..\kernel\V_VCOS.h
V_VCounter.h > ..\kernel\V_VCounter.h
V_VCount.h > ..\kernel\V_VCount.h
V_VEternal.h > ..\kernel\V_VEternal.h
V_VFamilyValues.h > ..\kernel\V_VFamilyValues.h
V_VFifoLite.cpp > ..\kernel\V_VFifoLite.cpp
V_VFifoLite.h > ..\kernel\V_VFifoLite.h
V_VGSID.cpp > ..\kernel\V_VGSID.cpp
V_VGSID.h > ..\kernel\V_VGSID.h
V_VKeptReference.h > ..\kernel\V_VKeptReference.h
V_VLinkedQueue_.h > ..\kernel\V_VLinkedQueue_.h
V_VLock.cpp > ..\kernel\V_VLock.cpp
V_VLock.h > ..\kernel\V_VLock.h
V_VLogger.cpp > ..\kernel\V_VLogger.cpp
V_VLogger.h > ..\kernel\V_VLogger.h
V_VManagedThread.cpp > ..\kernel\V_VManagedThread.cpp
V_VManagedThread.h > ..\kernel\V_VManagedThread.h
V_VMM.cpp > ..\kernel\V_VMM.cpp
V_VMM.h > ..\kernel\V_VMM.h
V_VMutex.cpp > ..\kernel\V_VMutex.cpp
V_VMutexed.h > ..\kernel\V_VMutexed.h
V_VMutex.h > ..\kernel\V_VMutex.h
V_VNullock.cpp > ..\kernel\V_VNullock.cpp
V_VNullock.h > ..\kernel\V_VNullock.h
V_VPointer.h > ..\kernel\V_VPointer.h
V_VPointer_NRK.h > ..\kernel\V_VPointer_NRK.h
V_VQueue.h > ..\kernel\V_VQueue.h
V_VRandom.cpp > ..\kernel\V_VRandom.cpp
V_VRandom.h > ..\kernel\V_VRandom.h
V_VReferenceable_.h > ..\kernel\V_VReferenceable_.h
V_VRTTI.cpp > ..\kernel\V_VRTTI.cpp
V_VRTTI.h > ..\kernel\V_VRTTI.h
V_VSchedulable.h > ..\kernel\V_VSchedulable.h
V_VScheduler.cpp > ..\kernel\V_VScheduler.cpp
V_VScheduler.h > ..\kernel\V_VScheduler.h
V_VScoped_.h > ..\kernel\V_VScoped_.h
V_VScopedResource.cpp > ..\kernel\V_VScopedResource.cpp
V_VScopedResource.h > ..\kernel\V_VScopedResource.h
V_VSemaphore.cpp > ..\kernel\V_VSemaphore.cpp
V_VSemaphore.h > ..\kernel\V_VSemaphore.h
V_VSpinlock.cpp > ..\kernel\V_VSpinlock.cpp
V_VSpinlock.h > ..\kernel\V_VSpinlock.h
V_VSSID.cpp > ..\kernel\V_VSSID.cpp
V_VSSID.h > ..\kernel\V_VSSID.h
V_VString.cpp > ..\kernel\V_VString.cpp
V_VString.h > ..\kernel\V_VString.h
V_VSynchronizationObject.h > ..\kernel\V_VSynchronizationObject.h
V_VThread.cpp > ..\kernel\V_VThread.cpp
V_VThreadedProcessor_.h > ..\kernel\V_VThreadedProcessor_.h
V_VThread.h > ..\kernel\V_VThread.h
V_VThreadSpecific.cpp > ..\kernel\V_VThreadSpecific.cpp
V_VThreadSpecific.h > ..\kernel\V_VThreadSpecific.h
V_VTime.cpp > ..\kernel\V_VTime.cpp
V_VTime.h > ..\kernel\V_VTime.h
V_VTwiddler.cpp > ..\kernel\V_VTwiddler.cpp
V_VTwiddler.h > ..\kernel\V_VTwiddler.h
V_VUnmanagedThread.cpp > ..\kernel\V_VUnmanagedThread.cpp
V_VUnmanagedThread.h > ..\kernel\V_VUnmanagedThread.h
V_VWaiter.cpp > ..\kernel\V_VWaiter.cpp
V_VWaiter.h > ..\kernel\V_VWaiter.h
V_VXRef.h > ..\kernel\V_VXRef.h
Vxa.cpp > ..\kernel\Vxa.cpp
Vxa.h > ..\kernel\Vxa.h
Vxa_ICaller.cpp > ..\kernel\Vxa_ICaller.cpp
Vxa_ICaller.h > ..\kernel\Vxa_ICaller.h
Vxa_ICollection.cpp > ..\kernel\Vxa_ICollection.cpp
Vxa_ICollection.h > ..\kernel\Vxa_ICollection.h
Vxa_INumericSink.cpp > ..\kernel\Vxa_INumericSink.cpp
Vxa_INumericSink.h > ..\kernel\Vxa_INumericSink.h
Vxa_ISingleton.cpp > ..\kernel\Vxa_ISingleton.cpp
Vxa_ISingleton.h > ..\kernel\Vxa_ISingleton.h
Vxa_IVSNFTaskHolder1.cpp > ..\kernel\Vxa_IVSNFTaskHolder1.cpp
Vxa_IVSNFTaskHolder1.h > ..\kernel\Vxa_IVSNFTaskHolder1.h
Vxa_IVSNFTaskHolder2.cpp > ..\kernel\Vxa_IVSNFTaskHolder2.cpp
Vxa_IVSNFTaskHolder2.h > ..\kernel\Vxa_IVSNFTaskHolder2.h
Vxa_IVSNFTaskHolder.cpp > ..\kernel\Vxa_IVSNFTaskHolder.cpp
Vxa_IVSNFTaskHolder.h > ..\kernel\Vxa_IVSNFTaskHolder.h
Vxa_IVSNFTaskImplementation2.cpp > ..\kernel\Vxa_IVSNFTaskImplementation2.cpp
Vxa_IVSNFTaskImplementation2.h > ..\kernel\Vxa_IVSNFTaskImplementation2.h
Vxa_IVSNFTaskImplementation3.cpp > ..\kernel\Vxa_IVSNFTaskImplementation3.cpp
Vxa_IVSNFTaskImplementation3.h > ..\kernel\Vxa_IVSNFTaskImplementation3.h
Vxa_IVSNFTaskImplementation3NC.cpp > ..\kernel\Vxa_IVSNFTaskImplementation3NC.cpp
Vxa_IVSNFTaskImplementation3NC.h > ..\kernel\Vxa_IVSNFTaskImplementation3NC.h
Vxa_IVSNFTaskImplementation.cpp > ..\kernel\Vxa_IVSNFTaskImplementation.cpp
Vxa_IVSNFTaskImplementation.h > ..\kernel\Vxa_IVSNFTaskImplementation.h
Vxa_Main.cpp > ..\kernel\Vxa_Main.cpp
Vxa_Main.h > ..\kernel\Vxa_Main.h
Vxa_VArrayConstructor.h > ..\kernel\Vxa_VArrayConstructor.h
Vxa_VArray.h > ..\kernel\Vxa_VArray.h
Vxa_VCallAgent.cpp > ..\kernel\Vxa_VCallAgent.cpp
Vxa_VCallAgent.h > ..\kernel\Vxa_VCallAgent.h
Vxa_VCallData.cpp > ..\kernel\Vxa_VCallData.cpp
Vxa_VCallData.h > ..\kernel\Vxa_VCallData.h
Vxa_VCallHandle.cpp > ..\kernel\Vxa_VCallHandle.cpp
Vxa_VCallHandle.h > ..\kernel\Vxa_VCallHandle.h
Vxa_VCallType1.cpp > ..\kernel\Vxa_VCallType1.cpp
Vxa_VCallType1Exporter.cpp > ..\kernel\Vxa_VCallType1Exporter.cpp
Vxa_VCallType1Exporter.h > ..\kernel\Vxa_VCallType1Exporter.h
Vxa_VCallType1.h > ..\kernel\Vxa_VCallType1.h
Vxa_VCallType2.cpp > ..\kernel\Vxa_VCallType2.cpp
Vxa_VCallType2Exporter.cpp > ..\kernel\Vxa_VCallType2Exporter.cpp
Vxa_VCallType2Exporter.h > ..\kernel\Vxa_VCallType2Exporter.h
Vxa_VCallType2.h > ..\kernel\Vxa_VCallType2.h
Vxa_VCardinalityHints.cpp > ..\kernel\Vxa_VCardinalityHints.cpp
Vxa_VCardinalityHints.h > ..\kernel\Vxa_VCardinalityHints.h
Vxa_VClass.cpp > ..\kernel\Vxa_VClass.cpp
Vxa_VClass.h > ..\kernel\Vxa_VClass.h
Vxa_VCLF.cpp > ..\kernel\Vxa_VCLF.cpp
Vxa_VCLF.h > ..\kernel\Vxa_VCLF.h
Vxa_VCollectableCollection.cpp > ..\kernel\Vxa_VCollectableCollection.cpp
Vxa_VCollectableCollection.h > ..\kernel\Vxa_VCollectableCollection.h
Vxa_VCollectableCollectionOf.h > ..\kernel\Vxa_VCollectableCollectionOf.h
Vxa_VCollectable.h > ..\kernel\Vxa_VCollectable.h
Vxa_VCollectableMethod.h > ..\kernel\Vxa_VCollectableMethod.h
Vxa_VCollectableObject.cpp > ..\kernel\Vxa_VCollectableObject.cpp
Vxa_VCollectableObject.h > ..\kernel\Vxa_VCollectableObject.h
Vxa_VCollection.cpp > ..\kernel\Vxa_VCollection.cpp
Vxa_VCollection.h > ..\kernel\Vxa_VCollection.h
Vxa_VConstant.h > ..\kernel\Vxa_VConstant.h
Vxa_VCursor.cpp > ..\kernel\Vxa_VCursor.cpp
Vxa_VCursor.h > ..\kernel\Vxa_VCursor.h
Vxa_VError.cpp > ..\kernel\Vxa_VError.cpp
Vxa_VError.h > ..\kernel\Vxa_VError.h
Vxa_VExportable.cpp > ..\kernel\Vxa_VExportable.cpp
Vxa_VExportableDatum.cpp > ..\kernel\Vxa_VExportableDatum.cpp
Vxa_VExportableDatum.h > ..\kernel\Vxa_VExportableDatum.h
Vxa_VExportable.h > ..\kernel\Vxa_VExportable.h
Vxa_VFiniteSet.cpp > ..\kernel\Vxa_VFiniteSet.cpp
Vxa_VFiniteSet.h > ..\kernel\Vxa_VFiniteSet.h
Vxa_VImportable.cpp > ..\kernel\Vxa_VImportable.cpp
Vxa_VImportable.h > ..\kernel\Vxa_VImportable.h
Vxa_VInfiniteSet.cpp > ..\kernel\Vxa_VInfiniteSet.cpp
Vxa_VInfiniteSet.h > ..\kernel\Vxa_VInfiniteSet.h
Vxa_VInfiniteSetOf.h > ..\kernel\Vxa_VInfiniteSetOf.h
Vxa_VMap.cpp > ..\kernel\Vxa_VMap.cpp
Vxa_VMap.h > ..\kernel\Vxa_VMap.h
Vxa_VMapMaker.cpp > ..\kernel\Vxa_VMapMaker.cpp
Vxa_VMapMaker.h > ..\kernel\Vxa_VMapMaker.h
Vxa_VMethod.cpp > ..\kernel\Vxa_VMethod.cpp
Vxa_VMethod.h > ..\kernel\Vxa_VMethod.h
Vxa_VMonotypeMap.cpp > ..\kernel\Vxa_VMonotypeMap.cpp
Vxa_VMonotypeMap.h > ..\kernel\Vxa_VMonotypeMap.h
Vxa_VMonotypeMapMaker.cpp > ..\kernel\Vxa_VMonotypeMapMaker.cpp
Vxa_VMonotypeMapMakerFor.cpp > ..\kernel\Vxa_VMonotypeMapMakerFor.cpp
Vxa_VMonotypeMapMakerFor.h > ..\kernel\Vxa_VMonotypeMapMakerFor.h
Vxa_VMonotypeMapMaker.h > ..\kernel\Vxa_VMonotypeMapMaker.h
Vxa_VParameter.h > ..\kernel\Vxa_VParameter.h
Vxa_VPolytypeMap.cpp > ..\kernel\Vxa_VPolytypeMap.cpp
Vxa_VPolytypeMap.h > ..\kernel\Vxa_VPolytypeMap.h
Vxa_VPolytypeMapMaker.cpp > ..\kernel\Vxa_VPolytypeMapMaker.cpp
Vxa_VPolytypeMapMaker.h > ..\kernel\Vxa_VPolytypeMapMaker.h
Vxa_VResultBuilder.cpp > ..\kernel\Vxa_VResultBuilder.cpp
Vxa_VResultBuilder.h > ..\kernel\Vxa_VResultBuilder.h
Vxa_VRolePlayer.cpp > ..\kernel\Vxa_VRolePlayer.cpp
Vxa_VRolePlayer.h > ..\kernel\Vxa_VRolePlayer.h
Vxa_VScalar.h > ..\kernel\Vxa_VScalar.h
Vxa_VSerializer2DynArray.cpp > ..\kernel\Vxa_VSerializer2DynArray.cpp
Vxa_VSerializer2DynArray.h > ..\kernel\Vxa_VSerializer2DynArray.h
Vxa_VServerApplication.cpp > ..\kernel\Vxa_VServerApplication.cpp
Vxa_VServerApplication.h > ..\kernel\Vxa_VServerApplication.h
Vxa_VSet.cpp > ..\kernel\Vxa_VSet.cpp
Vxa_VSet.h > ..\kernel\Vxa_VSet.h
Vxa_VTask.cpp > ..\kernel\Vxa_VTask.cpp
Vxa_VTaskCursor.cpp > ..\kernel\Vxa_VTaskCursor.cpp
Vxa_VTaskCursor.h > ..\kernel\Vxa_VTaskCursor.h
Vxa_VTask.h > ..\kernel\Vxa_VTask.h
Vxa_VType.cpp > ..\kernel\Vxa_VType.cpp
Vxa_VType.h > ..\kernel\Vxa_VType.h
m.d > ..\network\m.d
popvector.d > ..\network\popvector.d
ps.d > ..\network\ps.d
RTblock.d > ..\network\RTblock.d
RTcharuv.d > ..\network\RTcharuv.d
RTclosure.d > ..\network\RTclosure.d
RTcontext.d > ..\network\RTcontext.d
RTdictionary.d > ..\network\RTdictionary.d
RTdoubleuv.d > ..\network\RTdoubleuv.d
RTdsc.d > ..\network\RTdsc.d
RTfloatuv.d > ..\network\RTfloatuv.d
RTindex.d > ..\network\RTindex.d
RTintuv.d > ..\network\RTintuv.d
RTlink.d > ..\network\RTlink.d
RTlstore.d > ..\network\RTlstore.d
RTmethod.d > ..\network\RTmethod.d
RTparray.d > ..\network\RTparray.d
RTpct.d > ..\network\RTpct.d
RTptoken.d > ..\network\RTptoken.d
RTrefuv.d > ..\network\RTrefuv.d
RTseluv.d > ..\network\RTseluv.d
RTstring.d > ..\network\RTstring.d
RTtct.d > ..\network\RTtct.d
RTu128uv.d > ..\network\RTu128uv.d
RTu64uv.d > ..\network\RTu64uv.d
RTu96uv.d > ..\network\RTu96uv.d
RTundefuv.d > ..\network\RTundefuv.d
RTvector.d > ..\network\RTvector.d
RTvstore.d > ..\network\RTvstore.d
rtype.d > ..\network\rtype.d
uvector.d > ..\network\uvector.d
VComponentReference.h > ..\network\VComponentReference.h
VDatabaseActivation.cpp > ..\network\VDatabaseActivation.cpp
VDatabaseActivation.h > ..\network\VDatabaseActivation.h
VDatabaseComponent.cpp > ..\network\VDatabaseComponent.cpp
VDatabaseComponent.h > ..\network\VDatabaseComponent.h
VDatabase.cpp > ..\network\VDatabase.cpp
VDatabaseFederator.cpp > ..\network\VDatabaseFederator.cpp
VDatabaseFederator.h > ..\network\VDatabaseFederator.h
VDatabase.h > ..\network\VDatabase.h
VDatabaseNDF.cpp > ..\network\VDatabaseNDF.cpp
VDatabaseNDF.h > ..\network\VDatabaseNDF.h
VDatabaseRoot.cpp > ..\network\VDatabaseRoot.cpp
VDatabaseRoot.h > ..\network\VDatabaseRoot.h
VdbNetwork.cpp > ..\network\VdbNetwork.cpp
VdbNetwork.h > ..\network\VdbNetwork.h
checksum.cpp > ..\tools\checksum.cpp
format.cpp > ..\tools\format.cpp
mkmvscript.cpp > ..\tools\mkmvscript.cpp
ndftool.cpp > ..\tools\ndftool.cpp
onprof.cpp > ..\tools\onprof.cpp
paginate.cpp > ..\tools\paginate.cpp
rollback.cpp > ..\tools\rollback.cpp
uuidgen.cpp > ..\tools\uuidgen.cpp
viewndf.cpp > ..\tools\viewndf.cpp
viewseg.cpp > ..\tools\viewseg.cpp
VpFileMapping.h > ..\tools\VpFileMapping.h
Vp.h > ..\tools\Vp.h
VpSocket.h > ..\tools\VpSocket.h
vquery.cpp > ..\tools\vquery.cpp
vquery.h > ..\tools\vquery.h
xndfosds.cpp > ..\tools\xndfosds.cpp
VpFileMapping.h > ..\VcaMain\VpFileMapping.h
Vp.h > ..\VcaMain\Vp.h
VpSocket.h > ..\VcaMain\VpSocket.h
VpFileMapping.h > ..\vcaquery\VpFileMapping.h
Vp.h > ..\vcaquery\Vp.h
VpSocket.h > ..\vcaquery\VpSocket.h
vca_sample_distribution_client.cpp > ..\vca_sample_distribution_client\vca_sample_distribution_client.cpp
VpFileMapping.h > ..\vca_sample_distribution_client\VpFileMapping.h
Vp.h > ..\vca_sample_distribution_client\Vp.h
VpSocket.h > ..\vca_sample_distribution_client\VpSocket.h
vca_sample_distribution_server.cpp > ..\vca_sample_distribution_server\vca_sample_distribution_server.cpp
VpFileMapping.h > ..\vca_sample_distribution_server\VpFileMapping.h
Vp.h > ..\vca_sample_distribution_server\Vp.h
VpSocket.h > ..\vca_sample_distribution_server\VpSocket.h
vca_sample_echostring_client.cpp > ..\vca_sample_echostring_client\vca_sample_echostring_client.cpp
VpFileMapping.h > ..\vca_sample_echostring_client\VpFileMapping.h
Vp.h > ..\vca_sample_echostring_client\Vp.h
VpSocket.h > ..\vca_sample_echostring_client\VpSocket.h
vca_sample_echostring_server.cpp > ..\vca_sample_echostring_server\vca_sample_echostring_server.cpp
VpFileMapping.h > ..\vca_sample_echostring_server\VpFileMapping.h
Vp.h > ..\vca_sample_echostring_server\Vp.h
VpSocket.h > ..\vca_sample_echostring_server\VpSocket.h
vca_samples.cpp > ..\vca_samples\vca_samples.cpp
vca_samples.h > ..\vca_samples\vca_samples.h
vca_samples_iechostring2.cpp > ..\vca_samples\vca_samples_iechostring2.cpp
vca_samples_iechostring2.h > ..\vca_samples\vca_samples_iechostring2.h
vca_samples_iechostring.cpp > ..\vca_samples\vca_samples_iechostring.cpp
vca_samples_iechostring.h > ..\vca_samples\vca_samples_iechostring.h
vca_samples_ipublication.cpp > ..\vca_samples\vca_samples_ipublication.cpp
vca_samples_ipublication.h > ..\vca_samples\vca_samples_ipublication.h
vca_samples_isubscription.cpp > ..\vca_samples\vca_samples_isubscription.cpp
vca_samples_isubscription.h > ..\vca_samples\vca_samples_isubscription.h
VpFileMapping.h > ..\vca_samples\VpFileMapping.h
Vp.h > ..\vca_samples\Vp.h
VpSocket.h > ..\vca_samples\VpSocket.h
VpFileMapping.h > ..\vcaservicemanager\VpFileMapping.h
Vp.h > ..\vcaservicemanager\Vp.h
VpSocket.h > ..\vcaservicemanager\VpSocket.h
VpFileMapping.h > ..\vcatool\VpFileMapping.h
Vp.h > ..\vcatool\Vp.h
VpSocket.h > ..\vcatool\VpSocket.h
VpFileMapping.h > ..\Vca\VpFileMapping.h
Vp.h > ..\Vca\Vp.h
VpSocket.h > ..\Vca\VpSocket.h
Vdb.cpp > ..\Vdb\Vdb.cpp
Vdb.h > ..\Vdb\Vdb.h
Vdht.cpp > ..\Vdht\Vdht.cpp
Vdht.h > ..\Vdht\Vdht.h
Vdht_VDirectory.cpp > ..\Vdht\Vdht_VDirectory.cpp
Vdht_VDirectory.h > ..\Vdht\Vdht_VDirectory.h
Vdht_VHT.cpp > ..\Vdht\Vdht_VHT.cpp
Vdht_VHT.h > ..\Vdht\Vdht_VHT.h
VpFileMapping.h > ..\Vdht\VpFileMapping.h
Vp.h > ..\Vdht\Vp.h
VpSocket.h > ..\Vdht\VpSocket.h
Vfx.cpp > ..\Vfx\Vfx.cpp
Vfx.h > ..\Vfx\Vfx.h
Agent.cpp > ..\vlink32\Agent.cpp
Agent.h > ..\vlink32\Agent.h
Collection.cpp > ..\vlink32\Collection.cpp
Collection.h > ..\vlink32\Collection.h
ConnectionController.cpp > ..\vlink32\ConnectionController.cpp
ConnectionController.h > ..\vlink32\ConnectionController.h
Connection.cpp > ..\vlink32\Connection.cpp
ConnectionData.cpp > ..\vlink32\ConnectionData.cpp
ConnectionData.h > ..\vlink32\ConnectionData.h
Connection.h > ..\vlink32\Connection.h
ConnectionTemplate.cpp > ..\vlink32\ConnectionTemplate.cpp
ConnectionTemplate.h > ..\vlink32\ConnectionTemplate.h
Evaluator.cpp > ..\vlink32\Evaluator.cpp
Evaluator.h > ..\vlink32\Evaluator.h
ForwardingAgent.cpp > ..\vlink32\ForwardingAgent.cpp
ForwardingAgent.h > ..\vlink32\ForwardingAgent.h
ForwardingService.cpp > ..\vlink32\ForwardingService.cpp
ForwardingService.h > ..\vlink32\ForwardingService.h
History.cpp > ..\vlink32\History.cpp
History.h > ..\vlink32\History.h
LocatorAgent.cpp > ..\vlink32\LocatorAgent.cpp
LocatorAgent.h > ..\vlink32\LocatorAgent.h
NetworkClient.cpp > ..\vlink32\NetworkClient.cpp
NetworkClient.h > ..\vlink32\NetworkClient.h
Network.cpp > ..\vlink32\Network.cpp
Network.h > ..\vlink32\Network.h
Request.cpp > ..\vlink32\Request.cpp
Request.h > ..\vlink32\Request.h
SocketAgent.cpp > ..\vlink32\SocketAgent.cpp
SocketAgent.h > ..\vlink32\SocketAgent.h
TextBuffer.cpp > ..\vlink32\TextBuffer.cpp
TextBuffer.h > ..\vlink32\TextBuffer.h
TextCursor.cpp > ..\vlink32\TextCursor.cpp
TextCursor.h > ..\vlink32\TextCursor.h
VpFileMapping.h > ..\vpassthru\VpFileMapping.h
Vp.h > ..\vpassthru\Vp.h
VpSocket.h > ..\vpassthru\VpSocket.h
VpFileMapping.h > ..\vpooladmin\VpFileMapping.h
Vp.h > ..\vpooladmin\Vp.h
VpSocket.h > ..\vpooladmin\VpSocket.h
VpFileMapping.h > ..\vproxy\VpFileMapping.h
Vp.h > ..\vproxy\Vp.h
VpSocket.h > ..\vproxy\VpSocket.h
VpFileMapping.h > ..\Vps\VpFileMapping.h
Vp.h > ..\Vps\Vp.h
VpSocket.h > ..\Vps\VpSocket.h
VpFileMapping.h > ..\vsaprompt\VpFileMapping.h
Vp.h > ..\vsaprompt\Vp.h
VpSocket.h > ..\vsaprompt\VpSocket.h
VpFileMapping.h > ..\vsa_sample_requestmaker\VpFileMapping.h
Vp.h > ..\vsa_sample_requestmaker\Vp.h
VpSocket.h > ..\vsa_sample_requestmaker\VpSocket.h
vsa_sample_requestmaker.cpp > ..\vsa_sample_requestmaker\vsa_sample_requestmaker.cpp
VpFileMapping.h > ..\Vsa\VpFileMapping.h
Vp.h > ..\Vsa\Vp.h
VpSocket.h > ..\Vsa\VpSocket.h
VpFileMapping.h > ..\vserver\VpFileMapping.h
Vp.h > ..\vserver\Vp.h
VpSocket.h > ..\vserver\VpSocket.h
deflate.h > ..\VUtilities\deflate.h
infblock.h > ..\VUtilities\infblock.h
infcodes.h > ..\VUtilities\infcodes.h
inffast.h > ..\VUtilities\inffast.h
inffixed.h > ..\VUtilities\inffixed.h
inftrees.h > ..\VUtilities\inftrees.h
infutil.h > ..\VUtilities\infutil.h
trees.h > ..\VUtilities\trees.h
zconf.h > ..\VUtilities\zconf.h
zlib.h > ..\VUtilities\zlib.h
zutil.h > ..\VUtilities\zutil.h
VpFileMapping.h > ..\V\VpFileMapping.h
Vp.h > ..\V\Vp.h
VpSocket.h > ..\V\VpSocket.h
VpFileMapping.h > ..\VxaMain\VpFileMapping.h
Vp.h > ..\VxaMain\Vp.h
VpSocket.h > ..\VxaMain\VpSocket.h
VpFileMapping.h > ..\Vxa\VpFileMapping.h
Vp.h > ..\Vxa\Vp.h
VpSocket.h > ..\Vxa\VpSocket.h
