gopt.h > ..\kernel\gopt.h
gopt.cpp > ..\kernel\gopt.cpp
V.cpp > ..\kernel\V.cpp
V.h > ..\kernel\V.h
V_VAdaptiveAllocator.cpp > ..\kernel\V_VAdaptiveAllocator.cpp
V_VAdaptiveAllocator.h > ..\kernel\V_VAdaptiveAllocator.h
V_VAddin.cpp > ..\kernel\V_VAddin.cpp
V_VAddin.h > ..\kernel\V_VAddin.h
V_VAllocator.h > ..\kernel\V_VAllocator.h
V_VAllocator.cpp > ..\kernel\V_VAllocator.cpp
V_VApplicationLog.cpp > ..\kernel\V_VApplicationLog.cpp
V_VApplicationLog.h > ..\kernel\V_VApplicationLog.h
V_VArgList.h > ..\kernel\V_VArgList.h
V_VArgList.cpp > ..\kernel\V_VArgList.cpp
V_VAtom.h > ..\kernel\V_VAtom.h
V_VAtom.cpp > ..\kernel\V_VAtom.cpp
V_VBlob.h > ..\kernel\V_VBlob.h
V_VBlob.cpp > ..\kernel\V_VBlob.cpp
V_VCommandLine.h > ..\kernel\V_VCommandLine.h
V_VCommandLine.cpp > ..\kernel\V_VCommandLine.cpp
V_VCondvar.cpp > ..\kernel\V_VCondvar.cpp
V_VCondvar.h > ..\kernel\V_VCondvar.h
V_VCOS.cpp > ..\kernel\V_VCOS.cpp
V_VCOS.h > ..\kernel\V_VCOS.h
V_VFifoLite.cpp > ..\kernel\V_VFifoLite.cpp
V_VFifoLite.h > ..\kernel\V_VFifoLite.h
V_VGSID.h > ..\kernel\V_VGSID.h
V_VGSID.cpp > ..\kernel\V_VGSID.cpp
V_VLock.cpp > ..\kernel\V_VLock.cpp
V_VLock.h > ..\kernel\V_VLock.h
V_VLogger.h > ..\kernel\V_VLogger.h
V_VLogger.cpp > ..\kernel\V_VLogger.cpp
V_VMM.h > ..\kernel\V_VMM.h
V_VMM.cpp > ..\kernel\V_VMM.cpp
V_VManagedThread.cpp > ..\kernel\V_VManagedThread.cpp
V_VManagedThread.h > ..\kernel\V_VManagedThread.h
V_VMutex.h > ..\kernel\V_VMutex.h
V_VMutex.cpp > ..\kernel\V_VMutex.cpp
V_VNullock.cpp > ..\kernel\V_VNullock.cpp
V_VNullock.h > ..\kernel\V_VNullock.h
V_VRTTI.cpp > ..\kernel\V_VRTTI.cpp
V_VRTTI.h > ..\kernel\V_VRTTI.h
V_VRandom.cpp > ..\kernel\V_VRandom.cpp
V_VRandom.h > ..\kernel\V_VRandom.h
V_VSSID.cpp > ..\kernel\V_VSSID.cpp
V_VSSID.h > ..\kernel\V_VSSID.h
V_VScheduler.h > ..\kernel\V_VScheduler.h
V_VScheduler.cpp > ..\kernel\V_VScheduler.cpp
V_VScopedResource.cpp > ..\kernel\V_VScopedResource.cpp
V_VScopedResource.h > ..\kernel\V_VScopedResource.h
V_VSemaphore.cpp > ..\kernel\V_VSemaphore.cpp
V_VSemaphore.h > ..\kernel\V_VSemaphore.h
V_VSpinlock.h > ..\kernel\V_VSpinlock.h
V_VSpinlock.cpp > ..\kernel\V_VSpinlock.cpp
V_VThread.h > ..\kernel\V_VThread.h
V_VThread.cpp > ..\kernel\V_VThread.cpp
V_VThreadSpecific.h > ..\kernel\V_VThreadSpecific.h
V_VThreadSpecific.cpp > ..\kernel\V_VThreadSpecific.cpp
V_VTime.h > ..\kernel\V_VTime.h
V_VTime.cpp > ..\kernel\V_VTime.cpp
V_VTwiddler.h > ..\kernel\V_VTwiddler.h
V_VTwiddler.cpp > ..\kernel\V_VTwiddler.cpp
V_VUnmanagedThread.cpp > ..\kernel\V_VUnmanagedThread.cpp
V_VUnmanagedThread.h > ..\kernel\V_VUnmanagedThread.h
V_VWaiter.cpp > ..\kernel\V_VWaiter.cpp
V_VWaiter.h > ..\kernel\V_VWaiter.h
VdbNetwork.cpp > ..\network\VdbNetwork.cpp
VdbNetwork.h > ..\network\VdbNetwork.h
Vk.cpp > ..\kernel\Vk.cpp
Vk.h > ..\kernel\Vk.h
VkBuffer.cpp > ..\kernel\VkBuffer.cpp
VkBuffer.h > ..\kernel\VkBuffer.h
VkLongUnsigneds.h > ..\kernel\VkLongUnsigneds.h
VkLongUnsigneds.cpp > ..\kernel\VkLongUnsigneds.cpp
VkMemory.h > ..\kernel\VkMemory.h
VkMemory.cpp > ..\kernel\VkMemory.cpp
VkRegExp.h > ..\kernel\VkRegExp.h
VkRegExp.cpp > ..\kernel\VkRegExp.cpp
VkRunTimes.cpp > ..\kernel\VkRunTimes.cpp
VkRunTimes.h > ..\kernel\VkRunTimes.h
VkStatus.cpp > ..\kernel\VkStatus.cpp
VkStatus.h > ..\kernel\VkStatus.h
VkUUID.h > ..\kernel\VkUUID.h
VkUUID.cpp > ..\kernel\VkUUID.cpp
VReferenceable.h > ..\kernel\VReferenceable.h
VReferenceable.cpp > ..\kernel\VReferenceable.cpp
VRunTimeType.cpp > ..\kernel\VRunTimeType.cpp
VRunTimeType.h > ..\kernel\VRunTimeType.h
VSimpleFile.h > ..\kernel\VSimpleFile.h
VSimpleFile.cpp > ..\kernel\VSimpleFile.cpp
VStaticTransient.cpp > ..\kernel\VStaticTransient.cpp
VStaticTransient.h > ..\kernel\VStaticTransient.h
V_VString.h > ..\kernel\V_VString.h
V_VString.cpp > ..\kernel\V_VString.cpp
VTransient.h > ..\kernel\VTransient.h
VTransient.cpp > ..\kernel\VTransient.cpp
VTransientServices.cpp > ..\kernel\VTransientServices.cpp
VTransientServices.h > ..\kernel\VTransientServices.h
Vxa_Main.cpp > ..\kernel\Vxa_Main.cpp
Vxa_Main.h > ..\kernel\Vxa_Main.h
Vxa_VServerApplication.h > ..\kernel\Vxa_VServerApplication.h
Vxa_VServerApplication.cpp > ..\kernel\Vxa_VServerApplication.cpp
vcatool.h > ..\kernel\vcatool.h
vcatool.cpp > ..\kernel\vcatool.cpp
VServer.cpp > ..\kernel\VServer.cpp
VServer.h > ..\kernel\VServer.h
IVReceiver.cpp > ..\kernel\IVReceiver.cpp
IVReceiver.h > ..\kernel\IVReceiver.h
IVUnknown.cpp > ..\kernel\IVUnknown.cpp
IVUnknown.h > ..\kernel\save\IVUnknown.h
IVUnknown.h > ..\kernel\IVUnknown.h
Vca.h > ..\kernel\Vca.h
Vca.cpp > ..\kernel\Vca.cpp
Vca_IAckReceiver.cpp > ..\kernel\Vca_IAckReceiver.cpp
Vca_IAckReceiver.h > ..\kernel\Vca_IAckReceiver.h
Vca_IActivity.cpp > ..\kernel\Vca_IActivity.cpp
Vca_IActivity.h > ..\kernel\Vca_IActivity.h
Vca_IActivityProxy.h > ..\kernel\Vca_IActivityProxy.h
Vca_IActivityProxy.cpp > ..\kernel\Vca_IActivityProxy.cpp
Vca_IActivitySink.h > ..\kernel\Vca_IActivitySink.h
Vca_IActivitySink.cpp > ..\kernel\Vca_IActivitySink.cpp
Vca_IActivitySource.h > ..\kernel\Vca_IActivitySource.h
Vca_IActivitySource.cpp > ..\kernel\Vca_IActivitySource.cpp
Vca_IApplication.h > ..\kernel\Vca_IApplication.h
Vca_IApplication.cpp > ..\kernel\Vca_IApplication.cpp
Vca_IBinding.cpp > ..\kernel\Vca_IBinding.cpp
Vca_IBinding.h > ..\kernel\Vca_IBinding.h
Vca_IBSClient.cpp > ..\kernel\Vca_IBSClient.cpp
Vca_IBSClient.h > ..\kernel\Vca_IBSClient.h
Vca_IBSConsumer.h > ..\kernel\Vca_IBSConsumer.h
Vca_IBSConsumer.cpp > ..\kernel\Vca_IBSConsumer.cpp
Vca_IBSConsumerClient.h > ..\kernel\Vca_IBSConsumerClient.h
Vca_IBSConsumerClient.cpp > ..\kernel\Vca_IBSConsumerClient.cpp
Vca_IBSProducer.cpp > ..\kernel\Vca_IBSProducer.cpp
Vca_IBSProducer.h > ..\kernel\Vca_IBSProducer.h
Vca_IBSProducerClient.cpp > ..\kernel\Vca_IBSProducerClient.cpp
Vca_IBSProducerClient.h > ..\kernel\Vca_IBSProducerClient.h
Vca_IClient.h > ..\kernel\Vca_IClient.h
Vca_IClient.cpp > ..\kernel\Vca_IClient.cpp
Vca_IConnection.h > ..\kernel\Vca_IConnection.h
Vca_IConnection.cpp > ..\kernel\Vca_IConnection.cpp
Vca_IConnectionFactory.h > ..\kernel\Vca_IConnectionFactory.h
Vca_IConnectionFactory.cpp > ..\kernel\Vca_IConnectionFactory.cpp
Vca_IConnectionRequest.h > ..\kernel\Vca_IConnectionRequest.h
Vca_IConnectionRequest.cpp > ..\kernel\Vca_IConnectionRequest.cpp
Vca_IDataSource.h > ..\kernel\Vca_IDataSource.h
Vca_IDataSource.cpp > ..\kernel\Vca_IDataSource.cpp
Vca_IDevice.h > ..\kernel\Vca_IDevice.h
Vca_IDevice.cpp > ..\kernel\Vca_IDevice.cpp
Vca_IDirectory.h > ..\kernel\Vca_IDirectory.h
Vca_IDirectory.cpp > ..\kernel\Vca_IDirectory.cpp
Vca_IDirectoryEntry.h > ..\kernel\Vca_IDirectoryEntry.h
Vca_IDirectoryEntry.cpp > ..\kernel\Vca_IDirectoryEntry.cpp
Vca_IError.h > ..\kernel\Vca_IError.h
Vca_IError.cpp > ..\kernel\Vca_IError.cpp
Vca_IEvent.cpp > ..\kernel\Vca_IEvent.cpp
Vca_IEvent.h > ..\kernel\Vca_IEvent.h
Vca_IEventSink.cpp > ..\kernel\Vca_IEventSink.cpp
Vca_IEventSink.h > ..\kernel\Vca_IEventSink.h
Vca_IGetter.cpp > ..\kernel\Vca_IGetter.cpp
Vca_IGetter.h > ..\kernel\Vca_IGetter.h
Vca_IGetter_Ex2.cpp > ..\kernel\Vca_IGetter_Ex2.cpp
Vca_IGetter_Ex2.h > ..\kernel\Vca_IGetter_Ex2.h
Vca_IListener.h > ..\kernel\Vca_IListener.h
Vca_IListener.cpp > ..\kernel\Vca_IListener.cpp
Vca_IListenerClient.cpp > ..\kernel\Vca_IListenerClient.cpp
Vca_IListenerClient.h > ..\kernel\Vca_IListenerClient.h
Vca_IListenerFactory.h > ..\kernel\Vca_IListenerFactory.h
Vca_IListenerFactory.cpp > ..\kernel\Vca_IListenerFactory.cpp
Vca_INamespace.h > ..\kernel\Vca_INamespace.h
Vca_INamespace.cpp > ..\kernel\Vca_INamespace.cpp
Vca_INeedYou.h > ..\kernel\Vca_INeedYou.h
Vca_INeedYou.cpp > ..\kernel\Vca_INeedYou.cpp
Vca_IPassiveCall.cpp > ..\kernel\Vca_IPassiveCall.cpp
Vca_IPassiveCall.h > ..\kernel\Vca_IPassiveCall.h
Vca_IPassiveCallback.cpp > ..\kernel\Vca_IPassiveCallback.cpp
Vca_IPassiveCallback.h > ..\kernel\Vca_IPassiveCallback.h
Vca_IPassiveCallback_Gofers.cpp > ..\kernel\Vca_IPassiveCallback_Gofers.cpp
Vca_IPassiveCallback_Gofers.h > ..\kernel\Vca_IPassiveCallback_Gofers.h
Vca_IPassiveClient.h > ..\kernel\Vca_IPassiveClient.h
Vca_IPassiveClient.cpp > ..\kernel\Vca_IPassiveClient.cpp
Vca_IPassiveConnector.h > ..\kernel\Vca_IPassiveConnector.h
Vca_IPassiveConnector.cpp > ..\kernel\Vca_IPassiveConnector.cpp
Vca_IPassiveConnector_Gofers.cpp > ..\kernel\Vca_IPassiveConnector_Gofers.cpp
Vca_IPassiveConnector_Gofers.h > ..\kernel\Vca_IPassiveConnector_Gofers.h
Vca_IPassiveServer.cpp > ..\kernel\Vca_IPassiveServer.cpp
Vca_IPassiveServer.h > ..\kernel\Vca_IPassiveServer.h
Vca_IPassiveServer_Gofers.cpp > ..\kernel\Vca_IPassiveServer_Gofers.cpp
Vca_IPassiveServer_Gofers.h > ..\kernel\Vca_IPassiveServer_Gofers.h
Vca_IPeek.h > ..\kernel\Vca_IPeek.h
Vca_IPeek.cpp > ..\kernel\Vca_IPeek.cpp
Vca_IPeer.cpp > ..\kernel\Vca_IPeer.cpp
Vca_IPeer.h > ..\kernel\Vca_IPeer.h
Vca_IPeer_Ex1.h > ..\kernel\Vca_IPeer_Ex1.h
Vca_IPeer_Ex1.cpp > ..\kernel\Vca_IPeer_Ex1.cpp
Vca_IPeer_Ex2.cpp > ..\kernel\Vca_IPeer_Ex2.cpp
Vca_IPeer_Ex2.h > ..\kernel\Vca_IPeer_Ex2.h
Vca_IPipeFactory.cpp > ..\kernel\Vca_IPipeFactory.cpp
Vca_IPipeFactory.h > ..\kernel\Vca_IPipeFactory.h
Vca_IPipeSource.cpp > ..\kernel\Vca_IPipeSource.cpp
Vca_IPipeSource.h > ..\kernel\Vca_IPipeSource.h
Vca_IPipeSource_Gofers.h > ..\kernel\Vca_IPipeSource_Gofers.h
Vca_IPipeSource_Gofers.cpp > ..\kernel\Vca_IPipeSource_Gofers.cpp
Vca_IPipeSourceClient.h > ..\kernel\Vca_IPipeSourceClient.h
Vca_IPipeSourceClient.cpp > ..\kernel\Vca_IPipeSourceClient.cpp
Vca_IProcess.h > ..\kernel\Vca_IProcess.h
Vca_IProcess.cpp > ..\kernel\Vca_IProcess.cpp
Vca_IProcessFactory.cpp > ..\kernel\Vca_IProcessFactory.cpp
Vca_IProcessFactory.h > ..\kernel\Vca_IProcessFactory.h
Vca_IProcessFactoryClient.h > ..\kernel\Vca_IProcessFactoryClient.h
Vca_IProcessFactoryClient.cpp > ..\kernel\Vca_IProcessFactoryClient.cpp
Vca_IProcessInfo.h > ..\kernel\Vca_IProcessInfo.h
Vca_IProcessInfo.cpp > ..\kernel\Vca_IProcessInfo.cpp
Vca_IProcessInfoSink.cpp > ..\kernel\Vca_IProcessInfoSink.cpp
Vca_IProcessInfoSink.h > ..\kernel\Vca_IProcessInfoSink.h
Vca_IRequest.cpp > ..\kernel\Vca_IRequest.cpp
Vca_IRequest.h > ..\kernel\Vca_IRequest.h
Vca_IResource.h > ..\kernel\Vca_IResource.h
Vca_IResource.cpp > ..\kernel\Vca_IResource.cpp
Vca_IResourceClient.cpp > ..\kernel\Vca_IResourceClient.cpp
Vca_IResourceClient.h > ..\kernel\Vca_IResourceClient.h
Vca_IRexecConnectionFactory.h > ..\kernel\Vca_IRexecConnectionFactory.h
Vca_IRexecConnectionFactory.cpp > ..\kernel\Vca_IRexecConnectionFactory.cpp
Vca_IRoleProvider.cpp > ..\kernel\Vca_IRoleProvider.cpp
Vca_IRoleProvider.h > ..\kernel\Vca_IRoleProvider.h
Vca_IRoleProvider2.cpp > ..\kernel\Vca_IRoleProvider2.cpp
Vca_IRoleProvider2.h > ..\kernel\Vca_IRoleProvider2.h
Vca_IServerApplication.cpp > ..\kernel\Vca_IServerApplication.cpp
Vca_IServerApplication.h > ..\kernel\Vca_IServerApplication.h
Vca_ISSHConnectionFactory.cpp > ..\kernel\Vca_ISSHConnectionFactory.cpp
Vca_ISSHConnectionFactory.h > ..\kernel\Vca_ISSHConnectionFactory.h
Vca_IStdPipeSource.cpp > ..\kernel\Vca_IStdPipeSource.cpp
Vca_IStdPipeSource.h > ..\kernel\Vca_IStdPipeSource.h
Vca_IStdPipeSourceClient.h > ..\kernel\Vca_IStdPipeSourceClient.h
Vca_IStdPipeSourceClient.cpp > ..\kernel\Vca_IStdPipeSourceClient.cpp
Vca_ITrigger.cpp > ..\kernel\Vca_ITrigger.cpp
Vca_ITrigger.h > ..\kernel\Vca_ITrigger.h
Vca_Registry.h > ..\kernel\Vca_Registry.h
Vca_Registry.cpp > ..\kernel\Vca_Registry.cpp
Vca_Registry_IAccess.h > ..\kernel\Vca_Registry_IAccess.h
Vca_Registry_IAccess.cpp > ..\kernel\Vca_Registry_IAccess.cpp
Vca_Registry_IContact.h > ..\kernel\Vca_Registry_IContact.h
Vca_Registry_IContact.cpp > ..\kernel\Vca_Registry_IContact.cpp
Vca_Registry_IUpdate.cpp > ..\kernel\Vca_Registry_IUpdate.cpp
Vca_Registry_IUpdate.h > ..\kernel\Vca_Registry_IUpdate.h
Vca_Registry_IUpdater.cpp > ..\kernel\Vca_Registry_IUpdater.cpp
Vca_Registry_IUpdater.h > ..\kernel\Vca_Registry_IUpdater.h
Vca_Registry_IAuthority.cpp > ..\kernel\Vca_Registry_IAuthority.cpp
Vca_Registry_IAuthority.h > ..\kernel\Vca_Registry_IAuthority.h
Vca_Registry_IRegistration.cpp > ..\kernel\Vca_Registry_IRegistration.cpp
Vca_Registry_IRegistration.h > ..\kernel\Vca_Registry_IRegistration.h
Vca_Registry_IRegistry.cpp > ..\kernel\Vca_Registry_IRegistry.cpp
Vca_Registry_IRegistry.h > ..\kernel\Vca_Registry_IRegistry.h
Vca_Registry_VAuthority.h > ..\kernel\Vca_Registry_VAuthority.h
Vca_Registry_VAuthority.cpp > ..\kernel\Vca_Registry_VAuthority.cpp
Vca_Registry_VRegistry.h > ..\kernel\Vca_Registry_VRegistry.h
Vca_Registry_VRegistry.cpp > ..\kernel\Vca_Registry_VRegistry.cpp
Vca_VActivity.cpp > ..\kernel\Vca_VActivity.cpp
Vca_VActivity.h > ..\kernel\Vca_VActivity.h
Vca_VActivityFilter.cpp > ..\kernel\Vca_VActivityFilter.cpp
Vca_VActivityFilter.h > ..\kernel\Vca_VActivityFilter.h
Vca_VActivityModel.cpp > ..\kernel\Vca_VActivityModel.cpp
Vca_VActivityModel.h > ..\kernel\Vca_VActivityModel.h
Vca_VActivityMonitor.h > ..\kernel\Vca_VActivityMonitor.h
Vca_VActivityMonitor.cpp > ..\kernel\Vca_VActivityMonitor.cpp
Vca_VActivityRelay.h > ..\kernel\Vca_VActivityRelay.h
Vca_VActivityRelay.cpp > ..\kernel\Vca_VActivityRelay.cpp
Vca_VActivitySink.cpp > ..\kernel\Vca_VActivitySink.cpp
Vca_VActivitySink.h > ..\kernel\Vca_VActivitySink.h
Vca_VBS.h > ..\kernel\Vca_VBS.h
Vca_VBS.cpp > ..\kernel\Vca_VBS.cpp
Vca_VBSConnector.h > ..\kernel\Vca_VBSConnector.h
Vca_VBSConnector.cpp > ..\kernel\Vca_VBSConnector.cpp
Vca_VBSConsumer.cpp > ..\kernel\Vca_VBSConsumer.cpp
Vca_VBSConsumer.h > ..\kernel\Vca_VBSConsumer.h
Vca_VBSProducer.h > ..\kernel\Vca_VBSProducer.h
Vca_VBSProducer.cpp > ..\kernel\Vca_VBSProducer.cpp
Vca_VBSProducerBitBucket.cpp > ..\kernel\Vca_VBSProducerBitBucket.cpp
Vca_VBSProducerBitBucket.h > ..\kernel\Vca_VBSProducerBitBucket.h
Vca_VBSManager.h > ..\kernel\Vca_VBSManager.h
Vca_VBSManager.cpp > ..\kernel\Vca_VBSManager.cpp
Vca_VcaConnection.cpp > ..\kernel\Vca_VcaConnection.cpp
Vca_VcaConnection.h > ..\kernel\Vca_VcaConnection.h
Vca_VcaCredentialsProvider.cpp > ..\kernel\Vca_VcaCredentialsProvider.cpp
Vca_VcaCredentialsProvider.h > ..\kernel\Vca_VcaCredentialsProvider.h
Vca_VcaDirectoryBuilder.h > ..\kernel\Vca_VcaDirectoryBuilder.h
Vca_VcaDirectoryBuilder.cpp > ..\kernel\Vca_VcaDirectoryBuilder.cpp
Vca_VcaError.cpp > ..\kernel\Vca_VcaError.cpp
Vca_VcaError.h > ..\kernel\Vca_VcaError.h
Vca_VcaGofer.cpp > ..\kernel\Vca_VcaGofer.cpp
Vca_VcaGofer.h > ..\kernel\Vca_VcaGofer.h
Vca_VcaListener.cpp > ..\kernel\Vca_VcaListener.cpp
Vca_VcaListener.h > ..\kernel\Vca_VcaListener.h
Vca_VCallbackTicket.h > ..\kernel\Vca_VCallbackTicket.h
Vca_VCallbackTicket.cpp > ..\kernel\Vca_VCallbackTicket.cpp
Vca_VcaOffer.h > ..\kernel\Vca_VcaOffer.h
Vca_VcaOffer.cpp > ..\kernel\Vca_VcaOffer.cpp
Vca_VcaOID.h > ..\kernel\Vca_VcaOID.h
Vca_VcaOID.cpp > ..\kernel\Vca_VcaOID.cpp
Vca_VcaOIDL.cpp > ..\kernel\Vca_VcaOIDL.cpp
Vca_VcaOIDL.h > ..\kernel\Vca_VcaOIDL.h
Vca_VcaOIDR.h > ..\kernel\Vca_VcaOIDR.h
Vca_VcaOIDR.cpp > ..\kernel\Vca_VcaOIDR.cpp
Vca_VcaPeer.h > ..\kernel\Vca_VcaPeer.h
Vca_VcaPeer.cpp > ..\kernel\Vca_VcaPeer.cpp
Vca_VcaPeerCharacteristics.cpp > ..\kernel\Vca_VcaPeerCharacteristics.cpp
Vca_VcaPeerCharacteristics.h > ..\kernel\Vca_VcaPeerCharacteristics.h
Vca_VcaProxyFacilitator.h > ..\kernel\Vca_VcaProxyFacilitator.h
Vca_VcaProxyFacilitator.cpp > ..\kernel\Vca_VcaProxyFacilitator.cpp
Vca_VcaRouteStatistics.cpp > ..\kernel\Vca_VcaRouteStatistics.cpp
Vca_VcaRouteStatistics.h > ..\kernel\Vca_VcaRouteStatistics.h
Vca_VcaSelf.h > ..\kernel\Vca_VcaSelf.h
Vca_VcaSelf.cpp > ..\kernel\Vca_VcaSelf.cpp
Vca_VcaSerializer.h > ..\kernel\Vca_VcaSerializer.h
Vca_VcaSerializer.cpp > ..\kernel\Vca_VcaSerializer.cpp
Vca_VcaSerializer_.h > ..\kernel\Vca_VcaSerializer_.h
Vca_VcaSerializer_.cpp > ..\kernel\Vca_VcaSerializer_.cpp
Vca_VcaSite.cpp > ..\kernel\Vca_VcaSite.cpp
Vca_VcaSite.h > ..\kernel\Vca_VcaSite.h
Vca_VcaThreadState.h > ..\kernel\Vca_VcaThreadState.h
Vca_VcaThreadState.cpp > ..\kernel\Vca_VcaThreadState.cpp
Vca_VcaTransport.h > ..\kernel\Vca_VcaTransport.h
Vca_VcaTransport.cpp > ..\kernel\Vca_VcaTransport.cpp
Vca_VClassInfoHolder.cpp > ..\kernel\Vca_VClassInfoHolder.cpp
Vca_VClassInfoHolder.h > ..\kernel\Vca_VClassInfoHolder.h
Vca_VCohort.cpp > ..\kernel\Vca_VCohort.cpp
Vca_VCohort.h > ..\kernel\Vca_VCohort.h
Vca_VConnection.cpp > ..\kernel\Vca_VConnection.cpp
Vca_VConnection.h > ..\kernel\Vca_VConnection.h
Vca_VConnectionFactory.h > ..\kernel\Vca_VConnectionFactory.h
Vca_VConnectionFactory.cpp > ..\kernel\Vca_VConnectionFactory.cpp
Vca_VConnectionPipeSource.cpp > ..\kernel\Vca_VConnectionPipeSource.cpp
Vca_VConnectionPipeSource.h > ..\kernel\Vca_VConnectionPipeSource.h
Vca_VConnectionRequest.cpp > ..\kernel\Vca_VConnectionRequest.cpp
Vca_VConnectionRequest.h > ..\kernel\Vca_VConnectionRequest.h
Vca_VDevice.cpp > ..\kernel\Vca_VDevice.cpp
Vca_VDevice.h > ..\kernel\Vca_VDevice.h
Vca_VDeviceFactory.h > ..\kernel\Vca_VDeviceFactory.h
Vca_VDeviceFactory.cpp > ..\kernel\Vca_VDeviceFactory.cpp
Vca_VDeviceImplementation.cpp > ..\kernel\Vca_VDeviceImplementation.cpp
Vca_VDeviceImplementation.h > ..\kernel\Vca_VDeviceImplementation.h
Vca_VDeviceManager.h > ..\kernel\Vca_VDeviceManager.h
Vca_VDeviceManager.cpp > ..\kernel\Vca_VDeviceManager.cpp
Vca_VDirectory.cpp > ..\kernel\Vca_VDirectory.cpp
Vca_VDirectory.h > ..\kernel\Vca_VDirectory.h
Vca_VDirectoryBuilder.cpp > ..\kernel\Vca_VDirectoryBuilder.cpp
Vca_VDirectoryBuilder.h > ..\kernel\Vca_VDirectoryBuilder.h
Vca_VEvent.cpp > ..\kernel\Vca_VEvent.cpp
Vca_VEvent.h > ..\kernel\Vca_VEvent.h
Vca_VFDIODeviceImplementation.h > ..\kernel\Vca_VFDIODeviceImplementation.h
Vca_VFDIODeviceImplementation.cpp > ..\kernel\Vca_VFDIODeviceImplementation.cpp
Vca_VFilterDeviceFactory.h > ..\kernel\Vca_VFilterDeviceFactory.h
Vca_VFilterDeviceFactory.cpp > ..\kernel\Vca_VFilterDeviceFactory.cpp
Vca_VFilterDeviceImplementation.cpp > ..\kernel\Vca_VFilterDeviceImplementation.cpp
Vca_VFilterDeviceImplementation.h > ..\kernel\Vca_VFilterDeviceImplementation.h
Vca_VGofer.h > ..\kernel\Vca_VGofer.h
Vca_VGofer.cpp > ..\kernel\Vca_VGofer.cpp
Vca_VInterfaceQuery.cpp > ..\kernel\Vca_VInterfaceQuery.cpp
Vca_VInterfaceQuery.h > ..\kernel\Vca_VInterfaceQuery.h
Vca_VInterfaceMember.cpp > ..\kernel\Vca_VInterfaceMember.cpp
Vca_VInterfaceMember.h > ..\kernel\Vca_VInterfaceMember.h
Vca_VLineGrabber.h > ..\kernel\Vca_VLineGrabber.h
Vca_VLineGrabber.cpp > ..\kernel\Vca_VLineGrabber.cpp
Vca_VListener.h > ..\kernel\Vca_VListener.h
Vca_VListener.cpp > ..\kernel\Vca_VListener.cpp
Vca_VListenerFactory.h > ..\kernel\Vca_VListenerFactory.h
Vca_VListenerFactory.cpp > ..\kernel\Vca_VListenerFactory.cpp
Vca_VLoopbackDeviceFactory.cpp > ..\kernel\Vca_VLoopbackDeviceFactory.cpp
Vca_VLoopbackDeviceFactory.h > ..\kernel\Vca_VLoopbackDeviceFactory.h
Vca_VLoopbackDeviceImplementation.h > ..\kernel\Vca_VLoopbackDeviceImplementation.h
Vca_VLoopbackDeviceImplementation.cpp > ..\kernel\Vca_VLoopbackDeviceImplementation.cpp
Vca_VManager.h > ..\kernel\Vca_VManager.h
Vca_VManager.cpp > ..\kernel\Vca_VManager.cpp
Vca_VMessage.h > ..\kernel\Vca_VMessage.h
Vca_VMessage.cpp > ..\kernel\Vca_VMessage.cpp
Vca_VMessageManager.h > ..\kernel\Vca_VMessageManager.h
Vca_VMessageManager.cpp > ..\kernel\Vca_VMessageManager.cpp
Vca_VMessageScheduler.h > ..\kernel\Vca_VMessageScheduler.h
Vca_VMessageScheduler.cpp > ..\kernel\Vca_VMessageScheduler.cpp
Vca_VNullDeviceFactory.h > ..\kernel\Vca_VNullDeviceFactory.h
Vca_VNullDeviceFactory.cpp > ..\kernel\Vca_VNullDeviceFactory.cpp
Vca_VNullDeviceImplementation.h > ..\kernel\Vca_VNullDeviceImplementation.h
Vca_VNullDeviceImplementation.cpp > ..\kernel\Vca_VNullDeviceImplementation.cpp
Vca_VOutputSequencer.cpp > ..\kernel\Vca_VOutputSequencer.cpp
Vca_VOutputSequencer.h > ..\kernel\Vca_VOutputSequencer.h
Vca_VPassiveAgent.h > ..\kernel\Vca_VPassiveAgent.h
Vca_VPassiveAgent.cpp > ..\kernel\Vca_VPassiveAgent.cpp
Vca_VPassiveCallback.h > ..\kernel\Vca_VPassiveCallback.h
Vca_VPassiveCallback.cpp > ..\kernel\Vca_VPassiveCallback.cpp
Vca_VPassiveConnector.cpp > ..\kernel\Vca_VPassiveConnector.cpp
Vca_VPassiveConnector.h > ..\kernel\Vca_VPassiveConnector.h
Vca_VPassiveDirectiveAgent.cpp > ..\kernel\Vca_VPassiveDirectiveAgent.cpp
Vca_VPassiveDirectiveAgent.h > ..\kernel\Vca_VPassiveDirectiveAgent.h
Vca_VPassiveProcessAgent.cpp > ..\kernel\Vca_VPassiveProcessAgent.cpp
Vca_VPassiveProcessAgent.h > ..\kernel\Vca_VPassiveProcessAgent.h
Vca_VPipeSource.h > ..\kernel\Vca_VPipeSource.h
Vca_VPipeSource.cpp > ..\kernel\Vca_VPipeSource.cpp
Vca_VProcess.cpp > ..\kernel\Vca_VProcess.cpp
Vca_VProcess.h > ..\kernel\Vca_VProcess.h
Vca_VProcessFactory.cpp > ..\kernel\Vca_VProcessFactory.cpp
Vca_VProcessFactory.h > ..\kernel\Vca_VProcessFactory.h
Vca_VPublication.cpp > ..\kernel\Vca_VPublication.cpp
Vca_VPublication.h > ..\kernel\Vca_VPublication.h
Vca_VPublisher.cpp > ..\kernel\Vca_VPublisher.cpp
Vca_VPublisher.h > ..\kernal\Vca_VPublisher.h
Vca_VRexecConnectionFactory.cpp > ..\kernel\Vca_VRexecConnectionFactory.cpp
Vca_VRexecConnectionFactory.h > ..\kernel\Vca_VRexecConnectionFactory.h
Vca_VRoleHolder.cpp > ..\kernel\Vca_VRoleHolder.cpp
Vca_VRoleHolder.h > ..\kernel\Vca_VRoleHolder.h
Vca_VRolePlayer.cpp > ..\kernel\Vca_VRolePlayer.cpp
Vca_VRolePlayer.h > ..\kernel\Vca_VRolePlayer.h
Vca_VSiteInfo.h > ..\kernel\Vca_VSiteInfo.h
Vca_VSiteInfo.cpp > ..\kernel\Vca_VSiteInfo.cpp
Vca_VSSHConnectionFactory.h > ..\kernel\Vca_VSSHConnectionFactory.h
Vca_VSSHConnectionFactory.cpp > ..\kernel\Vca_VSSHConnectionFactory.cpp
Vca_VSSHDeviceImplementation.cpp > ..\kernel\Vca_VSSHDeviceImplementation.cpp
Vca_VSSHDeviceImplementation.h > ..\kernel\Vca_VSSHDeviceImplementation.h
Vca_VStatus.cpp > ..\kernel\Vca_VStatus.cpp
Vca_VStatus.h > ..\kernel\Vca_VStatus.h
Vca_VStdPipeSource.h > ..\kernel\Vca_VStdPipeSource.h
Vca_VStdPipeSource.cpp > ..\kernel\Vca_VStdPipeSource.cpp
Vca_VStockDeviceFactory.h > ..\kernel\Vca_VStockDeviceFactory.h
Vca_VStockDeviceFactory.cpp > ..\kernel\Vca_VStockDeviceFactory.cpp
Vca_VStreamSink.cpp > ..\kernel\Vca_VStreamSink.cpp
Vca_VStreamSink.h > ..\kernel\Vca_VStreamSink.h
Vca_VStreamSource.h > ..\kernel\Vca_VStreamSource.h
Vca_VStreamSource.cpp > ..\kernel\Vca_VStreamSource.cpp
Vca_VSubscriptionManager.h > ..\kernel\Vca_VSubscriptionManager.h
Vca_VSubscriptionManager.cpp > ..\kernel\Vca_VSubscriptionManager.cpp
Vca_VTimer.h > ..\kernel\Vca_VTimer.h
Vca_VTimer.cpp > ..\kernel\Vca_VTimer.cpp
Vca_VTriggerSet.h > ..\kernel\Vca_VTriggerSet.h
Vca_VTriggerSet.cpp > ..\kernel\Vca_VTriggerSet.cpp
Vca_VTriggerableTicket.h > ..\kernel\Vca_VTriggerableTicket.h
Vca_VTriggerableTicket.cpp > ..\kernel\Vca_VTriggerableTicket.cpp
Vca_VTriggerTicket.cpp > ..\kernel\Vca_VTriggerTicket.cpp
Vca_VTriggerTicket.h > ..\kernel\Vca_VTriggerTicket.h
Vca_VTypeInfoHolder.h > ..\kernel\Vca_VTypeInfoHolder.h
Vca_VTypeInfoHolder.cpp > ..\kernel\Vca_VTypeInfoHolder.cpp
VkSocketAddress.cpp > ..\kernel\VkSocketAddress.cpp
VkSocketAddress.h > ..\kernel\VkSocketAddress.h
VPath.cpp > ..\kernel\VPath.cpp
VPath.h > ..\kernel\VPath.h
VPeerData.cpp > ..\kernel\VPeerData.cpp
VPeerData.h > ..\kernel\VPeerData.h
VPeerDataArray.cpp > ..\kernel\VPeerDataArray.cpp
VPeerDataArray.h > ..\kernel\VPeerDataArray.h
VTypeInfo.h > ..\kernel\VTypeInfo.h
VTypeInfo.cpp > ..\kernel\VTypeInfo.cpp
vca_sample_echostring_server.cpp > ..\vca_sample_echostring_server\vca_sample_echostring_server.cpp
Vsa_VPoolAdmin.h > ..\kernel\Vsa_VPoolAdmin.h
Vsa_VPoolAdmin.cpp > ..\kernel\Vsa_VPoolAdmin.cpp
Vsa_VPoolAdminInterpreter.cpp > ..\kernel\Vsa_VPoolAdminInterpreter.cpp
Vsa_VPoolAdminInterpreter.h > ..\kernel\Vsa_VPoolAdminInterpreter.h
Vsa_VPoolAdminSession.h > ..\kernel\Vsa_VPoolAdminSession.h
Vsa_VPoolAdminSession.cpp > ..\kernel\Vsa_VPoolAdminSession.cpp
vsa_sample_requestmaker.cpp > ..\vsa_sample_requestmaker\vsa_sample_requestmaker.cpp
vca_samples.h > ..\vca_samples\vca_samples.h
vca_samples.cpp > ..\vca_samples\vca_samples.cpp
vca_samples_iechostring2.cpp > ..\vca_samples\vca_samples_iechostring2.cpp
vca_samples_iechostring2.h > ..\vca_samples\vca_samples_iechostring2.h
vca_samples_iechostring.cpp > ..\vca_samples\vca_samples_iechostring.cpp
vca_samples_iechostring.h > ..\vca_samples\vca_samples_iechostring.h
vca_samples_ipublication.h > ..\vca_samples\vca_samples_ipublication.h
vca_samples_ipublication.cpp > ..\vca_samples\vca_samples_ipublication.cpp
vca_samples_isubscription.cpp > ..\vca_samples\vca_samples_isubscription.cpp
vca_samples_isubscription.h > ..\vca_samples\vca_samples_isubscription.h
paginate.cpp > ..\tools\paginate.cpp
format.cpp > ..\tools\format.cpp
viewndf.cpp > ..\tools\viewndf.cpp
vquery.cpp > ..\tools\vquery.cpp
vquery.h > ..\tools\vquery.h
mkmvscript.cpp > ..\tools\mkmvscript.cpp
xndfosds.cpp > ..\tools\xndfosds.cpp
uuidgen.cpp > ..\tools\uuidgen.cpp
checksum.cpp > ..\tools\checksum.cpp
onprof.cpp > ..\tools\onprof.cpp
ndftool.cpp > ..\tools\ndftool.cpp
viewseg.cpp > ..\tools\viewseg.cpp
rollback.cpp > ..\tools\rollback.cpp
Vca_VcaQuery.h > ..\kernel\Vca_VcaQuery.h
Vca_VcaQuery.cpp > ..\kernel\Vca_VcaQuery.cpp
VPassthru.cpp > ..\kernel\VPassthru.cpp
vca_sample_echostring_client.cpp > ..\vca_sample_echostring_client\vca_sample_echostring_client.cpp
Vca_Main.h > ..\kernel\Vca_Main.h
Vca_Main.cpp > ..\kernel\Vca_Main.cpp
Vca_IAdmin.h > ..\kernel\Vca_IAdmin.h
Vca_IAdmin.cpp > ..\kernel\Vca_IAdmin.cpp
Vca_IBuddy.h > ..\kernel\Vca_IBuddy.h
Vca_IBuddy.cpp > ..\kernel\Vca_IBuddy.cpp
Vca_IDie.cpp > ..\kernel\Vca_IDie.cpp
Vca_IDie.h > ..\kernel\Vca_IDie.h
Vca_IPauseResume.cpp > ..\kernel\Vca_IPauseResume.cpp
Vca_IPauseResume.h > ..\kernel\Vca_IPauseResume.h
Vca_IStop.h > ..\kernel\Vca_IStop.h
Vca_IStop.cpp > ..\kernel\Vca_IStop.cpp
Vca_VApplication.cpp > ..\kernel\Vca_VApplication.cpp
Vca_VApplication.h > ..\kernel\Vca_VApplication.h
Vca_VApplicationContext.h > ..\kernel\Vca_VApplicationContext.h
Vca_VApplicationContext.cpp > ..\kernel\Vca_VApplicationContext.cpp
Vca_VClientApplication.h > ..\kernel\Vca_VClientApplication.h
Vca_VClientApplication.cpp > ..\kernel\Vca_VClientApplication.cpp
Vca_VMainProgram.h > ..\kernel\Vca_VMainProgram.h
Vca_VMainProgram.cpp > ..\kernel\Vca_VMainProgram.cpp
Vca_VProgramContext.cpp > ..\kernel\Vca_VProgramContext.cpp
Vca_VProgramContext.h > ..\kernel\Vca_VProgramContext.h
Vca_VServerApplication.cpp > ..\kernel\Vca_VServerApplication.cpp
Vca_VServerApplication.h > ..\kernel\Vca_VServerApplication.h
preproc2.cpp > ..\dbupdate\preproc2.cpp
reader.cpp > ..\dbupdate\reader.cpp
reader.h > ..\dbupdate\reader.h
sigHandler.h > ..\dbupdate\sigHandler.h
sigHandler.cpp > ..\dbupdate\sigHandler.cpp
filelayout.cpp > ..\dbupdate\filelayout.cpp
filelayout.h > ..\dbupdate\filelayout.h
normalize.cpp > ..\dbupdate\normalize.cpp
valueline.cpp > ..\dbupdate\valueline.cpp
reader.cpp > ..\dbupdate\reader.cpp
reader.h > ..\dbupdate\reader.h
sigHandler.h > ..\dbupdate\sigHandler.h
sigHandler.cpp > ..\dbupdate\sigHandler.cpp
filelayout.cpp > ..\dbupdate\filelayout.cpp
filelayout.h > ..\dbupdate\filelayout.h
compustat2.cpp > ..\dbupdate\compustat2.cpp
reader.cpp > ..\dbupdate\reader.cpp
reader.h > ..\dbupdate\reader.h
sigHandler.h > ..\dbupdate\sigHandler.h
sigHandler.cpp > ..\dbupdate\sigHandler.cpp
filelayout.cpp > ..\dbupdate\filelayout.cpp
filelayout.h > ..\dbupdate\filelayout.h
loadtape.cpp > ..\dbupdate\loadtape.cpp
reader.cpp > ..\dbupdate\reader.cpp
reader.h > ..\dbupdate\reader.h
sigHandler.h > ..\dbupdate\sigHandler.h
sigHandler.cpp > ..\dbupdate\sigHandler.cpp
transpose.cpp > ..\dbupdate\transpose.cpp
readlayout.cpp > ..\dbupdate\readlayout.cpp
readlayout.h > ..\dbupdate\readlayout.h
sigHandler.h > ..\dbupdate\sigHandler.h
sigHandler.cpp > ..\dbupdate\sigHandler.cpp
shuffle.cpp > ..\dbupdate\shuffle.cpp
readlayout.cpp > ..\dbupdate\readlayout.cpp
readlayout.h > ..\dbupdate\readlayout.h
sigHandler.h > ..\dbupdate\sigHandler.h
sigHandler.cpp > ..\dbupdate\sigHandler.cpp
inc.cpp > ..\dbupdate\inc.cpp
OSdump.h > ..\dbupdate\OSdump.h
OSdump.cpp > ..\dbupdate\OSdump.cpp
OSstring.cpp > ..\dbupdate\OSstring.cpp
OSstring.h > ..\dbupdate\OSstring.h
readlayout.cpp > ..\dbupdate\readlayout.cpp
readlayout.h > ..\dbupdate\readlayout.h
sigHandler.h > ..\dbupdate\sigHandler.h
sigHandler.cpp > ..\dbupdate\sigHandler.cpp
Vdht.h > ..\Vdht\Vdht.h
Vdht.cpp > ..\Vdht\Vdht.cpp
Vdht_VDirectory.h > ..\Vdht\Vdht_VDirectory.h
Vdht_VDirectory.cpp > ..\Vdht\Vdht_VDirectory.cpp
Vdht_VHT.cpp > ..\Vdht\Vdht_VHT.cpp
Vdht_VHT.h > ..\Vdht\Vdht_VHT.h
Vps.h > ..\kernel\Vps.h
Vps.cpp > ..\kernel\Vps.cpp
Vps_IMessage.cpp > ..\kernel\Vps_IMessage.cpp
Vps_IMessage.h > ..\kernel\Vps_IMessage.h
Vps_IMessageSink.h > ..\kernel\Vps_IMessageSink.h
Vps_IMessageSink.cpp > ..\kernel\Vps_IMessageSink.cpp
Vps_IPublication.cpp > ..\kernel\Vps_IPublication.cpp
Vps_IPublication.h > ..\kernel\Vps_IPublication.h
Vps_ISubscription.cpp > ..\kernel\Vps_ISubscription.cpp
Vps_ISubscription.h > ..\kernel\Vps_ISubscription.h
Vps_IWatermarkablePublication.cpp > ..\kernel\Vps_IWatermarkablePublication.cpp
Vps_IWatermarkablePublication.h > ..\kernel\Vps_IWatermarkablePublication.h
Vps_IWatermarkedDataSink.h > ..\kernel\Vps_IWatermarkedDataSink.h
Vps_IWatermarkedDataSink.cpp > ..\kernel\Vps_IWatermarkedDataSink.cpp
Vps_VPublication.cpp > ..\kernel\Vps_VPublication.cpp
Vps_VPublication.h > ..\kernel\Vps_VPublication.h
Vps_VRegistrar.h > ..\kernel\Vps_VRegistrar.h
Vps_VRegistrar.cpp > ..\kernel\Vps_VRegistrar.cpp
Vps_VRelayPublication.cpp > ..\kernel\Vps_VRelayPublication.cpp
Vps_VRelayPublication.h > ..\kernel\Vps_VRelayPublication.h
Vps_VRelayPublicationDirectory.cpp > ..\kernel\Vps_VRelayPublicationDirectory.cpp
Vps_VRelayPublicationDirectory.h > ..\kernel\Vps_VRelayPublicationDirectory.h
Vsa_VPoolApplication.h > ..\kernel\Vsa_VPoolApplication.h
Vsa_VPoolApplication.cpp > ..\kernel\Vsa_VPoolApplication.cpp
vca_sample_distribution_server.cpp > ..\vca_sample_distribution_server\vca_sample_distribution_server.cpp
adler32.c > ..\VUtilities\adler32.c
compress.c > ..\VUtilities\compress.c
crc32.c > ..\VUtilities\crc32.c
deflate.c > ..\VUtilities\deflate.c
deflate.h > ..\VUtilities\deflate.h
example.c > ..\VUtilities\example.c
gzio.c > ..\VUtilities\gzio.c
infblock.c > ..\VUtilities\infblock.c
infblock.h > ..\VUtilities\infblock.h
infcodes.c > ..\VUtilities\infcodes.c
infcodes.h > ..\VUtilities\infcodes.h
inffast.h > ..\VUtilities\inffast.h
inffast.c > ..\VUtilities\inffast.c
inflate.c > ..\VUtilities\inflate.c
inftrees.h > ..\VUtilities\inftrees.h
inftrees.c > ..\VUtilities\inftrees.c
infutil.h > ..\VUtilities\infutil.h
infutil.c > ..\VUtilities\infutil.c
trees.c > ..\VUtilities\trees.c
trees.h > ..\VUtilities\trees.h
uncompr.c > ..\VUtilities\uncompr.c
VUtilities.cpp > ..\kernel\VUtilities.cpp
VUtilities.h > ..\kernel\VUtilities.h
VUtilities_ZlibCompressor.cpp > ..\kernel\VUtilities_ZlibCompressor.cpp
VUtilities_ZlibCompressor.h > ..\kernel\VUtilities_ZlibCompressor.h
VUtilities_ZlibDecompressor.cpp > ..\kernel\VUtilities_ZlibDecompressor.cpp
VUtilities_ZlibDecompressor.h > ..\kernel\VUtilities_ZlibDecompressor.h
showsizes.cpp > ..\backend\showsizes.cpp
dbconvert.cpp > ..\backend\dbconvert.cpp
VkEvent.cpp > ..\kernel\VkEvent.cpp
VkEvent.h > ..\kernel\VkEvent.h
VkMessage.cpp > ..\kernel\VkMessage.cpp
VkMessage.h > ..\kernel\VkMessage.h
VkStream.h > ..\kernel\VkStream.h
VkStream.cpp > ..\kernel\VkStream.cpp
VkStreamAgent.h > ..\kernel\VkStreamAgent.h
VkStreamAgent.cpp > ..\kernel\VkStreamAgent.cpp
IOMDriver.h > ..\backend\IOMDriver.h
IOMDriver.cpp > ..\backend\IOMDriver.cpp
IOMFile.cpp > ..\backend\IOMFile.cpp
IOMFile.h > ..\backend\IOMFile.h
IOMService.cpp > ..\backend\IOMService.cpp
IOMService.h > ..\backend\IOMService.h
IOMStream.h > ..\backend\IOMStream.h
IOMStream.cpp > ..\backend\IOMStream.cpp
M_AND.cpp > ..\backend\M_AND.cpp
M_AND.h > ..\backend\M_AND.h
M_ASD.h > ..\backend\M_ASD.h
M_ASD.cpp > ..\backend\M_ASD.cpp
M_CPD.h > ..\backend\M_CPD.h
M_CPD.cpp > ..\backend\M_CPD.cpp
M_KnownObjectTable.h > ..\backend\M_KnownObjectTable.h
M_KnownObjectTable.cpp > ..\backend\M_KnownObjectTable.cpp
PFalist.cpp > ..\backend\PFalist.cpp
PFalist.h > ..\backend\PFalist.h
PFdate.cpp > ..\backend\PFdate.cpp
PFdate.h > ..\backend\PFdate.h
PFdebug.h > ..\backend\PFdebug.h
PFdebug.cpp > ..\backend\PFdebug.cpp
PFdictionary.cpp > ..\backend\PFdictionary.cpp
PFdictionary.h > ..\backend\PFdictionary.h
PFfault.h > ..\backend\PFfault.h
PFfault.cpp > ..\backend\PFfault.cpp
PFidentity.h > ..\backend\PFidentity.h
PFidentity.cpp > ..\backend\PFidentity.cpp
PFlist.cpp > ..\backend\PFlist.cpp
PFlist.h > ..\backend\PFlist.h
PFnumeric.h > ..\backend\PFnumeric.h
PFnumeric.cpp > ..\backend\PFnumeric.cpp
PFprint.cpp > ..\backend\PFprint.cpp
PFprint.h > ..\backend\PFprint.h
PFrun.h > ..\backend\PFrun.h
PFrun.cpp > ..\backend\PFrun.cpp
PFstats.cpp > ..\backend\PFstats.cpp
PFstats.h > ..\backend\PFstats.h
PFstring.cpp > ..\backend\PFstring.cpp
PFstring.h > ..\backend\PFstring.h
PFts.cpp > ..\backend\PFts.cpp
PFts.h > ..\backend\PFts.h
PFutil.cpp > ..\backend\PFutil.cpp
PFutil.h > ..\backend\PFutil.h
PS_AND.h > ..\backend\PS_AND.h
PS_AND.cpp > ..\backend\PS_AND.cpp
PS_ASD.cpp > ..\backend\PS_ASD.cpp
PS_ASD.h > ..\backend\PS_ASD.h
RTblock.cpp > ..\backend\RTblock.cpp
RTblock.h > ..\backend\RTblock.h
RTcharuv.cpp > ..\backend\RTcharuv.cpp
RTcharuv.h > ..\backend\RTcharuv.h
RTclosure.cpp > ..\backend\RTclosure.cpp
RTclosure.h > ..\backend\RTclosure.h
RTcontext.h > ..\backend\RTcontext.h
RTcontext.cpp > ..\backend\RTcontext.cpp
RTdictionary.h > ..\backend\RTdictionary.h
RTdictionary.cpp > ..\backend\RTdictionary.cpp
RTdoubleuv.cpp > ..\backend\RTdoubleuv.cpp
RTdoubleuv.h > ..\backend\RTdoubleuv.h
RTdsc.cpp > ..\backend\RTdsc.cpp
RTdsc.h > ..\backend\RTdsc.h
RTfloatuv.h > ..\backend\RTfloatuv.h
RTfloatuv.cpp > ..\backend\RTfloatuv.cpp
RTindex.cpp > ..\backend\RTindex.cpp
RTindex.h > ..\backend\RTindex.h
RTintuv.h > ..\backend\RTintuv.h
RTintuv.cpp > ..\backend\RTintuv.cpp
RTlink.h > ..\backend\RTlink.h
RTlink.cpp > ..\backend\RTlink.cpp
RTlstore.cpp > ..\backend\RTlstore.cpp
RTlstore.h > ..\backend\RTlstore.h
RTmethod.cpp > ..\backend\RTmethod.cpp
RTmethod.h > ..\backend\RTmethod.h
RTparray.h > ..\backend\RTparray.h
RTparray.cpp > ..\backend\RTparray.cpp
RTpct.cpp > ..\backend\RTpct.cpp
RTpct.h > ..\backend\RTpct.h
RTptoken.h > ..\backend\RTptoken.h
RTptoken.cpp > ..\backend\RTptoken.cpp
RTrefuv.h > ..\backend\RTrefuv.h
RTrefuv.cpp > ..\backend\RTrefuv.cpp
RTseluv.h > ..\backend\RTseluv.h
RTseluv.cpp > ..\backend\RTseluv.cpp
RTstring.cpp > ..\backend\RTstring.cpp
RTstring.h > ..\backend\RTstring.h
RTtct.cpp > ..\backend\RTtct.cpp
RTtct.h > ..\backend\RTtct.h
RTu128uv.cpp > ..\backend\RTu128uv.cpp
RTu128uv.h > ..\backend\RTu128uv.h
RTu64uv.cpp > ..\backend\RTu64uv.cpp
RTu64uv.h > ..\backend\RTu64uv.h
RTu96uv.h > ..\backend\RTu96uv.h
RTu96uv.cpp > ..\backend\RTu96uv.cpp
RTundef.cpp > ..\backend\RTundef.cpp
RTundef.h > ..\backend\RTundef.h
RTundefuv.cpp > ..\backend\RTundefuv.cpp
RTundefuv.h > ..\backend\RTundefuv.h
RTvector.cpp > ..\backend\RTvector.cpp
RTvector.h > ..\backend\RTvector.h
RTvstore.cpp > ..\backend\RTvstore.cpp
RTvstore.h > ..\backend\RTvstore.h
VAssociativeCursor.h > ..\backend\VAssociativeCursor.h
VAssociativeCursor.cpp > ..\backend\VAssociativeCursor.cpp
VAssociativeResult.cpp > ..\backend\VAssociativeResult.cpp
VAssociativeResult.h > ..\backend\VAssociativeResult.h
VBenderenceable.h > ..\backend\VBenderenceable.h
VBenderenceable.cpp > ..\backend\VBenderenceable.cpp
VBlockTask.h > ..\backend\VBlockTask.h
VBlockTask.cpp > ..\backend\VBlockTask.cpp
VBoundCall.cpp > ..\backend\VBoundCall.cpp
VBoundCall.h > ..\backend\VBoundCall.h
VByteCodeDescriptor.h > ..\backend\VByteCodeDescriptor.h
VByteCodeDescriptor.cpp > ..\backend\VByteCodeDescriptor.cpp
VByteCodeScanner.h > ..\backend\VByteCodeScanner.h
VByteCodeScanner.cpp > ..\backend\VByteCodeScanner.cpp
VCPDReference.h > ..\backend\VCPDReference.h
VCPDReference.cpp > ..\backend\VCPDReference.cpp
VCachedArray.cpp > ..\backend\VCachedArray.cpp
VCachedArray.h > ..\backend\VCachedArray.h
VCall.cpp > ..\backend\VCall.cpp
VCall.h > ..\backend\VCall.h
VChannelController.cpp > ..\backend\VChannelController.cpp
VChannelController.h > ..\backend\VChannelController.h
VCodeDescriptor.cpp > ..\backend\VCodeDescriptor.cpp
VCodeDescriptor.h > ..\backend\VCodeDescriptor.h
VCodeTable.h > ..\backend\VCodeTable.h
VCodeTable.cpp > ..\backend\VCodeTable.cpp
VCollection.cpp > ..\backend\VCollection.cpp
VCollection.h > ..\backend\VCollection.h
VCollectionOf.h > ..\backend\VCollectionOf.h
VCollectionOf.cpp > ..\backend\VCollectionOf.cpp
VCollectionOfOrderables.cpp > ..\backend\VCollectionOfOrderables.cpp
VCollectionOfOrderables.h > ..\backend\VCollectionOfOrderables.h
VCollectionOfStrings.cpp > ..\backend\VCollectionOfStrings.cpp
VCollectionOfStrings.h > ..\backend\VCollectionOfStrings.h
VComputationScheduler.cpp > ..\backend\VComputationScheduler.cpp
VComputationScheduler.h > ..\backend\VComputationScheduler.h
VComputationUnit.cpp > ..\backend\VComputationUnit.cpp
VComputationUnit.h > ..\backend\VComputationUnit.h
VConstructor.h > ..\backend\VConstructor.h
VConstructor.cpp > ..\backend\VConstructor.cpp
VContainerHandle.h > ..\backend\VContainerHandle.h
VContainerHandle.cpp > ..\backend\VContainerHandle.cpp
VControlPoint.h > ..\backend\VControlPoint.h
VControlPoint.cpp > ..\backend\VControlPoint.cpp
VControlPointSubscription.cpp > ..\backend\VControlPointSubscription.cpp
VControlPointSubscription.h > ..\backend\VControlPointSubscription.h
VDatabase.cpp > ..\network\VDatabase.cpp
VDatabase.h > ..\network\VDatabase.h
VDatabaseActivation.cpp > ..\network\VDatabaseActivation.cpp
VDatabaseActivation.h > ..\network\VDatabaseActivation.h
VDatabaseComponent.cpp > ..\network\VDatabaseComponent.cpp
VDatabaseComponent.h > ..\network\VDatabaseComponent.h
VDatabaseFederator.h > ..\network\VDatabaseFederator.h
VDatabaseFederator.cpp > ..\network\VDatabaseFederator.cpp
VDatabaseFederatorForBatchvision.h > ..\backend\VDatabaseFederatorForBatchvision.h
VDatabaseFederatorForBatchvision.cpp > ..\backend\VDatabaseFederatorForBatchvision.cpp
VDatabaseNDF.h > ..\network\VDatabaseNDF.h
VDatabaseNDF.cpp > ..\network\VDatabaseNDF.cpp
VDatabaseRoot.h > ..\network\VDatabaseRoot.h
VDatabaseRoot.cpp > ..\network\VDatabaseRoot.cpp
VDescriptor.h > ..\backend\VDescriptor.h
VDescriptor.cpp > ..\backend\VDescriptor.cpp
VExternalGroundStore.h > ..\backend\VExternalGroundStore.h
VExternalGroundStore.cpp > ..\backend\VExternalGroundStore.cpp
VEvaluationCall.h > ..\backend\VEvaluationCall.h
VEvaluationCall.cpp > ..\backend\VEvaluationCall.cpp
VEvaluatorPump.h > ..\backend\VEvaluatorPump.h
VEvaluatorPump.cpp > ..\backend\VEvaluatorPump.cpp
VInternalGroundStore.h > ..\backend\VInternalGroundStore.h
VInternalGroundStore.cpp > ..\backend\VInternalGroundStore.cpp
VFragment.cpp > ..\backend\VFragment.cpp
VFragment.h > ..\backend\VFragment.h
VFragmentation.cpp > ..\backend\VFragmentation.cpp
VFragmentation.h > ..\backend\VFragmentation.h
VGroundStore.cpp > ..\backend\VGroundStore.cpp
VGroundStore.h > ..\backend\VGroundStore.h
VGuardedDoubleGenerator.h > ..\backend\VGuardedDoubleGenerator.h
VGuardedDoubleGenerator.cpp > ..\backend\VGuardedDoubleGenerator.cpp
VListEnumerationController.cpp > ..\backend\VListEnumerationController.cpp
VListEnumerationController.h > ..\backend\VListEnumerationController.h
VMagicWordDescriptor.h > ..\backend\VMagicWordDescriptor.h
VMagicWordDescriptor.cpp > ..\backend\VMagicWordDescriptor.cpp
VMutex.h > ..\backend\VMutex.h
VMutex.cpp > ..\backend\VMutex.cpp
VMutexClaim.h > ..\backend\VMutexClaim.h
VMutexClaim.cpp > ..\backend\VMutexClaim.cpp
VMutexController.h > ..\backend\VMutexController.h
VMutexController.cpp > ..\backend\VMutexController.cpp
VMutexGrant.cpp > ..\backend\VMutexGrant.cpp
VMutexGrant.h > ..\backend\VMutexGrant.h
VNumericBinary.cpp > ..\backend\VNumericBinary.cpp
VNumericBinary.h > ..\backend\VNumericBinary.h
VOrdered.h > ..\backend\VOrdered.h
VOrdered.cpp > ..\backend\VOrdered.cpp
VPrimaryCall.h > ..\backend\VPrimaryCall.h
VPrimaryCall.cpp > ..\backend\VPrimaryCall.cpp
VPrimitiveTask.cpp > ..\backend\VPrimitiveTask.cpp
VPrimitiveTask.h > ..\backend\VPrimitiveTask.h
VPrimitiveTaskController.cpp > ..\backend\VPrimitiveTaskController.cpp
VPrimitiveTaskController.h > ..\backend\VPrimitiveTaskController.h
VReadEvalPrint.cpp > ..\backend\VReadEvalPrint.cpp
VReadEvalPrint.h > ..\backend\VReadEvalPrint.h
VReferenceableMonotype.cpp > ..\backend\VReferenceableMonotype.cpp
VReferenceableMonotype.h > ..\backend\VReferenceableMonotype.h
VSNFTask.h > ..\backend\VSNFTask.h
VSNFTask.cpp > ..\backend\VSNFTask.cpp
VSNFTaskHolder.h > ..\backend\VSNFTaskHolder.h
VSNFTaskHolder.cpp > ..\backend\VSNFTaskHolder.cpp
VSNFTaskParameters.h > ..\backend\VSNFTaskParameters.h
VSNFTaskParameters.cpp > ..\backend\VSNFTaskParameters.cpp
VSecondaryCall.cpp > ..\backend\VSecondaryCall.cpp
VSecondaryCall.h > ..\backend\VSecondaryCall.h
VSelector.h > ..\backend\VSelector.h
VSelector.cpp > ..\backend\VSelector.cpp
VSet.h > ..\backend\VSet.h
VSet.cpp > ..\backend\VSet.cpp
VSorter.h > ..\backend\VSorter.h
VSorter.cpp > ..\backend\VSorter.cpp
VSuspension.cpp > ..\backend\VSuspension.cpp
VSuspension.h > ..\backend\VSuspension.h
VSymbol.cpp > ..\backend\VSymbol.cpp
VSymbol.h > ..\backend\VSymbol.h
VSymbolBinding.cpp > ..\backend\VSymbolBinding.cpp
VSymbolBinding.h > ..\backend\VSymbolBinding.h
VSymbolImplementation.h > ..\backend\VSymbolImplementation.h
VSymbolImplementation.cpp > ..\backend\VSymbolImplementation.cpp
VSymbolSpace.cpp > ..\backend\VSymbolSpace.cpp
VSymbolSpace.h > ..\backend\VSymbolSpace.h
VTask.h > ..\backend\VTask.h
VTask.cpp > ..\backend\VTask.cpp
VTaskDomain.cpp > ..\backend\VTaskDomain.cpp
VTaskDomain.h > ..\backend\VTaskDomain.h
VTaskDomainedStore.cpp > ..\backend\VTaskDomainedStore.cpp
VTaskDomainedStore.h > ..\backend\VTaskDomainedStore.h
VTopTask.cpp > ..\backend\VTopTask.cpp
VTopTask.h > ..\backend\VTopTask.h
VTopTaskBase.cpp > ..\backend\VTopTaskBase.cpp
VTopTaskBase.h > ..\backend\VTopTaskBase.h
VTransientServicesForBatchvision.h > ..\backend\VTransientServicesForBatchvision.h
VTransientServicesForBatchvision.cpp > ..\backend\VTransientServicesForBatchvision.cpp
VUtilityCall.cpp > ..\backend\VUtilityCall.cpp
VUtilityCall.h > ..\backend\VUtilityCall.h
VUtilityTask.h > ..\backend\VUtilityTask.h
VUtilityTask.cpp > ..\backend\VUtilityTask.cpp
VWhileTrueController.h > ..\backend\VWhileTrueController.h
VWhileTrueController.cpp > ..\backend\VWhileTrueController.cpp
VfDeleteGenerator.cpp > ..\backend\VfDeleteGenerator.cpp
VfDeleteGenerator.h > ..\backend\VfDeleteGenerator.h
VfDistributionGenerator.cpp > ..\backend\VfDistributionGenerator.cpp
VfDistributionGenerator.h > ..\backend\VfDistributionGenerator.h
VfGuardTool.h > ..\backend\VfGuardTool.h
VfGuardTool.cpp > ..\backend\VfGuardTool.cpp
VfLocateGenerator.cpp > ..\backend\VfLocateGenerator.cpp
VfLocateGenerator.h > ..\backend\VfLocateGenerator.h
VfLocateOrAddGenerator.h > ..\backend\VfLocateOrAddGenerator.h
VfLocateOrAddGenerator.cpp > ..\backend\VfLocateOrAddGenerator.cpp
VkLicense.h > ..\kernel\VkLicense.h
VkLicense.cpp > ..\kernel\VkLicense.cpp
VkRadixListSorter.h > ..\kernel\VkRadixListSorter.h
VkRadixListSorter.cpp > ..\kernel\VkRadixListSorter.cpp
batchvision.cpp > ..\backend\batchvision.cpp
batchvision.h > ..\backend\batchvision.h
iom.cpp > ..\backend\iom.cpp
iom.h > ..\backend\iom.h
lio.cpp > ..\backend\lio.cpp
lio.h > ..\backend\lio.h
m.cpp > ..\backend\m.cpp
m.h > ..\backend\m.h
popvector.cpp > ..\backend\popvector.cpp
popvector.h > ..\backend\popvector.h
ps.h > ..\backend\ps.h
ps.cpp > ..\backend\ps.cpp
rslang.cpp > ..\backend\rslang.cpp
rslang.h > ..\backend\rslang.h
rtype.cpp > ..\backend\rtype.cpp
rtype.h > ..\backend\rtype.h
selector.cpp > ..\backend\selector.cpp
selector.h > ..\backend\selector.h
ts.h > ..\backend\ts.h
ts.cpp > ..\backend\ts.cpp
uvector.h > ..\backend\uvector.h
uvector.cpp > ..\backend\uvector.cpp
vdates.cpp > ..\backend\vdates.cpp
vdates.h > ..\backend\vdates.h
vdbupdate.cpp > ..\backend\vdbupdate.cpp
vdbupdate.h > ..\backend\vdbupdate.h
vdebug.cpp > ..\backend\vdebug.cpp
vdebug.h > ..\backend\vdebug.h
vdsc.cpp > ..\backend\vdsc.cpp
vdsc.h > ..\backend\vdsc.h
venvir.cpp > ..\backend\venvir.cpp
venvir.h > ..\backend\venvir.h
verr.h > ..\backend\verr.h
verr.cpp > ..\backend\verr.cpp
verrdef.h > ..\backend\verrdef.h
verrdef.cpp > ..\backend\verrdef.cpp
vfac.h > ..\backend\vfac.h
vfac.cpp > ..\backend\vfac.cpp
vfault.cpp > ..\backend\vfault.cpp
vfault.h > ..\backend\vfault.h
viobj.h > ..\backend\viobj.h
viobj.cpp > ..\backend\viobj.cpp
vmagic.cpp > ..\backend\vmagic.cpp
vmagic.h > ..\backend\vmagic.h
vprimfns.h > ..\backend\vprimfns.h
vprimfns.cpp > ..\backend\vprimfns.cpp
vsignal.cpp > ..\backend\vsignal.cpp
vsignal.h > ..\backend\vsignal.h
vstdio.cpp > ..\backend\vstdio.cpp
vstdio.h > ..\backend\vstdio.h
vunwind.cpp > ..\backend\vunwind.cpp
vunwind.h > ..\backend\vunwind.h
vutil.h > ..\backend\vutil.h
vutil.cpp > ..\backend\vutil.cpp
vmachine.cpp > ..\backend\vmachine.cpp
vmachine.h > ..\backend\vmachine.h
Vsa.cpp > ..\kernel\Vsa.cpp
Vsa.h > ..\kernel\Vsa.h
Vsa_IEvaluation.cpp > ..\kernel\Vsa_IEvaluation.cpp
Vsa_IEvaluation.h > ..\kernel\Vsa_IEvaluation.h
Vsa_IEvaluationResult.cpp > ..\kernel\Vsa_IEvaluationResult.cpp
Vsa_IEvaluationResult.h > ..\kernel\Vsa_IEvaluationResult.h
Vsa_IEvaluator.h > ..\kernel\Vsa_IEvaluator.h
Vsa_IEvaluator.cpp > ..\kernel\Vsa_IEvaluator.cpp
Vsa_IEvaluatorClient.h > ..\kernel\Vsa_IEvaluatorClient.h
Vsa_IEvaluatorClient.cpp > ..\kernel\Vsa_IEvaluatorClient.cpp
Vsa_IEvaluatorClient_Gofers.h > ..\kernel\Vsa_IEvaluatorClient_Gofers.h
Vsa_IEvaluatorClient_Gofers.cpp > ..\kernel\Vsa_IEvaluatorClient_Gofers.cpp
Vsa_IEvaluatorControl.h > ..\kernel\Vsa_IEvaluatorControl.h
Vsa_IEvaluatorControl.cpp > ..\kernel\Vsa_IEvaluatorControl.cpp
Vsa_IEvaluatorPool.h > ..\kernel\Vsa_IEvaluatorPool.h
Vsa_IEvaluatorPool.cpp > ..\kernel\Vsa_IEvaluatorPool.cpp
Vsa_IEvaluatorPool_Ex1.h > ..\kernel\Vsa_IEvaluatorPool_Ex1.h
Vsa_IEvaluatorPool_Ex1.cpp > ..\kernel\Vsa_IEvaluatorPool_Ex1.cpp
Vsa_IEvaluatorPool_Ex2.h > ..\kernel\Vsa_IEvaluatorPool_Ex2.h
Vsa_IEvaluatorPool_Ex2.cpp > ..\kernel\Vsa_IEvaluatorPool_Ex2.cpp
Vsa_IEvaluatorPool_Ex3.cpp > ..\kernel\Vsa_IEvaluatorPool_Ex3.cpp
Vsa_IEvaluatorPool_Ex3.h > ..\kernel\Vsa_IEvaluatorPool_Ex3.h
Vsa_IEvaluatorPool_Ex4.h > ..\kernel\Vsa_IEvaluatorPool_Ex4.h
Vsa_IEvaluatorPool_Ex4.cpp > ..\kernel\Vsa_IEvaluatorPool_Ex4.cpp
Vsa_IEvaluatorPoolSettings.h > ..\kernel\Vsa_IEvaluatorPoolSettings.h
Vsa_IEvaluatorPoolSettings.cpp > ..\kernel\Vsa_IEvaluatorPoolSettings.cpp
Vsa_IEvaluatorPoolSettings_Ex1.cpp > ..\kernel\Vsa_IEvaluatorPoolSettings_Ex1.cpp
Vsa_IEvaluatorPoolSettings_Ex1.h > ..\kernel\Vsa_IEvaluatorPoolSettings_Ex1.h
Vsa_IEvaluatorPoolSettings_Ex2.h > ..\kernel\Vsa_IEvaluatorPoolSettings_Ex2.h
Vsa_IEvaluatorPoolSettings_Ex2.cpp > ..\kernel\Vsa_IEvaluatorPoolSettings_Ex2.cpp
Vsa_IEvaluatorPoolSettings_Ex3.h > ..\kernel\Vsa_IEvaluatorPoolSettings_Ex3.h
Vsa_IEvaluatorPoolSettings_Ex3.cpp > ..\kernel\Vsa_IEvaluatorPoolSettings_Ex3.cpp
Vsa_IEvaluatorPoolSettings_Ex4.cpp > ..\kernel\Vsa_IEvaluatorPoolSettings_Ex4.cpp
Vsa_IEvaluatorPoolSettings_Ex4.h > ..\kernel\Vsa_IEvaluatorPoolSettings_Ex4.h
Vsa_IEvaluatorPoolSettings_Ex5.h > ..\kernel\Vsa_IEvaluatorPoolSettings_Ex5.h
Vsa_IEvaluatorPoolSettings_Ex5.cpp > ..\kernel\Vsa_IEvaluatorPoolSettings_Ex5.cpp
Vsa_IEvaluatorPoolSettings_Ex6.h > ..\kernel\Vsa_IEvaluatorPoolSettings_Ex6.h
Vsa_IEvaluatorPoolSettings_Ex6.cpp > ..\kernel\Vsa_IEvaluatorPoolSettings_Ex6.cpp
Vsa_IEvaluatorPoolSettings_Ex7.cpp > ..\kernel\Vsa_IEvaluatorPoolSettings_Ex7.cpp
Vsa_IEvaluatorPoolSettings_Ex7.h > ..\kernel\Vsa_IEvaluatorPoolSettings_Ex7.h
Vsa_IEvaluatorPump.h > ..\kernel\Vsa_IEvaluatorPump.h
Vsa_IEvaluatorPump.cpp > ..\kernel\Vsa_IEvaluatorPump.cpp
Vsa_IEvaluatorPumpSettings.h > ..\kernel\Vsa_IEvaluatorPumpSettings.h
Vsa_IEvaluatorPumpSettings.cpp > ..\kernel\Vsa_IEvaluatorPumpSettings.cpp
Vsa_IEvaluatorSettings.h > ..\kernel\Vsa_IEvaluatorSettings.h
Vsa_IEvaluatorSettings.cpp > ..\kernel\Vsa_IEvaluatorSettings.cpp
Vsa_IEvaluatorSourceControl.h > ..\kernel\Vsa_IEvaluatorSourceControl.h
Vsa_IEvaluatorSourceControl.cpp > ..\kernel\Vsa_IEvaluatorSourceControl.cpp
Vsa_IPoolApplication.h > ..\kernel\Vsa_IPoolApplication.h
Vsa_IPoolApplication.cpp > ..\kernel\Vsa_IPoolApplication.cpp
Vsa_IPoolApplication_Ex1.cpp > ..\kernel\Vsa_IPoolApplication_Ex1.cpp
Vsa_IPoolApplication_Ex1.h > ..\kernel\Vsa_IPoolApplication_Ex1.h
Vsa_IPoolApplication_Ex2.h > ..\kernel\Vsa_IPoolApplication_Ex2.h
Vsa_IPoolApplication_Ex2.cpp > ..\kernel\Vsa_IPoolApplication_Ex2.cpp
Vsa_IPoolEvaluation.h > ..\kernel\Vsa_IPoolEvaluation.h
Vsa_IPoolEvaluation.cpp > ..\kernel\Vsa_IPoolEvaluation.cpp
Vsa_IPoolEvaluation_Ex1.cpp > ..\kernel\Vsa_IPoolEvaluation_Ex1.cpp
Vsa_IPoolEvaluation_Ex1.h > ..\kernel\Vsa_IPoolEvaluation_Ex1.h
Vsa_IPoolWorker.cpp > ..\kernel\Vsa_IPoolWorker.cpp
Vsa_IPoolWorker.h > ..\kernel\Vsa_IPoolWorker.h
Vsa_ISubscription.h > ..\kernel\Vsa_ISubscription.h
Vsa_ISubscription.cpp > ..\kernel\Vsa_ISubscription.cpp
Vsa_IUpDownPublisher.cpp > ..\kernel\Vsa_IUpDownPublisher.cpp
Vsa_IUpDownPublisher.h > ..\kernel\Vsa_IUpDownPublisher.h
Vsa_IUpDownSubscriber.h > ..\kernel\Vsa_IUpDownSubscriber.h
Vsa_IUpDownSubscriber.cpp > ..\kernel\Vsa_IUpDownSubscriber.cpp
Vsa_VEvaluation.h > ..\kernel\Vsa_VEvaluation.h
Vsa_VEvaluation.cpp > ..\kernel\Vsa_VEvaluation.cpp
Vsa_VEvaluationResult.cpp > ..\kernel\Vsa_VEvaluationResult.cpp
Vsa_VEvaluationResult.h > ..\kernel\Vsa_VEvaluationResult.h
Vsa_VEvaluator.cpp > ..\kernel\Vsa_VEvaluator.cpp
Vsa_VEvaluator.h > ..\kernel\Vsa_VEvaluator.h
Vsa_VEvaluatorClient.h > ..\kernel\Vsa_VEvaluatorClient.h
Vsa_VEvaluatorClient.cpp > ..\kernel\Vsa_VEvaluatorClient.cpp
Vsa_VEvaluatorClientWaiter.h > ..\kernel\Vsa_VEvaluatorClientWaiter.h
Vsa_VEvaluatorClientWaiter.cpp > ..\kernel\Vsa_VEvaluatorClientWaiter.cpp
Vsa_VEvaluatorPool.h > ..\kernel\Vsa_VEvaluatorPool.h
Vsa_VEvaluatorPool.cpp > ..\kernel\Vsa_VEvaluatorPool.cpp
Vsa_VEvaluatorPump.h > ..\kernel\Vsa_VEvaluatorPump.h
Vsa_VEvaluatorPump.cpp > ..\kernel\Vsa_VEvaluatorPump.cpp
Vsa_VEvaluatorPumpSource.cpp > ..\kernel\Vsa_VEvaluatorPumpSource.cpp
Vsa_VEvaluatorPumpSource.h > ..\kernel\Vsa_VEvaluatorPumpSource.h
Vsa_VEvaluatorSource.cpp > ..\kernel\Vsa_VEvaluatorSource.cpp
Vsa_VEvaluatorSource.h > ..\kernel\Vsa_VEvaluatorSource.h
Vsa_VGenericEvaluation.cpp > ..\kernel\Vsa_VGenericEvaluation.cpp
Vsa_VGenericEvaluation.h > ..\kernel\Vsa_VGenericEvaluation.h
Vsa_VPathQuery.cpp > ..\kernel\Vsa_VPathQuery.cpp
Vsa_VPathQuery.h > ..\kernel\Vsa_VPathQuery.h
Vsa_VPoolBroadcast.cpp > ..\kernel\Vsa_VPoolBroadcast.cpp
Vsa_VPoolBroadcast.h > ..\kernel\Vsa_VPoolBroadcast.h
Vsa_VPoolBroadcastEvaluation.cpp > ..\kernel\Vsa_VPoolBroadcastEvaluation.cpp
Vsa_VPoolBroadcastEvaluation.h > ..\kernel\Vsa_VPoolBroadcastEvaluation.h
Vsa_VPoolEvaluation.h > ..\kernel\Vsa_VPoolEvaluation.h
Vsa_VPoolEvaluation.cpp > ..\kernel\Vsa_VPoolEvaluation.cpp
Vsa_VPoolWorker.cpp > ..\kernel\Vsa_VPoolWorker.cpp
Vsa_VPoolWorker.h > ..\kernel\Vsa_VPoolWorker.h
Vsa_VPoolWorkerGeneration.cpp > ..\kernel\Vsa_VPoolWorkerGeneration.cpp
Vsa_VPoolWorkerGeneration.h > ..\kernel\Vsa_VPoolWorkerGeneration.h
Vsa_VRequestMaker.cpp > ..\kernel\Vsa_VRequestMaker.cpp
Vsa_VRequestMaker.h > ..\kernel\Vsa_VRequestMaker.h
Vsa_VsaDirectoryBuilder.cpp > ..\kernel\Vsa_VsaDirectoryBuilder.cpp
Vsa_VsaDirectoryBuilder.h > ..\kernel\Vsa_VsaDirectoryBuilder.h
Vsa_VSmartEvaluatorSource.cpp > ..\kernel\Vsa_VSmartEvaluatorSource.cpp
Vsa_VSmartEvaluatorSource.h > ..\kernel\Vsa_VSmartEvaluatorSource.h
Vca_VProxyApp.cpp > ..\kernel\Vca_VProxyApp.cpp
Vca_VProxyApp.h > ..\kernel\Vca_VProxyApp.h
VsaPrompt.cpp > ..\kernel\VsaPrompt.cpp
VsaPrompt.h > ..\kernel\VsaPrompt.h
Vsa_VPrompt.cpp > ..\kernel\Vsa_VPrompt.cpp
Vsa_VPrompt.h > ..\kernel\Vsa_VPrompt.h
Vxa.cpp > ..\kernel\Vxa.cpp
Vxa.h > ..\kernel\Vxa.h
Vxa_ICaller.cpp > ..\kernel\Vxa_ICaller.cpp
Vxa_ICaller.h > ..\kernel\Vxa_ICaller.h
Vxa_ICollection.h > ..\kernel\Vxa_ICollection.h
Vxa_ICollection.cpp > ..\kernel\Vxa_ICollection.cpp
Vxa_INumericSink.h > ..\kernel\Vxa_INumericSink.h
Vxa_INumericSink.cpp > ..\kernel\Vxa_INumericSink.cpp
Vxa_ISingleton.cpp > ..\kernel\Vxa_ISingleton.cpp
Vxa_ISingleton.h > ..\kernel\Vxa_ISingleton.h
Vxa_IVSNFTaskHolder.cpp > ..\kernel\Vxa_IVSNFTaskHolder.cpp
Vxa_IVSNFTaskHolder.h > ..\kernel\Vxa_IVSNFTaskHolder.h
Vxa_IVSNFTaskHolder1.cpp > ..\kernel\Vxa_IVSNFTaskHolder1.cpp
Vxa_IVSNFTaskHolder1.h > ..\kernel\Vxa_IVSNFTaskHolder1.h
Vxa_IVSNFTaskHolder2.cpp > ..\kernel\Vxa_IVSNFTaskHolder2.cpp
Vxa_IVSNFTaskHolder2.h > ..\kernel\Vxa_IVSNFTaskHolder2.h
Vxa_IVSNFTaskImplementation.cpp > ..\kernel\Vxa_IVSNFTaskImplementation.cpp
Vxa_IVSNFTaskImplementation.h > ..\kernel\Vxa_IVSNFTaskImplementation.h
Vxa_IVSNFTaskImplementation2.h > ..\kernel\Vxa_IVSNFTaskImplementation2.h
Vxa_IVSNFTaskImplementation2.cpp > ..\kernel\Vxa_IVSNFTaskImplementation2.cpp
Vxa_IVSNFTaskImplementation3.h > ..\kernel\Vxa_IVSNFTaskImplementation3.h
Vxa_IVSNFTaskImplementation3.cpp > ..\kernel\Vxa_IVSNFTaskImplementation3.cpp
Vxa_IVSNFTaskImplementation3NC.cpp > ..\kernel\Vxa_IVSNFTaskImplementation3NC.cpp
Vxa_IVSNFTaskImplementation3NC.h > ..\kernel\Vxa_IVSNFTaskImplementation3NC.h
Vxa_VCLF.h > ..\kernel\Vxa_VCLF.h
Vxa_VCLF.cpp > ..\kernel\Vxa_VCLF.cpp
Vxa_VCallAgent.h > ..\kernel\Vxa_VCallAgent.h
Vxa_VCallAgent.cpp > ..\kernel\Vxa_VCallAgent.cpp
Vxa_VCallData.h > ..\kernel\Vxa_VCallData.h
Vxa_VCallData.cpp > ..\kernel\Vxa_VCallData.cpp
Vxa_VCallHandle.h > ..\kernel\Vxa_VCallHandle.h
Vxa_VCallHandle.cpp > ..\kernel\Vxa_VCallHandle.cpp
Vxa_VCallType1.h > ..\kernel\Vxa_VCallType1.h
Vxa_VCallType1.cpp > ..\kernel\Vxa_VCallType1.cpp
Vxa_VCallType1Exporter.h > ..\kernel\Vxa_VCallType1Exporter.h
Vxa_VCallType1Exporter.cpp > ..\kernel\Vxa_VCallType1Exporter.cpp
Vxa_VCallType2.h > ..\kernel\Vxa_VCallType2.h
Vxa_VCallType2.cpp > ..\kernel\Vxa_VCallType2.cpp
Vxa_VCallType2Exporter.cpp > ..\kernel\Vxa_VCallType2Exporter.cpp
Vxa_VCallType2Exporter.h > ..\kernel\Vxa_VCallType2Exporter.h
Vxa_VCardinalityHints.h > ..\kernel\Vxa_VCardinalityHints.h
Vxa_VCardinalityHints.cpp > ..\kernel\Vxa_VCardinalityHints.cpp
Vxa_VClass.h > ..\kernel\Vxa_VClass.h
Vxa_VClass.cpp > ..\kernel\Vxa_VClass.cpp
Vxa_VCollectableCollection.h > ..\kernel\Vxa_VCollectableCollection.h
Vxa_VCollectableCollection.cpp > ..\kernel\Vxa_VCollectableCollection.cpp
Vxa_VCollectableObject.h > ..\kernel\Vxa_VCollectableObject.h
Vxa_VCollectableObject.cpp > ..\kernel\Vxa_VCollectableObject.cpp
Vxa_VCollection.h > ..\kernel\Vxa_VCollection.h
Vxa_VCollection.cpp > ..\kernel\Vxa_VCollection.cpp
Vxa_VCursor.h > ..\kernel\Vxa_VCursor.h
Vxa_VCursor.cpp > ..\kernel\Vxa_VCursor.cpp
Vxa_VError.cpp > ..\kernel\Vxa_VError.cpp
Vxa_VError.h > ..\kernel\Vxa_VError.h
Vxa_VExportable.h > ..\kernel\Vxa_VExportable.h
Vxa_VExportable.cpp > ..\kernel\Vxa_VExportable.cpp
Vxa_VExportableDatum.cpp > ..\kernel\Vxa_VExportableDatum.cpp
Vxa_VExportableDatum.h > ..\kernel\Vxa_VExportableDatum.h
Vxa_VFiniteSet.cpp > ..\kernel\Vxa_VFiniteSet.cpp
Vxa_VFiniteSet.h > ..\kernel\Vxa_VFiniteSet.h
Vxa_VImportable.cpp > ..\kernel\Vxa_VImportable.cpp
Vxa_VImportable.h > ..\kernel\Vxa_VImportable.h
Vxa_VInfiniteSet.cpp > ..\kernel\Vxa_VInfiniteSet.cpp
Vxa_VInfiniteSet.h > ..\kernel\Vxa_VInfiniteSet.h
Vxa_VMap.cpp > ..\kernel\Vxa_VMap.cpp
Vxa_VMap.h > ..\kernel\Vxa_VMap.h
Vxa_VMapMaker.h > ..\kernel\Vxa_VMapMaker.h
Vxa_VMapMaker.cpp > ..\kernel\Vxa_VMapMaker.cpp
Vxa_VMonotypeMap.h > ..\kernel\Vxa_VMonotypeMap.h
Vxa_VMonotypeMap.cpp > ..\kernel\Vxa_VMonotypeMap.cpp
Vxa_VMonotypeMapMaker.h > ..\kernel\Vxa_VMonotypeMapMaker.h
Vxa_VMonotypeMapMaker.cpp > ..\kernel\Vxa_VMonotypeMapMaker.cpp
Vxa_VMonotypeMapMakerFor.h > ..\kernel\Vxa_VMonotypeMapMakerFor.h
Vxa_VMonotypeMapMakerFor.cpp > ..\kernel\Vxa_VMonotypeMapMakerFor.cpp
Vxa_VMethod.h > ..\kernel\Vxa_VMethod.h
Vxa_VMethod.cpp > ..\kernel\Vxa_VMethod.cpp
Vxa_VPolytypeMap.cpp > ..\kernel\Vxa_VPolytypeMap.cpp
Vxa_VPolytypeMap.h > ..\kernel\Vxa_VPolytypeMap.h
Vxa_VPolytypeMapMaker.h > ..\kernel\Vxa_VPolytypeMapMaker.h
Vxa_VPolytypeMapMaker.cpp > ..\kernel\Vxa_VPolytypeMapMaker.cpp
Vxa_VResultBuilder.cpp > ..\kernel\Vxa_VResultBuilder.cpp
Vxa_VResultBuilder.h > ..\kernel\Vxa_VResultBuilder.h
Vxa_VRolePlayer.cpp > ..\kernel\Vxa_VRolePlayer.cpp
Vxa_VRolePlayer.h > ..\kernel\Vxa_VRolePlayer.h
Vxa_VSerializer2DynArray.cpp > ..\kernel\Vxa_VSerializer2DynArray.cpp
Vxa_VSerializer2DynArray.h > ..\kernel\Vxa_VSerializer2DynArray.h
Vxa_VSet.cpp > ..\kernel\Vxa_VSet.cpp
Vxa_VSet.h > ..\kernel\Vxa_VSet.h
Vxa_VTask.cpp > ..\kernel\Vxa_VTask.cpp
Vxa_VTask.h > ..\kernel\Vxa_VTask.h
Vxa_VTaskCursor.h > ..\kernel\Vxa_VTaskCursor.h
Vxa_VTaskCursor.cpp > ..\kernel\Vxa_VTaskCursor.cpp
Vxa_VType.h > ..\kernel\Vxa_VType.h
Vxa_VType.cpp > ..\kernel\Vxa_VType.cpp
vca_sample_distribution_client.cpp > ..\vca_sample_distribution_client\vca_sample_distribution_client.cpp
